{"numFailedTestSuites":1,"numFailedTests":16,"numPassedTestSuites":0,"numPassedTests":1,"numPendingTestSuites":0,"numPendingTests":0,"numRuntimeErrorTestSuites":0,"numTodoTests":0,"numTotalTestSuites":1,"numTotalTests":17,"openHandles":[],"snapshot":{"added":0,"didUpdate":false,"failure":false,"filesAdded":0,"filesRemoved":0,"filesRemovedList":[],"filesUnmatched":0,"filesUpdated":0,"matched":0,"total":0,"unchecked":0,"uncheckedKeysByFile":[],"unmatched":0,"updated":0},"startTime":1744754912017,"success":false,"testResults":[{"assertionResults":[{"ancestorTitles":["React Router DOM Mock Library"],"failureMessages":[],"fullName":"React Router DOM Mock Library exists as a module","location":null,"status":"passed","title":"exists as a module"},{"ancestorTitles":["PlaylistDetail Component"],"failureMessages":["TestingLibraryElementError: Unable to find an element with the text: /Loading playlist/i. This could be because the text is broken up by multiple elements. In this case, you can provide a function for your text matcher to make your matcher more flexible.\n\nIgnored nodes: comments, script, style\n\u001b[36m<body>\u001b[39m\n  \u001b[36m<div>\u001b[39m\n    \u001b[36m<div\u001b[39m\n      \u001b[33mdata-initialentries\u001b[39m=\u001b[32m\"/playlist/1\"\u001b[39m\n      \u001b[33mdata-testid\u001b[39m=\u001b[32m\"memory-router\"\u001b[39m\n    \u001b[36m/>\u001b[39m\n  \u001b[36m</div>\u001b[39m\n\u001b[36m</body>\u001b[39m\n    at Object.getElementError (/Users/josephwaugh/Desktop/ReactProjects/VibeFlo/client/node_modules/@testing-library/dom/dist/config.js:37:19)\n    at /Users/josephwaugh/Desktop/ReactProjects/VibeFlo/client/node_modules/@testing-library/dom/dist/query-helpers.js:76:38\n    at /Users/josephwaugh/Desktop/ReactProjects/VibeFlo/client/node_modules/@testing-library/dom/dist/query-helpers.js:52:17\n    at getByText (/Users/josephwaugh/Desktop/ReactProjects/VibeFlo/client/node_modules/@testing-library/dom/dist/query-helpers.js:95:19)\n    at Object.<anonymous> (/Users/josephwaugh/Desktop/ReactProjects/VibeFlo/client/src/__tests__/pages/PlaylistDetail.test.tsx:186:19)\n    at Promise.then.completed (/Users/josephwaugh/Desktop/ReactProjects/VibeFlo/client/node_modules/jest-circus/build/utils.js:391:28)\n    at new Promise (<anonymous>)\n    at callAsyncCircusFn (/Users/josephwaugh/Desktop/ReactProjects/VibeFlo/client/node_modules/jest-circus/build/utils.js:316:10)\n    at _callCircusTest (/Users/josephwaugh/Desktop/ReactProjects/VibeFlo/client/node_modules/jest-circus/build/run.js:218:40)\n    at _runTest (/Users/josephwaugh/Desktop/ReactProjects/VibeFlo/client/node_modules/jest-circus/build/run.js:155:3)\n    at _runTestsForDescribeBlock (/Users/josephwaugh/Desktop/ReactProjects/VibeFlo/client/node_modules/jest-circus/build/run.js:66:9)\n    at _runTestsForDescribeBlock (/Users/josephwaugh/Desktop/ReactProjects/VibeFlo/client/node_modules/jest-circus/build/run.js:60:9)\n    at run (/Users/josephwaugh/Desktop/ReactProjects/VibeFlo/client/node_modules/jest-circus/build/run.js:25:3)\n    at runAndTransformResultsToJestFormat (/Users/josephwaugh/Desktop/ReactProjects/VibeFlo/client/node_modules/jest-circus/build/legacy-code-todo-rewrite/jestAdapterInit.js:170:21)\n    at jestAdapter (/Users/josephwaugh/Desktop/ReactProjects/VibeFlo/client/node_modules/jest-circus/build/legacy-code-todo-rewrite/jestAdapter.js:82:19)\n    at runTestInternal (/Users/josephwaugh/Desktop/ReactProjects/VibeFlo/client/node_modules/jest-runner/build/runTest.js:389:16)\n    at runTest (/Users/josephwaugh/Desktop/ReactProjects/VibeFlo/client/node_modules/jest-runner/build/runTest.js:475:34)\n    at TestRunner.runTests (/Users/josephwaugh/Desktop/ReactProjects/VibeFlo/client/node_modules/jest-runner/build/index.js:101:12)\n    at TestScheduler.scheduleTests (/Users/josephwaugh/Desktop/ReactProjects/VibeFlo/client/node_modules/@jest/core/build/TestScheduler.js:333:13)\n    at runJest (/Users/josephwaugh/Desktop/ReactProjects/VibeFlo/client/node_modules/@jest/core/build/runJest.js:404:19)\n    at _run10000 (/Users/josephwaugh/Desktop/ReactProjects/VibeFlo/client/node_modules/@jest/core/build/cli/index.js:320:7)\n    at runCLI (/Users/josephwaugh/Desktop/ReactProjects/VibeFlo/client/node_modules/@jest/core/build/cli/index.js:173:3)\n    at Object.run (/Users/josephwaugh/Desktop/ReactProjects/VibeFlo/client/node_modules/jest-cli/build/cli/index.js:155:37)"],"fullName":"PlaylistDetail Component renders loading state initially","location":null,"status":"failed","title":"renders loading state initially"},{"ancestorTitles":["PlaylistDetail Component"],"failureMessages":["Error: Unable to find an element with the text: Login Page. This could be because the text is broken up by multiple elements. In this case, you can provide a function for your text matcher to make your matcher more flexible.\n\nIgnored nodes: comments, script, style\n\u001b[36m<body>\u001b[39m\n  \u001b[36m<div>\u001b[39m\n    \u001b[36m<div\u001b[39m\n      \u001b[33mdata-initialentries\u001b[39m=\u001b[32m\"/playlist/1\"\u001b[39m\n      \u001b[33mdata-testid\u001b[39m=\u001b[32m\"memory-router\"\u001b[39m\n    \u001b[36m/>\u001b[39m\n  \u001b[36m</div>\u001b[39m\n\u001b[36m</body>\u001b[39m\n    at waitForWrapper (/Users/josephwaugh/Desktop/ReactProjects/VibeFlo/client/node_modules/@testing-library/dom/dist/wait-for.js:163:27)\n    at Object.<anonymous> (/Users/josephwaugh/Desktop/ReactProjects/VibeFlo/client/src/__tests__/pages/PlaylistDetail.test.tsx:195:18)\n    at Promise.then.completed (/Users/josephwaugh/Desktop/ReactProjects/VibeFlo/client/node_modules/jest-circus/build/utils.js:391:28)\n    at new Promise (<anonymous>)\n    at callAsyncCircusFn (/Users/josephwaugh/Desktop/ReactProjects/VibeFlo/client/node_modules/jest-circus/build/utils.js:316:10)\n    at _callCircusTest (/Users/josephwaugh/Desktop/ReactProjects/VibeFlo/client/node_modules/jest-circus/build/run.js:218:40)\n    at _runTest (/Users/josephwaugh/Desktop/ReactProjects/VibeFlo/client/node_modules/jest-circus/build/run.js:155:3)\n    at _runTestsForDescribeBlock (/Users/josephwaugh/Desktop/ReactProjects/VibeFlo/client/node_modules/jest-circus/build/run.js:66:9)\n    at _runTestsForDescribeBlock (/Users/josephwaugh/Desktop/ReactProjects/VibeFlo/client/node_modules/jest-circus/build/run.js:60:9)\n    at run (/Users/josephwaugh/Desktop/ReactProjects/VibeFlo/client/node_modules/jest-circus/build/run.js:25:3)\n    at runAndTransformResultsToJestFormat (/Users/josephwaugh/Desktop/ReactProjects/VibeFlo/client/node_modules/jest-circus/build/legacy-code-todo-rewrite/jestAdapterInit.js:170:21)\n    at jestAdapter (/Users/josephwaugh/Desktop/ReactProjects/VibeFlo/client/node_modules/jest-circus/build/legacy-code-todo-rewrite/jestAdapter.js:82:19)\n    at runTestInternal (/Users/josephwaugh/Desktop/ReactProjects/VibeFlo/client/node_modules/jest-runner/build/runTest.js:389:16)\n    at runTest (/Users/josephwaugh/Desktop/ReactProjects/VibeFlo/client/node_modules/jest-runner/build/runTest.js:475:34)\n    at TestRunner.runTests (/Users/josephwaugh/Desktop/ReactProjects/VibeFlo/client/node_modules/jest-runner/build/index.js:101:12)\n    at TestScheduler.scheduleTests (/Users/josephwaugh/Desktop/ReactProjects/VibeFlo/client/node_modules/@jest/core/build/TestScheduler.js:333:13)\n    at runJest (/Users/josephwaugh/Desktop/ReactProjects/VibeFlo/client/node_modules/@jest/core/build/runJest.js:404:19)\n    at _run10000 (/Users/josephwaugh/Desktop/ReactProjects/VibeFlo/client/node_modules/@jest/core/build/cli/index.js:320:7)\n    at runCLI (/Users/josephwaugh/Desktop/ReactProjects/VibeFlo/client/node_modules/@jest/core/build/cli/index.js:173:3)\n    at Object.run (/Users/josephwaugh/Desktop/ReactProjects/VibeFlo/client/node_modules/jest-cli/build/cli/index.js:155:37)"],"fullName":"PlaylistDetail Component redirects to login if no token exists","location":null,"status":"failed","title":"redirects to login if no token exists"},{"ancestorTitles":["PlaylistDetail Component"],"failureMessages":["Error: Unable to find an element with the text: Playlists Page. This could be because the text is broken up by multiple elements. In this case, you can provide a function for your text matcher to make your matcher more flexible.\n\nIgnored nodes: comments, script, style\n\u001b[36m<body>\u001b[39m\n  \u001b[36m<div>\u001b[39m\n    \u001b[36m<div\u001b[39m\n      \u001b[33mdata-initialentries\u001b[39m=\u001b[32m\"/playlist/invalid-id\"\u001b[39m\n      \u001b[33mdata-testid\u001b[39m=\u001b[32m\"memory-router\"\u001b[39m\n    \u001b[36m/>\u001b[39m\n  \u001b[36m</div>\u001b[39m\n\u001b[36m</body>\u001b[39m\n    at waitForWrapper (/Users/josephwaugh/Desktop/ReactProjects/VibeFlo/client/node_modules/@testing-library/dom/dist/wait-for.js:163:27)\n    at Object.<anonymous> (/Users/josephwaugh/Desktop/ReactProjects/VibeFlo/client/src/__tests__/pages/PlaylistDetail.test.tsx:207:18)\n    at Promise.then.completed (/Users/josephwaugh/Desktop/ReactProjects/VibeFlo/client/node_modules/jest-circus/build/utils.js:391:28)\n    at new Promise (<anonymous>)\n    at callAsyncCircusFn (/Users/josephwaugh/Desktop/ReactProjects/VibeFlo/client/node_modules/jest-circus/build/utils.js:316:10)\n    at _callCircusTest (/Users/josephwaugh/Desktop/ReactProjects/VibeFlo/client/node_modules/jest-circus/build/run.js:218:40)\n    at _runTest (/Users/josephwaugh/Desktop/ReactProjects/VibeFlo/client/node_modules/jest-circus/build/run.js:155:3)\n    at _runTestsForDescribeBlock (/Users/josephwaugh/Desktop/ReactProjects/VibeFlo/client/node_modules/jest-circus/build/run.js:66:9)\n    at _runTestsForDescribeBlock (/Users/josephwaugh/Desktop/ReactProjects/VibeFlo/client/node_modules/jest-circus/build/run.js:60:9)\n    at run (/Users/josephwaugh/Desktop/ReactProjects/VibeFlo/client/node_modules/jest-circus/build/run.js:25:3)\n    at runAndTransformResultsToJestFormat (/Users/josephwaugh/Desktop/ReactProjects/VibeFlo/client/node_modules/jest-circus/build/legacy-code-todo-rewrite/jestAdapterInit.js:170:21)\n    at jestAdapter (/Users/josephwaugh/Desktop/ReactProjects/VibeFlo/client/node_modules/jest-circus/build/legacy-code-todo-rewrite/jestAdapter.js:82:19)\n    at runTestInternal (/Users/josephwaugh/Desktop/ReactProjects/VibeFlo/client/node_modules/jest-runner/build/runTest.js:389:16)\n    at runTest (/Users/josephwaugh/Desktop/ReactProjects/VibeFlo/client/node_modules/jest-runner/build/runTest.js:475:34)\n    at TestRunner.runTests (/Users/josephwaugh/Desktop/ReactProjects/VibeFlo/client/node_modules/jest-runner/build/index.js:101:12)\n    at TestScheduler.scheduleTests (/Users/josephwaugh/Desktop/ReactProjects/VibeFlo/client/node_modules/@jest/core/build/TestScheduler.js:333:13)\n    at runJest (/Users/josephwaugh/Desktop/ReactProjects/VibeFlo/client/node_modules/@jest/core/build/runJest.js:404:19)\n    at _run10000 (/Users/josephwaugh/Desktop/ReactProjects/VibeFlo/client/node_modules/@jest/core/build/cli/index.js:320:7)\n    at runCLI (/Users/josephwaugh/Desktop/ReactProjects/VibeFlo/client/node_modules/@jest/core/build/cli/index.js:173:3)\n    at Object.run (/Users/josephwaugh/Desktop/ReactProjects/VibeFlo/client/node_modules/jest-cli/build/cli/index.js:155:37)"],"fullName":"PlaylistDetail Component handles invalid playlist ID gracefully","location":null,"status":"failed","title":"handles invalid playlist ID gracefully"},{"ancestorTitles":["PlaylistDetail Component"],"failureMessages":["Error: Unable to find an element with the text: Playlists Page. This could be because the text is broken up by multiple elements. In this case, you can provide a function for your text matcher to make your matcher more flexible.\n\nIgnored nodes: comments, script, style\n\u001b[36m<body>\u001b[39m\n  \u001b[36m<div>\u001b[39m\n    \u001b[36m<div\u001b[39m\n      \u001b[33mdata-initialentries\u001b[39m=\u001b[32m\"/playlist/1\"\u001b[39m\n      \u001b[33mdata-testid\u001b[39m=\u001b[32m\"memory-router\"\u001b[39m\n    \u001b[36m/>\u001b[39m\n  \u001b[36m</div>\u001b[39m\n\u001b[36m</body>\u001b[39m\n    at waitForWrapper (/Users/josephwaugh/Desktop/ReactProjects/VibeFlo/client/node_modules/@testing-library/dom/dist/wait-for.js:163:27)\n    at Object.<anonymous> (/Users/josephwaugh/Desktop/ReactProjects/VibeFlo/client/src/__tests__/pages/PlaylistDetail.test.tsx:224:18)\n    at Promise.then.completed (/Users/josephwaugh/Desktop/ReactProjects/VibeFlo/client/node_modules/jest-circus/build/utils.js:391:28)\n    at new Promise (<anonymous>)\n    at callAsyncCircusFn (/Users/josephwaugh/Desktop/ReactProjects/VibeFlo/client/node_modules/jest-circus/build/utils.js:316:10)\n    at _callCircusTest (/Users/josephwaugh/Desktop/ReactProjects/VibeFlo/client/node_modules/jest-circus/build/run.js:218:40)\n    at _runTest (/Users/josephwaugh/Desktop/ReactProjects/VibeFlo/client/node_modules/jest-circus/build/run.js:155:3)\n    at _runTestsForDescribeBlock (/Users/josephwaugh/Desktop/ReactProjects/VibeFlo/client/node_modules/jest-circus/build/run.js:66:9)\n    at _runTestsForDescribeBlock (/Users/josephwaugh/Desktop/ReactProjects/VibeFlo/client/node_modules/jest-circus/build/run.js:60:9)\n    at run (/Users/josephwaugh/Desktop/ReactProjects/VibeFlo/client/node_modules/jest-circus/build/run.js:25:3)\n    at runAndTransformResultsToJestFormat (/Users/josephwaugh/Desktop/ReactProjects/VibeFlo/client/node_modules/jest-circus/build/legacy-code-todo-rewrite/jestAdapterInit.js:170:21)\n    at jestAdapter (/Users/josephwaugh/Desktop/ReactProjects/VibeFlo/client/node_modules/jest-circus/build/legacy-code-todo-rewrite/jestAdapter.js:82:19)\n    at runTestInternal (/Users/josephwaugh/Desktop/ReactProjects/VibeFlo/client/node_modules/jest-runner/build/runTest.js:389:16)\n    at runTest (/Users/josephwaugh/Desktop/ReactProjects/VibeFlo/client/node_modules/jest-runner/build/runTest.js:475:34)\n    at TestRunner.runTests (/Users/josephwaugh/Desktop/ReactProjects/VibeFlo/client/node_modules/jest-runner/build/index.js:101:12)\n    at TestScheduler.scheduleTests (/Users/josephwaugh/Desktop/ReactProjects/VibeFlo/client/node_modules/@jest/core/build/TestScheduler.js:333:13)\n    at runJest (/Users/josephwaugh/Desktop/ReactProjects/VibeFlo/client/node_modules/@jest/core/build/runJest.js:404:19)\n    at _run10000 (/Users/josephwaugh/Desktop/ReactProjects/VibeFlo/client/node_modules/@jest/core/build/cli/index.js:320:7)\n    at runCLI (/Users/josephwaugh/Desktop/ReactProjects/VibeFlo/client/node_modules/@jest/core/build/cli/index.js:173:3)\n    at Object.run (/Users/josephwaugh/Desktop/ReactProjects/VibeFlo/client/node_modules/jest-cli/build/cli/index.js:155:37)"],"fullName":"PlaylistDetail Component handles playlist not found","location":null,"status":"failed","title":"handles playlist not found"},{"ancestorTitles":["PlaylistDetail Component"],"failureMessages":["Error: \u001b[2mexpect(\u001b[22m\u001b[31mjest.fn()\u001b[39m\u001b[2m).\u001b[22mtoHaveBeenCalledWith\u001b[2m(\u001b[22m\u001b[32m...expected\u001b[39m\u001b[2m)\u001b[22m\n\nExpected: \u001b[32m\"1\"\u001b[39m\n\nNumber of calls: \u001b[31m0\u001b[39m\n\nIgnored nodes: comments, script, style\n\u001b[36m<html>\u001b[39m\n  \u001b[36m<head />\u001b[39m\n  \u001b[36m<body>\u001b[39m\n    \u001b[36m<div>\u001b[39m\n      \u001b[36m<div\u001b[39m\n        \u001b[33mdata-initialentries\u001b[39m=\u001b[32m\"/playlist/1\"\u001b[39m\n        \u001b[33mdata-testid\u001b[39m=\u001b[32m\"memory-router\"\u001b[39m\n      \u001b[36m/>\u001b[39m\n    \u001b[36m</div>\u001b[39m\n  \u001b[36m</body>\u001b[39m\n\u001b[36m</html>\u001b[39m\n    at /Users/josephwaugh/Desktop/ReactProjects/VibeFlo/client/src/__tests__/pages/PlaylistDetail.test.tsx:237:48\n    at runWithExpensiveErrorDiagnosticsDisabled (/Users/josephwaugh/Desktop/ReactProjects/VibeFlo/client/node_modules/@testing-library/dom/dist/config.js:47:12)\n    at checkCallback (/Users/josephwaugh/Desktop/ReactProjects/VibeFlo/client/node_modules/@testing-library/dom/dist/wait-for.js:124:77)\n    at checkRealTimersCallback (/Users/josephwaugh/Desktop/ReactProjects/VibeFlo/client/node_modules/@testing-library/dom/dist/wait-for.js:118:16)\n    at Timeout.task [as _onTimeout] (/Users/josephwaugh/Desktop/ReactProjects/VibeFlo/client/node_modules/jsdom/lib/jsdom/browser/Window.js:516:19)\n    at listOnTimeout (node:internal/timers:608:17)\n    at processTimers (node:internal/timers:543:7)"],"fullName":"PlaylistDetail Component renders playlist details when data is loaded","location":null,"status":"failed","title":"renders playlist details when data is loaded"},{"ancestorTitles":["PlaylistDetail Component"],"failureMessages":["Error: \u001b[2mexpect(\u001b[22m\u001b[31mjest.fn()\u001b[39m\u001b[2m).\u001b[22mtoHaveBeenCalledWith\u001b[2m(\u001b[22m\u001b[32m...expected\u001b[39m\u001b[2m)\u001b[22m\n\nExpected: \u001b[32m\"1\"\u001b[39m\n\nNumber of calls: \u001b[31m0\u001b[39m\n\nIgnored nodes: comments, script, style\n\u001b[36m<html>\u001b[39m\n  \u001b[36m<head />\u001b[39m\n  \u001b[36m<body>\u001b[39m\n    \u001b[36m<div>\u001b[39m\n      \u001b[36m<div\u001b[39m\n        \u001b[33mdata-initialentries\u001b[39m=\u001b[32m\"/playlist/1\"\u001b[39m\n        \u001b[33mdata-testid\u001b[39m=\u001b[32m\"memory-router\"\u001b[39m\n      \u001b[36m/>\u001b[39m\n    \u001b[36m</div>\u001b[39m\n  \u001b[36m</body>\u001b[39m\n\u001b[36m</html>\u001b[39m\n    at /Users/josephwaugh/Desktop/ReactProjects/VibeFlo/client/src/__tests__/pages/PlaylistDetail.test.tsx:256:48\n    at runWithExpensiveErrorDiagnosticsDisabled (/Users/josephwaugh/Desktop/ReactProjects/VibeFlo/client/node_modules/@testing-library/dom/dist/config.js:47:12)\n    at checkCallback (/Users/josephwaugh/Desktop/ReactProjects/VibeFlo/client/node_modules/@testing-library/dom/dist/wait-for.js:124:77)\n    at checkRealTimersCallback (/Users/josephwaugh/Desktop/ReactProjects/VibeFlo/client/node_modules/@testing-library/dom/dist/wait-for.js:118:16)\n    at Timeout.task [as _onTimeout] (/Users/josephwaugh/Desktop/ReactProjects/VibeFlo/client/node_modules/jsdom/lib/jsdom/browser/Window.js:516:19)\n    at listOnTimeout (node:internal/timers:608:17)\n    at processTimers (node:internal/timers:543:7)"],"fullName":"PlaylistDetail Component allows searching for YouTube videos","location":null,"status":"failed","title":"allows searching for YouTube videos"},{"ancestorTitles":["PlaylistDetail Component"],"failureMessages":["Error: \u001b[2mexpect(\u001b[22m\u001b[31mjest.fn()\u001b[39m\u001b[2m).\u001b[22mtoHaveBeenCalledWith\u001b[2m(\u001b[22m\u001b[32m...expected\u001b[39m\u001b[2m)\u001b[22m\n\nExpected: \u001b[32m\"1\"\u001b[39m\n\nNumber of calls: \u001b[31m0\u001b[39m\n\nIgnored nodes: comments, script, style\n\u001b[36m<html>\u001b[39m\n  \u001b[36m<head />\u001b[39m\n  \u001b[36m<body>\u001b[39m\n    \u001b[36m<div>\u001b[39m\n      \u001b[36m<div\u001b[39m\n        \u001b[33mdata-initialentries\u001b[39m=\u001b[32m\"/playlist/1\"\u001b[39m\n        \u001b[33mdata-testid\u001b[39m=\u001b[32m\"memory-router\"\u001b[39m\n      \u001b[36m/>\u001b[39m\n    \u001b[36m</div>\u001b[39m\n  \u001b[36m</body>\u001b[39m\n\u001b[36m</html>\u001b[39m\n    at /Users/josephwaugh/Desktop/ReactProjects/VibeFlo/client/src/__tests__/pages/PlaylistDetail.test.tsx:290:48\n    at runWithExpensiveErrorDiagnosticsDisabled (/Users/josephwaugh/Desktop/ReactProjects/VibeFlo/client/node_modules/@testing-library/dom/dist/config.js:47:12)\n    at checkCallback (/Users/josephwaugh/Desktop/ReactProjects/VibeFlo/client/node_modules/@testing-library/dom/dist/wait-for.js:124:77)\n    at checkRealTimersCallback (/Users/josephwaugh/Desktop/ReactProjects/VibeFlo/client/node_modules/@testing-library/dom/dist/wait-for.js:118:16)\n    at Timeout.task [as _onTimeout] (/Users/josephwaugh/Desktop/ReactProjects/VibeFlo/client/node_modules/jsdom/lib/jsdom/browser/Window.js:516:19)\n    at listOnTimeout (node:internal/timers:608:17)\n    at processTimers (node:internal/timers:543:7)"],"fullName":"PlaylistDetail Component displays error when YouTube search fails","location":null,"status":"failed","title":"displays error when YouTube search fails"},{"ancestorTitles":["PlaylistDetail Component"],"failureMessages":["Error: \u001b[2mexpect(\u001b[22m\u001b[31mjest.fn()\u001b[39m\u001b[2m).\u001b[22mtoHaveBeenCalledWith\u001b[2m(\u001b[22m\u001b[32m...expected\u001b[39m\u001b[2m)\u001b[22m\n\nExpected: \u001b[32m\"1\"\u001b[39m\n\nNumber of calls: \u001b[31m0\u001b[39m\n\nIgnored nodes: comments, script, style\n\u001b[36m<html>\u001b[39m\n  \u001b[36m<head />\u001b[39m\n  \u001b[36m<body>\u001b[39m\n    \u001b[36m<div>\u001b[39m\n      \u001b[36m<div\u001b[39m\n        \u001b[33mdata-initialentries\u001b[39m=\u001b[32m\"/playlist/1\"\u001b[39m\n        \u001b[33mdata-testid\u001b[39m=\u001b[32m\"memory-router\"\u001b[39m\n      \u001b[36m/>\u001b[39m\n    \u001b[36m</div>\u001b[39m\n  \u001b[36m</body>\u001b[39m\n\u001b[36m</html>\u001b[39m\n    at /Users/josephwaugh/Desktop/ReactProjects/VibeFlo/client/src/__tests__/pages/PlaylistDetail.test.tsx:317:48\n    at runWithExpensiveErrorDiagnosticsDisabled (/Users/josephwaugh/Desktop/ReactProjects/VibeFlo/client/node_modules/@testing-library/dom/dist/config.js:47:12)\n    at checkCallback (/Users/josephwaugh/Desktop/ReactProjects/VibeFlo/client/node_modules/@testing-library/dom/dist/wait-for.js:124:77)\n    at checkRealTimersCallback (/Users/josephwaugh/Desktop/ReactProjects/VibeFlo/client/node_modules/@testing-library/dom/dist/wait-for.js:118:16)\n    at Timeout.task [as _onTimeout] (/Users/josephwaugh/Desktop/ReactProjects/VibeFlo/client/node_modules/jsdom/lib/jsdom/browser/Window.js:516:19)\n    at listOnTimeout (node:internal/timers:608:17)\n    at processTimers (node:internal/timers:543:7)"],"fullName":"PlaylistDetail Component allows adding a YouTube track to the playlist","location":null,"status":"failed","title":"allows adding a YouTube track to the playlist"},{"ancestorTitles":["PlaylistDetail Component"],"failureMessages":["Error: \u001b[2mexpect(\u001b[22m\u001b[31mjest.fn()\u001b[39m\u001b[2m).\u001b[22mtoHaveBeenCalledWith\u001b[2m(\u001b[22m\u001b[32m...expected\u001b[39m\u001b[2m)\u001b[22m\n\nExpected: \u001b[32m\"1\"\u001b[39m\n\nNumber of calls: \u001b[31m0\u001b[39m\n\nIgnored nodes: comments, script, style\n\u001b[36m<html>\u001b[39m\n  \u001b[36m<head />\u001b[39m\n  \u001b[36m<body>\u001b[39m\n    \u001b[36m<div>\u001b[39m\n      \u001b[36m<div\u001b[39m\n        \u001b[33mdata-initialentries\u001b[39m=\u001b[32m\"/playlist/1\"\u001b[39m\n        \u001b[33mdata-testid\u001b[39m=\u001b[32m\"memory-router\"\u001b[39m\n      \u001b[36m/>\u001b[39m\n    \u001b[36m</div>\u001b[39m\n  \u001b[36m</body>\u001b[39m\n\u001b[36m</html>\u001b[39m\n    at /Users/josephwaugh/Desktop/ReactProjects/VibeFlo/client/src/__tests__/pages/PlaylistDetail.test.tsx:359:48\n    at runWithExpensiveErrorDiagnosticsDisabled (/Users/josephwaugh/Desktop/ReactProjects/VibeFlo/client/node_modules/@testing-library/dom/dist/config.js:47:12)\n    at checkCallback (/Users/josephwaugh/Desktop/ReactProjects/VibeFlo/client/node_modules/@testing-library/dom/dist/wait-for.js:124:77)\n    at checkRealTimersCallback (/Users/josephwaugh/Desktop/ReactProjects/VibeFlo/client/node_modules/@testing-library/dom/dist/wait-for.js:118:16)\n    at Timeout.task [as _onTimeout] (/Users/josephwaugh/Desktop/ReactProjects/VibeFlo/client/node_modules/jsdom/lib/jsdom/browser/Window.js:516:19)\n    at listOnTimeout (node:internal/timers:608:17)\n    at processTimers (node:internal/timers:543:7)"],"fullName":"PlaylistDetail Component allows adding a YouTube URL directly","location":null,"status":"failed","title":"allows adding a YouTube URL directly"},{"ancestorTitles":["PlaylistDetail Component"],"failureMessages":["Error: \u001b[2mexpect(\u001b[22m\u001b[31mjest.fn()\u001b[39m\u001b[2m).\u001b[22mtoHaveBeenCalledWith\u001b[2m(\u001b[22m\u001b[32m...expected\u001b[39m\u001b[2m)\u001b[22m\n\nExpected: \u001b[32m\"1\"\u001b[39m\n\nNumber of calls: \u001b[31m0\u001b[39m\n\nIgnored nodes: comments, script, style\n\u001b[36m<html>\u001b[39m\n  \u001b[36m<head />\u001b[39m\n  \u001b[36m<body>\u001b[39m\n    \u001b[36m<div>\u001b[39m\n      \u001b[36m<div\u001b[39m\n        \u001b[33mdata-initialentries\u001b[39m=\u001b[32m\"/playlist/1\"\u001b[39m\n        \u001b[33mdata-testid\u001b[39m=\u001b[32m\"memory-router\"\u001b[39m\n      \u001b[36m/>\u001b[39m\n    \u001b[36m</div>\u001b[39m\n  \u001b[36m</body>\u001b[39m\n\u001b[36m</html>\u001b[39m\n    at /Users/josephwaugh/Desktop/ReactProjects/VibeFlo/client/src/__tests__/pages/PlaylistDetail.test.tsx:389:48\n    at runWithExpensiveErrorDiagnosticsDisabled (/Users/josephwaugh/Desktop/ReactProjects/VibeFlo/client/node_modules/@testing-library/dom/dist/config.js:47:12)\n    at checkCallback (/Users/josephwaugh/Desktop/ReactProjects/VibeFlo/client/node_modules/@testing-library/dom/dist/wait-for.js:124:77)\n    at checkRealTimersCallback (/Users/josephwaugh/Desktop/ReactProjects/VibeFlo/client/node_modules/@testing-library/dom/dist/wait-for.js:118:16)\n    at Timeout.task [as _onTimeout] (/Users/josephwaugh/Desktop/ReactProjects/VibeFlo/client/node_modules/jsdom/lib/jsdom/browser/Window.js:516:19)\n    at listOnTimeout (node:internal/timers:608:17)\n    at processTimers (node:internal/timers:543:7)"],"fullName":"PlaylistDetail Component displays error when adding invalid YouTube URL","location":null,"status":"failed","title":"displays error when adding invalid YouTube URL"},{"ancestorTitles":["PlaylistDetail Component"],"failureMessages":["Error: \u001b[2mexpect(\u001b[22m\u001b[31mjest.fn()\u001b[39m\u001b[2m).\u001b[22mtoHaveBeenCalledWith\u001b[2m(\u001b[22m\u001b[32m...expected\u001b[39m\u001b[2m)\u001b[22m\n\nExpected: \u001b[32m\"1\"\u001b[39m\n\nNumber of calls: \u001b[31m0\u001b[39m\n\nIgnored nodes: comments, script, style\n\u001b[36m<html>\u001b[39m\n  \u001b[36m<head />\u001b[39m\n  \u001b[36m<body>\u001b[39m\n    \u001b[36m<div>\u001b[39m\n      \u001b[36m<div\u001b[39m\n        \u001b[33mdata-initialentries\u001b[39m=\u001b[32m\"/playlist/1\"\u001b[39m\n        \u001b[33mdata-testid\u001b[39m=\u001b[32m\"memory-router\"\u001b[39m\n      \u001b[36m/>\u001b[39m\n    \u001b[36m</div>\u001b[39m\n  \u001b[36m</body>\u001b[39m\n\u001b[36m</html>\u001b[39m\n    at /Users/josephwaugh/Desktop/ReactProjects/VibeFlo/client/src/__tests__/pages/PlaylistDetail.test.tsx:414:48\n    at runWithExpensiveErrorDiagnosticsDisabled (/Users/josephwaugh/Desktop/ReactProjects/VibeFlo/client/node_modules/@testing-library/dom/dist/config.js:47:12)\n    at checkCallback (/Users/josephwaugh/Desktop/ReactProjects/VibeFlo/client/node_modules/@testing-library/dom/dist/wait-for.js:124:77)\n    at checkRealTimersCallback (/Users/josephwaugh/Desktop/ReactProjects/VibeFlo/client/node_modules/@testing-library/dom/dist/wait-for.js:118:16)\n    at Timeout.task [as _onTimeout] (/Users/josephwaugh/Desktop/ReactProjects/VibeFlo/client/node_modules/jsdom/lib/jsdom/browser/Window.js:516:19)\n    at listOnTimeout (node:internal/timers:608:17)\n    at processTimers (node:internal/timers:543:7)"],"fullName":"PlaylistDetail Component allows removing a song from the playlist","location":null,"status":"failed","title":"allows removing a song from the playlist"},{"ancestorTitles":["PlaylistDetail Component"],"failureMessages":["Error: \u001b[2mexpect(\u001b[22m\u001b[31mjest.fn()\u001b[39m\u001b[2m).\u001b[22mtoHaveBeenCalledWith\u001b[2m(\u001b[22m\u001b[32m...expected\u001b[39m\u001b[2m)\u001b[22m\n\nExpected: \u001b[32m\"1\"\u001b[39m\n\nNumber of calls: \u001b[31m0\u001b[39m\n\nIgnored nodes: comments, script, style\n\u001b[36m<html>\u001b[39m\n  \u001b[36m<head />\u001b[39m\n  \u001b[36m<body>\u001b[39m\n    \u001b[36m<div>\u001b[39m\n      \u001b[36m<div\u001b[39m\n        \u001b[33mdata-initialentries\u001b[39m=\u001b[32m\"/playlist/1\"\u001b[39m\n        \u001b[33mdata-testid\u001b[39m=\u001b[32m\"memory-router\"\u001b[39m\n      \u001b[36m/>\u001b[39m\n    \u001b[36m</div>\u001b[39m\n  \u001b[36m</body>\u001b[39m\n\u001b[36m</html>\u001b[39m\n    at /Users/josephwaugh/Desktop/ReactProjects/VibeFlo/client/src/__tests__/pages/PlaylistDetail.test.tsx:444:48\n    at runWithExpensiveErrorDiagnosticsDisabled (/Users/josephwaugh/Desktop/ReactProjects/VibeFlo/client/node_modules/@testing-library/dom/dist/config.js:47:12)\n    at checkCallback (/Users/josephwaugh/Desktop/ReactProjects/VibeFlo/client/node_modules/@testing-library/dom/dist/wait-for.js:124:77)\n    at checkRealTimersCallback (/Users/josephwaugh/Desktop/ReactProjects/VibeFlo/client/node_modules/@testing-library/dom/dist/wait-for.js:118:16)\n    at Timeout.task [as _onTimeout] (/Users/josephwaugh/Desktop/ReactProjects/VibeFlo/client/node_modules/jsdom/lib/jsdom/browser/Window.js:516:19)\n    at listOnTimeout (node:internal/timers:608:17)\n    at processTimers (node:internal/timers:543:7)"],"fullName":"PlaylistDetail Component displays error when removing a song fails","location":null,"status":"failed","title":"displays error when removing a song fails"},{"ancestorTitles":["PlaylistDetail Component"],"failureMessages":["Error: \u001b[2mexpect(\u001b[22m\u001b[31mjest.fn()\u001b[39m\u001b[2m).\u001b[22mtoHaveBeenCalledWith\u001b[2m(\u001b[22m\u001b[32m...expected\u001b[39m\u001b[2m)\u001b[22m\n\nExpected: \u001b[32m\"1\"\u001b[39m\n\nNumber of calls: \u001b[31m0\u001b[39m\n\nIgnored nodes: comments, script, style\n\u001b[36m<html>\u001b[39m\n  \u001b[36m<head />\u001b[39m\n  \u001b[36m<body>\u001b[39m\n    \u001b[36m<div>\u001b[39m\n      \u001b[36m<div\u001b[39m\n        \u001b[33mdata-initialentries\u001b[39m=\u001b[32m\"/playlist/1\"\u001b[39m\n        \u001b[33mdata-testid\u001b[39m=\u001b[32m\"memory-router\"\u001b[39m\n      \u001b[36m/>\u001b[39m\n    \u001b[36m</div>\u001b[39m\n  \u001b[36m</body>\u001b[39m\n\u001b[36m</html>\u001b[39m\n    at /Users/josephwaugh/Desktop/ReactProjects/VibeFlo/client/src/__tests__/pages/PlaylistDetail.test.tsx:462:48\n    at runWithExpensiveErrorDiagnosticsDisabled (/Users/josephwaugh/Desktop/ReactProjects/VibeFlo/client/node_modules/@testing-library/dom/dist/config.js:47:12)\n    at checkCallback (/Users/josephwaugh/Desktop/ReactProjects/VibeFlo/client/node_modules/@testing-library/dom/dist/wait-for.js:124:77)\n    at checkRealTimersCallback (/Users/josephwaugh/Desktop/ReactProjects/VibeFlo/client/node_modules/@testing-library/dom/dist/wait-for.js:118:16)\n    at Timeout.task [as _onTimeout] (/Users/josephwaugh/Desktop/ReactProjects/VibeFlo/client/node_modules/jsdom/lib/jsdom/browser/Window.js:516:19)\n    at listOnTimeout (node:internal/timers:608:17)\n    at processTimers (node:internal/timers:543:7)"],"fullName":"PlaylistDetail Component allows playing the playlist in the music player","location":null,"status":"failed","title":"allows playing the playlist in the music player"},{"ancestorTitles":["PlaylistDetail Component"],"failureMessages":["Error: \u001b[2mexpect(\u001b[22m\u001b[31mjest.fn()\u001b[39m\u001b[2m).\u001b[22mtoHaveBeenCalledWith\u001b[2m(\u001b[22m\u001b[32m...expected\u001b[39m\u001b[2m)\u001b[22m\n\nExpected: \u001b[32m\"1\"\u001b[39m\n\nNumber of calls: \u001b[31m0\u001b[39m\n\nIgnored nodes: comments, script, style\n\u001b[36m<html>\u001b[39m\n  \u001b[36m<head />\u001b[39m\n  \u001b[36m<body>\u001b[39m\n    \u001b[36m<div>\u001b[39m\n      \u001b[36m<div\u001b[39m\n        \u001b[33mdata-initialentries\u001b[39m=\u001b[32m\"/playlist/1\"\u001b[39m\n        \u001b[33mdata-testid\u001b[39m=\u001b[32m\"memory-router\"\u001b[39m\n      \u001b[36m/>\u001b[39m\n    \u001b[36m</div>\u001b[39m\n  \u001b[36m</body>\u001b[39m\n\u001b[36m</html>\u001b[39m\n    at /Users/josephwaugh/Desktop/ReactProjects/VibeFlo/client/src/__tests__/pages/PlaylistDetail.test.tsx:494:48\n    at runWithExpensiveErrorDiagnosticsDisabled (/Users/josephwaugh/Desktop/ReactProjects/VibeFlo/client/node_modules/@testing-library/dom/dist/config.js:47:12)\n    at checkCallback (/Users/josephwaugh/Desktop/ReactProjects/VibeFlo/client/node_modules/@testing-library/dom/dist/wait-for.js:124:77)\n    at checkRealTimersCallback (/Users/josephwaugh/Desktop/ReactProjects/VibeFlo/client/node_modules/@testing-library/dom/dist/wait-for.js:118:16)\n    at Timeout.task [as _onTimeout] (/Users/josephwaugh/Desktop/ReactProjects/VibeFlo/client/node_modules/jsdom/lib/jsdom/browser/Window.js:516:19)\n    at listOnTimeout (node:internal/timers:608:17)\n    at processTimers (node:internal/timers:543:7)"],"fullName":"PlaylistDetail Component formats durations correctly","location":null,"status":"failed","title":"formats durations correctly"},{"ancestorTitles":["PlaylistDetail Component"],"failureMessages":["Error: \u001b[2mexpect(\u001b[22m\u001b[31mjest.fn()\u001b[39m\u001b[2m).\u001b[22mtoHaveBeenCalledWith\u001b[2m(\u001b[22m\u001b[32m...expected\u001b[39m\u001b[2m)\u001b[22m\n\nExpected: \u001b[32m\"1\"\u001b[39m\n\nNumber of calls: \u001b[31m0\u001b[39m\n\nIgnored nodes: comments, script, style\n\u001b[36m<html>\u001b[39m\n  \u001b[36m<head />\u001b[39m\n  \u001b[36m<body>\u001b[39m\n    \u001b[36m<div>\u001b[39m\n      \u001b[36m<div\u001b[39m\n        \u001b[33mdata-initialentries\u001b[39m=\u001b[32m\"/playlist/1\"\u001b[39m\n        \u001b[33mdata-testid\u001b[39m=\u001b[32m\"memory-router\"\u001b[39m\n      \u001b[36m/>\u001b[39m\n    \u001b[36m</div>\u001b[39m\n  \u001b[36m</body>\u001b[39m\n\u001b[36m</html>\u001b[39m\n    at /Users/josephwaugh/Desktop/ReactProjects/VibeFlo/client/src/__tests__/pages/PlaylistDetail.test.tsx:514:48\n    at runWithExpensiveErrorDiagnosticsDisabled (/Users/josephwaugh/Desktop/ReactProjects/VibeFlo/client/node_modules/@testing-library/dom/dist/config.js:47:12)\n    at checkCallback (/Users/josephwaugh/Desktop/ReactProjects/VibeFlo/client/node_modules/@testing-library/dom/dist/wait-for.js:124:77)\n    at checkRealTimersCallback (/Users/josephwaugh/Desktop/ReactProjects/VibeFlo/client/node_modules/@testing-library/dom/dist/wait-for.js:118:16)\n    at Timeout.task [as _onTimeout] (/Users/josephwaugh/Desktop/ReactProjects/VibeFlo/client/node_modules/jsdom/lib/jsdom/browser/Window.js:516:19)\n    at listOnTimeout (node:internal/timers:608:17)\n    at processTimers (node:internal/timers:543:7)"],"fullName":"PlaylistDetail Component displays UI for empty playlist","location":null,"status":"failed","title":"displays UI for empty playlist"},{"ancestorTitles":["PlaylistDetail Component"],"failureMessages":["Error: \u001b[2mexpect(\u001b[22m\u001b[31mjest.fn()\u001b[39m\u001b[2m).\u001b[22mtoHaveBeenCalledWith\u001b[2m(\u001b[22m\u001b[32m...expected\u001b[39m\u001b[2m)\u001b[22m\n\nExpected: \u001b[32m\"1\"\u001b[39m\n\nNumber of calls: \u001b[31m0\u001b[39m\n\nIgnored nodes: comments, script, style\n\u001b[36m<html>\u001b[39m\n  \u001b[36m<head />\u001b[39m\n  \u001b[36m<body>\u001b[39m\n    \u001b[36m<div>\u001b[39m\n      \u001b[36m<div\u001b[39m\n        \u001b[33mdata-initialentries\u001b[39m=\u001b[32m\"/playlist/1\"\u001b[39m\n        \u001b[33mdata-testid\u001b[39m=\u001b[32m\"memory-router\"\u001b[39m\n      \u001b[36m/>\u001b[39m\n    \u001b[36m</div>\u001b[39m\n  \u001b[36m</body>\u001b[39m\n\u001b[36m</html>\u001b[39m\n    at /Users/josephwaugh/Desktop/ReactProjects/VibeFlo/client/src/__tests__/pages/PlaylistDetail.test.tsx:549:48\n    at runWithExpensiveErrorDiagnosticsDisabled (/Users/josephwaugh/Desktop/ReactProjects/VibeFlo/client/node_modules/@testing-library/dom/dist/config.js:47:12)\n    at checkCallback (/Users/josephwaugh/Desktop/ReactProjects/VibeFlo/client/node_modules/@testing-library/dom/dist/wait-for.js:124:77)\n    at checkRealTimersCallback (/Users/josephwaugh/Desktop/ReactProjects/VibeFlo/client/node_modules/@testing-library/dom/dist/wait-for.js:118:16)\n    at Timeout.task [as _onTimeout] (/Users/josephwaugh/Desktop/ReactProjects/VibeFlo/client/node_modules/jsdom/lib/jsdom/browser/Window.js:516:19)\n    at listOnTimeout (node:internal/timers:608:17)\n    at processTimers (node:internal/timers:543:7)"],"fullName":"PlaylistDetail Component displays error when loading tracks fails","location":null,"status":"failed","title":"displays error when loading tracks fails"}],"endTime":1744754927443,"message":"\u001b[1m\u001b[31m  \u001b[1m● \u001b[22m\u001b[1mPlaylistDetail Component › renders loading state initially\u001b[39m\u001b[22m\n\n    TestingLibraryElementError: Unable to find an element with the text: /Loading playlist/i. This could be because the text is broken up by multiple elements. In this case, you can provide a function for your text matcher to make your matcher more flexible.\n\n    Ignored nodes: comments, script, style\n    \u001b[36m<body>\u001b[39m\n      \u001b[36m<div>\u001b[39m\n        \u001b[36m<div\u001b[39m\n          \u001b[33mdata-initialentries\u001b[39m=\u001b[32m\"/playlist/1\"\u001b[39m\n          \u001b[33mdata-testid\u001b[39m=\u001b[32m\"memory-router\"\u001b[39m\n        \u001b[36m/>\u001b[39m\n      \u001b[36m</div>\u001b[39m\n    \u001b[36m</body>\u001b[39m\n\u001b[2m\u001b[22m\n\u001b[2m    \u001b[0m \u001b[90m 184 |\u001b[39m     \u001b[22m\n\u001b[2m     \u001b[90m 185 |\u001b[39m     \u001b[90m// Should show loading state\u001b[39m\u001b[22m\n\u001b[2m    \u001b[31m\u001b[1m>\u001b[22m\u001b[2m\u001b[39m\u001b[90m 186 |\u001b[39m     expect(screen\u001b[33m.\u001b[39mgetByText(\u001b[35m/Loading playlist/i\u001b[39m))\u001b[33m.\u001b[39mtoBeInTheDocument()\u001b[33m;\u001b[39m\u001b[22m\n\u001b[2m     \u001b[90m     |\u001b[39m                   \u001b[31m\u001b[1m^\u001b[22m\u001b[2m\u001b[39m\u001b[22m\n\u001b[2m     \u001b[90m 187 |\u001b[39m   })\u001b[33m;\u001b[39m\u001b[22m\n\u001b[2m     \u001b[90m 188 |\u001b[39m\u001b[22m\n\u001b[2m     \u001b[90m 189 |\u001b[39m   test(\u001b[32m'redirects to login if no token exists'\u001b[39m\u001b[33m,\u001b[39m \u001b[36masync\u001b[39m () \u001b[33m=>\u001b[39m {\u001b[0m\u001b[22m\n\u001b[2m\u001b[22m\n\u001b[2m      \u001b[2mat Object.getElementError (\u001b[22m\u001b[2mnode_modules/@testing-library/dom/dist/config.js\u001b[2m:37:19)\u001b[22m\u001b[2m\u001b[22m\n\u001b[2m      \u001b[2mat \u001b[22m\u001b[2mnode_modules/@testing-library/dom/dist/query-helpers.js\u001b[2m:76:38\u001b[22m\u001b[2m\u001b[22m\n\u001b[2m      \u001b[2mat \u001b[22m\u001b[2mnode_modules/@testing-library/dom/dist/query-helpers.js\u001b[2m:52:17\u001b[22m\u001b[2m\u001b[22m\n\u001b[2m      \u001b[2mat getByText (\u001b[22m\u001b[2mnode_modules/@testing-library/dom/dist/query-helpers.js\u001b[2m:95:19)\u001b[22m\u001b[2m\u001b[22m\n\u001b[2m      \u001b[2mat Object.<anonymous> (\u001b[22m\u001b[2m\u001b[0m\u001b[36msrc/__tests__/pages/PlaylistDetail.test.tsx\u001b[39m\u001b[0m\u001b[2m:186:19)\u001b[22m\u001b[2m\u001b[22m\n\u001b[2m      \u001b[2mat TestScheduler.scheduleTests (\u001b[22m\u001b[2mnode_modules/@jest/core/build/TestScheduler.js\u001b[2m:333:13)\u001b[22m\u001b[2m\u001b[22m\n\u001b[2m      \u001b[2mat runJest (\u001b[22m\u001b[2mnode_modules/@jest/core/build/runJest.js\u001b[2m:404:19)\u001b[22m\u001b[2m\u001b[22m\n\u001b[2m      \u001b[2mat _run10000 (\u001b[22m\u001b[2mnode_modules/@jest/core/build/cli/index.js\u001b[2m:320:7)\u001b[22m\u001b[2m\u001b[22m\n\u001b[2m      \u001b[2mat runCLI (\u001b[22m\u001b[2mnode_modules/@jest/core/build/cli/index.js\u001b[2m:173:3)\u001b[22m\u001b[2m\u001b[22m\n\n\u001b[1m\u001b[31m  \u001b[1m● \u001b[22m\u001b[1mPlaylistDetail Component › redirects to login if no token exists\u001b[39m\u001b[22m\n\n    Unable to find an element with the text: Login Page. This could be because the text is broken up by multiple elements. In this case, you can provide a function for your text matcher to make your matcher more flexible.\n\n    Ignored nodes: comments, script, style\n    \u001b[36m<body>\u001b[39m\n      \u001b[36m<div>\u001b[39m\n        \u001b[36m<div\u001b[39m\n          \u001b[33mdata-initialentries\u001b[39m=\u001b[32m\"/playlist/1\"\u001b[39m\n          \u001b[33mdata-testid\u001b[39m=\u001b[32m\"memory-router\"\u001b[39m\n        \u001b[36m/>\u001b[39m\n      \u001b[36m</div>\u001b[39m\n    \u001b[36m</body>\u001b[39m\n\u001b[2m\u001b[22m\n\u001b[2m    \u001b[0m \u001b[90m 193 |\u001b[39m     \u001b[22m\n\u001b[2m     \u001b[90m 194 |\u001b[39m     \u001b[90m// Wait for redirect to login page\u001b[39m\u001b[22m\n\u001b[2m    \u001b[31m\u001b[1m>\u001b[22m\u001b[2m\u001b[39m\u001b[90m 195 |\u001b[39m     \u001b[36mawait\u001b[39m waitFor(() \u001b[33m=>\u001b[39m {\u001b[22m\n\u001b[2m     \u001b[90m     |\u001b[39m                  \u001b[31m\u001b[1m^\u001b[22m\u001b[2m\u001b[39m\u001b[22m\n\u001b[2m     \u001b[90m 196 |\u001b[39m       expect(screen\u001b[33m.\u001b[39mgetByText(\u001b[32m'Login Page'\u001b[39m))\u001b[33m.\u001b[39mtoBeInTheDocument()\u001b[33m;\u001b[39m\u001b[22m\n\u001b[2m     \u001b[90m 197 |\u001b[39m     })\u001b[33m;\u001b[39m\u001b[22m\n\u001b[2m     \u001b[90m 198 |\u001b[39m     \u001b[0m\u001b[22m\n\u001b[2m\u001b[22m\n\u001b[2m      \u001b[2mat waitForWrapper (\u001b[22m\u001b[2mnode_modules/@testing-library/dom/dist/wait-for.js\u001b[2m:163:27)\u001b[22m\u001b[2m\u001b[22m\n\u001b[2m      \u001b[2mat Object.<anonymous> (\u001b[22m\u001b[2m\u001b[0m\u001b[36msrc/__tests__/pages/PlaylistDetail.test.tsx\u001b[39m\u001b[0m\u001b[2m:195:18)\u001b[22m\u001b[2m\u001b[22m\n\u001b[2m      \u001b[2mat TestScheduler.scheduleTests (\u001b[22m\u001b[2mnode_modules/@jest/core/build/TestScheduler.js\u001b[2m:333:13)\u001b[22m\u001b[2m\u001b[22m\n\u001b[2m      \u001b[2mat runJest (\u001b[22m\u001b[2mnode_modules/@jest/core/build/runJest.js\u001b[2m:404:19)\u001b[22m\u001b[2m\u001b[22m\n\u001b[2m      \u001b[2mat _run10000 (\u001b[22m\u001b[2mnode_modules/@jest/core/build/cli/index.js\u001b[2m:320:7)\u001b[22m\u001b[2m\u001b[22m\n\u001b[2m      \u001b[2mat runCLI (\u001b[22m\u001b[2mnode_modules/@jest/core/build/cli/index.js\u001b[2m:173:3)\u001b[22m\u001b[2m\u001b[22m\n\n\u001b[1m\u001b[31m  \u001b[1m● \u001b[22m\u001b[1mPlaylistDetail Component › handles invalid playlist ID gracefully\u001b[39m\u001b[22m\n\n    Unable to find an element with the text: Playlists Page. This could be because the text is broken up by multiple elements. In this case, you can provide a function for your text matcher to make your matcher more flexible.\n\n    Ignored nodes: comments, script, style\n    \u001b[36m<body>\u001b[39m\n      \u001b[36m<div>\u001b[39m\n        \u001b[36m<div\u001b[39m\n          \u001b[33mdata-initialentries\u001b[39m=\u001b[32m\"/playlist/invalid-id\"\u001b[39m\n          \u001b[33mdata-testid\u001b[39m=\u001b[32m\"memory-router\"\u001b[39m\n        \u001b[36m/>\u001b[39m\n      \u001b[36m</div>\u001b[39m\n    \u001b[36m</body>\u001b[39m\n\u001b[2m\u001b[22m\n\u001b[2m    \u001b[0m \u001b[90m 205 |\u001b[39m     \u001b[22m\n\u001b[2m     \u001b[90m 206 |\u001b[39m     \u001b[90m// Wait for navigation to playlists page\u001b[39m\u001b[22m\n\u001b[2m    \u001b[31m\u001b[1m>\u001b[22m\u001b[2m\u001b[39m\u001b[90m 207 |\u001b[39m     \u001b[36mawait\u001b[39m waitFor(() \u001b[33m=>\u001b[39m {\u001b[22m\n\u001b[2m     \u001b[90m     |\u001b[39m                  \u001b[31m\u001b[1m^\u001b[22m\u001b[2m\u001b[39m\u001b[22m\n\u001b[2m     \u001b[90m 208 |\u001b[39m       expect(screen\u001b[33m.\u001b[39mgetByText(\u001b[32m'Playlists Page'\u001b[39m))\u001b[33m.\u001b[39mtoBeInTheDocument()\u001b[33m;\u001b[39m\u001b[22m\n\u001b[2m     \u001b[90m 209 |\u001b[39m     })\u001b[33m;\u001b[39m\u001b[22m\n\u001b[2m     \u001b[90m 210 |\u001b[39m     \u001b[0m\u001b[22m\n\u001b[2m\u001b[22m\n\u001b[2m      \u001b[2mat waitForWrapper (\u001b[22m\u001b[2mnode_modules/@testing-library/dom/dist/wait-for.js\u001b[2m:163:27)\u001b[22m\u001b[2m\u001b[22m\n\u001b[2m      \u001b[2mat Object.<anonymous> (\u001b[22m\u001b[2m\u001b[0m\u001b[36msrc/__tests__/pages/PlaylistDetail.test.tsx\u001b[39m\u001b[0m\u001b[2m:207:18)\u001b[22m\u001b[2m\u001b[22m\n\u001b[2m      \u001b[2mat TestScheduler.scheduleTests (\u001b[22m\u001b[2mnode_modules/@jest/core/build/TestScheduler.js\u001b[2m:333:13)\u001b[22m\u001b[2m\u001b[22m\n\u001b[2m      \u001b[2mat runJest (\u001b[22m\u001b[2mnode_modules/@jest/core/build/runJest.js\u001b[2m:404:19)\u001b[22m\u001b[2m\u001b[22m\n\u001b[2m      \u001b[2mat _run10000 (\u001b[22m\u001b[2mnode_modules/@jest/core/build/cli/index.js\u001b[2m:320:7)\u001b[22m\u001b[2m\u001b[22m\n\u001b[2m      \u001b[2mat runCLI (\u001b[22m\u001b[2mnode_modules/@jest/core/build/cli/index.js\u001b[2m:173:3)\u001b[22m\u001b[2m\u001b[22m\n\n\u001b[1m\u001b[31m  \u001b[1m● \u001b[22m\u001b[1mPlaylistDetail Component › handles playlist not found\u001b[39m\u001b[22m\n\n    Unable to find an element with the text: Playlists Page. This could be because the text is broken up by multiple elements. In this case, you can provide a function for your text matcher to make your matcher more flexible.\n\n    Ignored nodes: comments, script, style\n    \u001b[36m<body>\u001b[39m\n      \u001b[36m<div>\u001b[39m\n        \u001b[36m<div\u001b[39m\n          \u001b[33mdata-initialentries\u001b[39m=\u001b[32m\"/playlist/1\"\u001b[39m\n          \u001b[33mdata-testid\u001b[39m=\u001b[32m\"memory-router\"\u001b[39m\n        \u001b[36m/>\u001b[39m\n      \u001b[36m</div>\u001b[39m\n    \u001b[36m</body>\u001b[39m\n\u001b[2m\u001b[22m\n\u001b[2m    \u001b[0m \u001b[90m 222 |\u001b[39m     \u001b[22m\n\u001b[2m     \u001b[90m 223 |\u001b[39m     \u001b[90m// Wait for navigation to playlists page\u001b[39m\u001b[22m\n\u001b[2m    \u001b[31m\u001b[1m>\u001b[22m\u001b[2m\u001b[39m\u001b[90m 224 |\u001b[39m     \u001b[36mawait\u001b[39m waitFor(() \u001b[33m=>\u001b[39m {\u001b[22m\n\u001b[2m     \u001b[90m     |\u001b[39m                  \u001b[31m\u001b[1m^\u001b[22m\u001b[2m\u001b[39m\u001b[22m\n\u001b[2m     \u001b[90m 225 |\u001b[39m       expect(screen\u001b[33m.\u001b[39mgetByText(\u001b[32m'Playlists Page'\u001b[39m))\u001b[33m.\u001b[39mtoBeInTheDocument()\u001b[33m;\u001b[39m\u001b[22m\n\u001b[2m     \u001b[90m 226 |\u001b[39m     })\u001b[33m;\u001b[39m\u001b[22m\n\u001b[2m     \u001b[90m 227 |\u001b[39m     \u001b[0m\u001b[22m\n\u001b[2m\u001b[22m\n\u001b[2m      \u001b[2mat waitForWrapper (\u001b[22m\u001b[2mnode_modules/@testing-library/dom/dist/wait-for.js\u001b[2m:163:27)\u001b[22m\u001b[2m\u001b[22m\n\u001b[2m      \u001b[2mat Object.<anonymous> (\u001b[22m\u001b[2m\u001b[0m\u001b[36msrc/__tests__/pages/PlaylistDetail.test.tsx\u001b[39m\u001b[0m\u001b[2m:224:18)\u001b[22m\u001b[2m\u001b[22m\n\u001b[2m      \u001b[2mat TestScheduler.scheduleTests (\u001b[22m\u001b[2mnode_modules/@jest/core/build/TestScheduler.js\u001b[2m:333:13)\u001b[22m\u001b[2m\u001b[22m\n\u001b[2m      \u001b[2mat runJest (\u001b[22m\u001b[2mnode_modules/@jest/core/build/runJest.js\u001b[2m:404:19)\u001b[22m\u001b[2m\u001b[22m\n\u001b[2m      \u001b[2mat _run10000 (\u001b[22m\u001b[2mnode_modules/@jest/core/build/cli/index.js\u001b[2m:320:7)\u001b[22m\u001b[2m\u001b[22m\n\u001b[2m      \u001b[2mat runCLI (\u001b[22m\u001b[2mnode_modules/@jest/core/build/cli/index.js\u001b[2m:173:3)\u001b[22m\u001b[2m\u001b[22m\n\n\u001b[1m\u001b[31m  \u001b[1m● \u001b[22m\u001b[1mPlaylistDetail Component › renders playlist details when data is loaded\u001b[39m\u001b[22m\n\n    \u001b[2mexpect(\u001b[22m\u001b[31mjest.fn()\u001b[39m\u001b[2m).\u001b[22mtoHaveBeenCalledWith\u001b[2m(\u001b[22m\u001b[32m...expected\u001b[39m\u001b[2m)\u001b[22m\n\n    Expected: \u001b[32m\"1\"\u001b[39m\n\n    Number of calls: \u001b[31m0\u001b[39m\n\n    Ignored nodes: comments, script, style\n    \u001b[36m<html>\u001b[39m\n      \u001b[36m<head />\u001b[39m\n      \u001b[36m<body>\u001b[39m\n        \u001b[36m<div>\u001b[39m\n          \u001b[36m<div\u001b[39m\n            \u001b[33mdata-initialentries\u001b[39m=\u001b[32m\"/playlist/1\"\u001b[39m\n            \u001b[33mdata-testid\u001b[39m=\u001b[32m\"memory-router\"\u001b[39m\n          \u001b[36m/>\u001b[39m\n        \u001b[36m</div>\u001b[39m\n      \u001b[36m</body>\u001b[39m\n    \u001b[36m</html>\u001b[39m\n\u001b[2m\u001b[22m\n\u001b[2m    \u001b[0m \u001b[90m 235 |\u001b[39m     \u001b[90m// Wait for playlist to load\u001b[39m\u001b[22m\n\u001b[2m     \u001b[90m 236 |\u001b[39m     \u001b[36mawait\u001b[39m waitFor(() \u001b[33m=>\u001b[39m {\u001b[22m\n\u001b[2m    \u001b[31m\u001b[1m>\u001b[22m\u001b[2m\u001b[39m\u001b[90m 237 |\u001b[39m       expect(apiService\u001b[33m.\u001b[39mplaylists\u001b[33m.\u001b[39mgetPlaylist)\u001b[33m.\u001b[39mtoHaveBeenCalledWith(\u001b[32m'1'\u001b[39m)\u001b[33m;\u001b[39m\u001b[22m\n\u001b[2m     \u001b[90m     |\u001b[39m                                                \u001b[31m\u001b[1m^\u001b[22m\u001b[2m\u001b[39m\u001b[22m\n\u001b[2m     \u001b[90m 238 |\u001b[39m     })\u001b[33m;\u001b[39m\u001b[22m\n\u001b[2m     \u001b[90m 239 |\u001b[39m     \u001b[22m\n\u001b[2m     \u001b[90m 240 |\u001b[39m     \u001b[90m// Check that playlist info is displayed\u001b[39m\u001b[0m\u001b[22m\n\u001b[2m\u001b[22m\n\u001b[2m      \u001b[2mat \u001b[22m\u001b[2m\u001b[0m\u001b[36msrc/__tests__/pages/PlaylistDetail.test.tsx\u001b[39m\u001b[0m\u001b[2m:237:48\u001b[22m\u001b[2m\u001b[22m\n\u001b[2m      \u001b[2mat runWithExpensiveErrorDiagnosticsDisabled (\u001b[22m\u001b[2mnode_modules/@testing-library/dom/dist/config.js\u001b[2m:47:12)\u001b[22m\u001b[2m\u001b[22m\n\u001b[2m      \u001b[2mat checkCallback (\u001b[22m\u001b[2mnode_modules/@testing-library/dom/dist/wait-for.js\u001b[2m:124:77)\u001b[22m\u001b[2m\u001b[22m\n\u001b[2m      \u001b[2mat checkRealTimersCallback (\u001b[22m\u001b[2mnode_modules/@testing-library/dom/dist/wait-for.js\u001b[2m:118:16)\u001b[22m\u001b[2m\u001b[22m\n\u001b[2m      \u001b[2mat Timeout.task [as _onTimeout] (\u001b[22m\u001b[2mnode_modules/jsdom/lib/jsdom/browser/Window.js\u001b[2m:516:19)\u001b[22m\u001b[2m\u001b[22m\n\n\u001b[1m\u001b[31m  \u001b[1m● \u001b[22m\u001b[1mPlaylistDetail Component › allows searching for YouTube videos\u001b[39m\u001b[22m\n\n    \u001b[2mexpect(\u001b[22m\u001b[31mjest.fn()\u001b[39m\u001b[2m).\u001b[22mtoHaveBeenCalledWith\u001b[2m(\u001b[22m\u001b[32m...expected\u001b[39m\u001b[2m)\u001b[22m\n\n    Expected: \u001b[32m\"1\"\u001b[39m\n\n    Number of calls: \u001b[31m0\u001b[39m\n\n    Ignored nodes: comments, script, style\n    \u001b[36m<html>\u001b[39m\n      \u001b[36m<head />\u001b[39m\n      \u001b[36m<body>\u001b[39m\n        \u001b[36m<div>\u001b[39m\n          \u001b[36m<div\u001b[39m\n            \u001b[33mdata-initialentries\u001b[39m=\u001b[32m\"/playlist/1\"\u001b[39m\n            \u001b[33mdata-testid\u001b[39m=\u001b[32m\"memory-router\"\u001b[39m\n          \u001b[36m/>\u001b[39m\n        \u001b[36m</div>\u001b[39m\n      \u001b[36m</body>\u001b[39m\n    \u001b[36m</html>\u001b[39m\n\u001b[2m\u001b[22m\n\u001b[2m    \u001b[0m \u001b[90m 254 |\u001b[39m     \u001b[90m// Wait for playlist to load\u001b[39m\u001b[22m\n\u001b[2m     \u001b[90m 255 |\u001b[39m     \u001b[36mawait\u001b[39m waitFor(() \u001b[33m=>\u001b[39m {\u001b[22m\n\u001b[2m    \u001b[31m\u001b[1m>\u001b[22m\u001b[2m\u001b[39m\u001b[90m 256 |\u001b[39m       expect(apiService\u001b[33m.\u001b[39mplaylists\u001b[33m.\u001b[39mgetPlaylist)\u001b[33m.\u001b[39mtoHaveBeenCalledWith(\u001b[32m'1'\u001b[39m)\u001b[33m;\u001b[39m\u001b[22m\n\u001b[2m     \u001b[90m     |\u001b[39m                                                \u001b[31m\u001b[1m^\u001b[22m\u001b[2m\u001b[39m\u001b[22m\n\u001b[2m     \u001b[90m 257 |\u001b[39m     })\u001b[33m;\u001b[39m\u001b[22m\n\u001b[2m     \u001b[90m 258 |\u001b[39m     \u001b[22m\n\u001b[2m     \u001b[90m 259 |\u001b[39m     \u001b[90m// Find and interact with search input\u001b[39m\u001b[0m\u001b[22m\n\u001b[2m\u001b[22m\n\u001b[2m      \u001b[2mat \u001b[22m\u001b[2m\u001b[0m\u001b[36msrc/__tests__/pages/PlaylistDetail.test.tsx\u001b[39m\u001b[0m\u001b[2m:256:48\u001b[22m\u001b[2m\u001b[22m\n\u001b[2m      \u001b[2mat runWithExpensiveErrorDiagnosticsDisabled (\u001b[22m\u001b[2mnode_modules/@testing-library/dom/dist/config.js\u001b[2m:47:12)\u001b[22m\u001b[2m\u001b[22m\n\u001b[2m      \u001b[2mat checkCallback (\u001b[22m\u001b[2mnode_modules/@testing-library/dom/dist/wait-for.js\u001b[2m:124:77)\u001b[22m\u001b[2m\u001b[22m\n\u001b[2m      \u001b[2mat checkRealTimersCallback (\u001b[22m\u001b[2mnode_modules/@testing-library/dom/dist/wait-for.js\u001b[2m:118:16)\u001b[22m\u001b[2m\u001b[22m\n\u001b[2m      \u001b[2mat Timeout.task [as _onTimeout] (\u001b[22m\u001b[2mnode_modules/jsdom/lib/jsdom/browser/Window.js\u001b[2m:516:19)\u001b[22m\u001b[2m\u001b[22m\n\n\u001b[1m\u001b[31m  \u001b[1m● \u001b[22m\u001b[1mPlaylistDetail Component › displays error when YouTube search fails\u001b[39m\u001b[22m\n\n    \u001b[2mexpect(\u001b[22m\u001b[31mjest.fn()\u001b[39m\u001b[2m).\u001b[22mtoHaveBeenCalledWith\u001b[2m(\u001b[22m\u001b[32m...expected\u001b[39m\u001b[2m)\u001b[22m\n\n    Expected: \u001b[32m\"1\"\u001b[39m\n\n    Number of calls: \u001b[31m0\u001b[39m\n\n    Ignored nodes: comments, script, style\n    \u001b[36m<html>\u001b[39m\n      \u001b[36m<head />\u001b[39m\n      \u001b[36m<body>\u001b[39m\n        \u001b[36m<div>\u001b[39m\n          \u001b[36m<div\u001b[39m\n            \u001b[33mdata-initialentries\u001b[39m=\u001b[32m\"/playlist/1\"\u001b[39m\n            \u001b[33mdata-testid\u001b[39m=\u001b[32m\"memory-router\"\u001b[39m\n          \u001b[36m/>\u001b[39m\n        \u001b[36m</div>\u001b[39m\n      \u001b[36m</body>\u001b[39m\n    \u001b[36m</html>\u001b[39m\n\u001b[2m\u001b[22m\n\u001b[2m    \u001b[0m \u001b[90m 288 |\u001b[39m     \u001b[90m// Wait for playlist to load\u001b[39m\u001b[22m\n\u001b[2m     \u001b[90m 289 |\u001b[39m     \u001b[36mawait\u001b[39m waitFor(() \u001b[33m=>\u001b[39m {\u001b[22m\n\u001b[2m    \u001b[31m\u001b[1m>\u001b[22m\u001b[2m\u001b[39m\u001b[90m 290 |\u001b[39m       expect(apiService\u001b[33m.\u001b[39mplaylists\u001b[33m.\u001b[39mgetPlaylist)\u001b[33m.\u001b[39mtoHaveBeenCalledWith(\u001b[32m'1'\u001b[39m)\u001b[33m;\u001b[39m\u001b[22m\n\u001b[2m     \u001b[90m     |\u001b[39m                                                \u001b[31m\u001b[1m^\u001b[22m\u001b[2m\u001b[39m\u001b[22m\n\u001b[2m     \u001b[90m 291 |\u001b[39m     })\u001b[33m;\u001b[39m\u001b[22m\n\u001b[2m     \u001b[90m 292 |\u001b[39m     \u001b[22m\n\u001b[2m     \u001b[90m 293 |\u001b[39m     \u001b[90m// Find and interact with search input\u001b[39m\u001b[0m\u001b[22m\n\u001b[2m\u001b[22m\n\u001b[2m      \u001b[2mat \u001b[22m\u001b[2m\u001b[0m\u001b[36msrc/__tests__/pages/PlaylistDetail.test.tsx\u001b[39m\u001b[0m\u001b[2m:290:48\u001b[22m\u001b[2m\u001b[22m\n\u001b[2m      \u001b[2mat runWithExpensiveErrorDiagnosticsDisabled (\u001b[22m\u001b[2mnode_modules/@testing-library/dom/dist/config.js\u001b[2m:47:12)\u001b[22m\u001b[2m\u001b[22m\n\u001b[2m      \u001b[2mat checkCallback (\u001b[22m\u001b[2mnode_modules/@testing-library/dom/dist/wait-for.js\u001b[2m:124:77)\u001b[22m\u001b[2m\u001b[22m\n\u001b[2m      \u001b[2mat checkRealTimersCallback (\u001b[22m\u001b[2mnode_modules/@testing-library/dom/dist/wait-for.js\u001b[2m:118:16)\u001b[22m\u001b[2m\u001b[22m\n\u001b[2m      \u001b[2mat Timeout.task [as _onTimeout] (\u001b[22m\u001b[2mnode_modules/jsdom/lib/jsdom/browser/Window.js\u001b[2m:516:19)\u001b[22m\u001b[2m\u001b[22m\n\n\u001b[1m\u001b[31m  \u001b[1m● \u001b[22m\u001b[1mPlaylistDetail Component › allows adding a YouTube track to the playlist\u001b[39m\u001b[22m\n\n    \u001b[2mexpect(\u001b[22m\u001b[31mjest.fn()\u001b[39m\u001b[2m).\u001b[22mtoHaveBeenCalledWith\u001b[2m(\u001b[22m\u001b[32m...expected\u001b[39m\u001b[2m)\u001b[22m\n\n    Expected: \u001b[32m\"1\"\u001b[39m\n\n    Number of calls: \u001b[31m0\u001b[39m\n\n    Ignored nodes: comments, script, style\n    \u001b[36m<html>\u001b[39m\n      \u001b[36m<head />\u001b[39m\n      \u001b[36m<body>\u001b[39m\n        \u001b[36m<div>\u001b[39m\n          \u001b[36m<div\u001b[39m\n            \u001b[33mdata-initialentries\u001b[39m=\u001b[32m\"/playlist/1\"\u001b[39m\n            \u001b[33mdata-testid\u001b[39m=\u001b[32m\"memory-router\"\u001b[39m\n          \u001b[36m/>\u001b[39m\n        \u001b[36m</div>\u001b[39m\n      \u001b[36m</body>\u001b[39m\n    \u001b[36m</html>\u001b[39m\n\u001b[2m\u001b[22m\n\u001b[2m    \u001b[0m \u001b[90m 315 |\u001b[39m     \u001b[90m// Wait for playlist to load\u001b[39m\u001b[22m\n\u001b[2m     \u001b[90m 316 |\u001b[39m     \u001b[36mawait\u001b[39m waitFor(() \u001b[33m=>\u001b[39m {\u001b[22m\n\u001b[2m    \u001b[31m\u001b[1m>\u001b[22m\u001b[2m\u001b[39m\u001b[90m 317 |\u001b[39m       expect(apiService\u001b[33m.\u001b[39mplaylists\u001b[33m.\u001b[39mgetPlaylist)\u001b[33m.\u001b[39mtoHaveBeenCalledWith(\u001b[32m'1'\u001b[39m)\u001b[33m;\u001b[39m\u001b[22m\n\u001b[2m     \u001b[90m     |\u001b[39m                                                \u001b[31m\u001b[1m^\u001b[22m\u001b[2m\u001b[39m\u001b[22m\n\u001b[2m     \u001b[90m 318 |\u001b[39m     })\u001b[33m;\u001b[39m\u001b[22m\n\u001b[2m     \u001b[90m 319 |\u001b[39m     \u001b[22m\n\u001b[2m     \u001b[90m 320 |\u001b[39m     \u001b[90m// Perform a search first\u001b[39m\u001b[0m\u001b[22m\n\u001b[2m\u001b[22m\n\u001b[2m      \u001b[2mat \u001b[22m\u001b[2m\u001b[0m\u001b[36msrc/__tests__/pages/PlaylistDetail.test.tsx\u001b[39m\u001b[0m\u001b[2m:317:48\u001b[22m\u001b[2m\u001b[22m\n\u001b[2m      \u001b[2mat runWithExpensiveErrorDiagnosticsDisabled (\u001b[22m\u001b[2mnode_modules/@testing-library/dom/dist/config.js\u001b[2m:47:12)\u001b[22m\u001b[2m\u001b[22m\n\u001b[2m      \u001b[2mat checkCallback (\u001b[22m\u001b[2mnode_modules/@testing-library/dom/dist/wait-for.js\u001b[2m:124:77)\u001b[22m\u001b[2m\u001b[22m\n\u001b[2m      \u001b[2mat checkRealTimersCallback (\u001b[22m\u001b[2mnode_modules/@testing-library/dom/dist/wait-for.js\u001b[2m:118:16)\u001b[22m\u001b[2m\u001b[22m\n\u001b[2m      \u001b[2mat Timeout.task [as _onTimeout] (\u001b[22m\u001b[2mnode_modules/jsdom/lib/jsdom/browser/Window.js\u001b[2m:516:19)\u001b[22m\u001b[2m\u001b[22m\n\n\u001b[1m\u001b[31m  \u001b[1m● \u001b[22m\u001b[1mPlaylistDetail Component › allows adding a YouTube URL directly\u001b[39m\u001b[22m\n\n    \u001b[2mexpect(\u001b[22m\u001b[31mjest.fn()\u001b[39m\u001b[2m).\u001b[22mtoHaveBeenCalledWith\u001b[2m(\u001b[22m\u001b[32m...expected\u001b[39m\u001b[2m)\u001b[22m\n\n    Expected: \u001b[32m\"1\"\u001b[39m\n\n    Number of calls: \u001b[31m0\u001b[39m\n\n    Ignored nodes: comments, script, style\n    \u001b[36m<html>\u001b[39m\n      \u001b[36m<head />\u001b[39m\n      \u001b[36m<body>\u001b[39m\n        \u001b[36m<div>\u001b[39m\n          \u001b[36m<div\u001b[39m\n            \u001b[33mdata-initialentries\u001b[39m=\u001b[32m\"/playlist/1\"\u001b[39m\n            \u001b[33mdata-testid\u001b[39m=\u001b[32m\"memory-router\"\u001b[39m\n          \u001b[36m/>\u001b[39m\n        \u001b[36m</div>\u001b[39m\n      \u001b[36m</body>\u001b[39m\n    \u001b[36m</html>\u001b[39m\n\u001b[2m\u001b[22m\n\u001b[2m    \u001b[0m \u001b[90m 357 |\u001b[39m     \u001b[90m// Wait for playlist to load\u001b[39m\u001b[22m\n\u001b[2m     \u001b[90m 358 |\u001b[39m     \u001b[36mawait\u001b[39m waitFor(() \u001b[33m=>\u001b[39m {\u001b[22m\n\u001b[2m    \u001b[31m\u001b[1m>\u001b[22m\u001b[2m\u001b[39m\u001b[90m 359 |\u001b[39m       expect(apiService\u001b[33m.\u001b[39mplaylists\u001b[33m.\u001b[39mgetPlaylist)\u001b[33m.\u001b[39mtoHaveBeenCalledWith(\u001b[32m'1'\u001b[39m)\u001b[33m;\u001b[39m\u001b[22m\n\u001b[2m     \u001b[90m     |\u001b[39m                                                \u001b[31m\u001b[1m^\u001b[22m\u001b[2m\u001b[39m\u001b[22m\n\u001b[2m     \u001b[90m 360 |\u001b[39m     })\u001b[33m;\u001b[39m\u001b[22m\n\u001b[2m     \u001b[90m 361 |\u001b[39m     \u001b[22m\n\u001b[2m     \u001b[90m 362 |\u001b[39m     \u001b[90m// Find and interact with YouTube URL input\u001b[39m\u001b[0m\u001b[22m\n\u001b[2m\u001b[22m\n\u001b[2m      \u001b[2mat \u001b[22m\u001b[2m\u001b[0m\u001b[36msrc/__tests__/pages/PlaylistDetail.test.tsx\u001b[39m\u001b[0m\u001b[2m:359:48\u001b[22m\u001b[2m\u001b[22m\n\u001b[2m      \u001b[2mat runWithExpensiveErrorDiagnosticsDisabled (\u001b[22m\u001b[2mnode_modules/@testing-library/dom/dist/config.js\u001b[2m:47:12)\u001b[22m\u001b[2m\u001b[22m\n\u001b[2m      \u001b[2mat checkCallback (\u001b[22m\u001b[2mnode_modules/@testing-library/dom/dist/wait-for.js\u001b[2m:124:77)\u001b[22m\u001b[2m\u001b[22m\n\u001b[2m      \u001b[2mat checkRealTimersCallback (\u001b[22m\u001b[2mnode_modules/@testing-library/dom/dist/wait-for.js\u001b[2m:118:16)\u001b[22m\u001b[2m\u001b[22m\n\u001b[2m      \u001b[2mat Timeout.task [as _onTimeout] (\u001b[22m\u001b[2mnode_modules/jsdom/lib/jsdom/browser/Window.js\u001b[2m:516:19)\u001b[22m\u001b[2m\u001b[22m\n\n\u001b[1m\u001b[31m  \u001b[1m● \u001b[22m\u001b[1mPlaylistDetail Component › displays error when adding invalid YouTube URL\u001b[39m\u001b[22m\n\n    \u001b[2mexpect(\u001b[22m\u001b[31mjest.fn()\u001b[39m\u001b[2m).\u001b[22mtoHaveBeenCalledWith\u001b[2m(\u001b[22m\u001b[32m...expected\u001b[39m\u001b[2m)\u001b[22m\n\n    Expected: \u001b[32m\"1\"\u001b[39m\n\n    Number of calls: \u001b[31m0\u001b[39m\n\n    Ignored nodes: comments, script, style\n    \u001b[36m<html>\u001b[39m\n      \u001b[36m<head />\u001b[39m\n      \u001b[36m<body>\u001b[39m\n        \u001b[36m<div>\u001b[39m\n          \u001b[36m<div\u001b[39m\n            \u001b[33mdata-initialentries\u001b[39m=\u001b[32m\"/playlist/1\"\u001b[39m\n            \u001b[33mdata-testid\u001b[39m=\u001b[32m\"memory-router\"\u001b[39m\n          \u001b[36m/>\u001b[39m\n        \u001b[36m</div>\u001b[39m\n      \u001b[36m</body>\u001b[39m\n    \u001b[36m</html>\u001b[39m\n\u001b[2m\u001b[22m\n\u001b[2m    \u001b[0m \u001b[90m 387 |\u001b[39m     \u001b[90m// Wait for playlist to load\u001b[39m\u001b[22m\n\u001b[2m     \u001b[90m 388 |\u001b[39m     \u001b[36mawait\u001b[39m waitFor(() \u001b[33m=>\u001b[39m {\u001b[22m\n\u001b[2m    \u001b[31m\u001b[1m>\u001b[22m\u001b[2m\u001b[39m\u001b[90m 389 |\u001b[39m       expect(apiService\u001b[33m.\u001b[39mplaylists\u001b[33m.\u001b[39mgetPlaylist)\u001b[33m.\u001b[39mtoHaveBeenCalledWith(\u001b[32m'1'\u001b[39m)\u001b[33m;\u001b[39m\u001b[22m\n\u001b[2m     \u001b[90m     |\u001b[39m                                                \u001b[31m\u001b[1m^\u001b[22m\u001b[2m\u001b[39m\u001b[22m\n\u001b[2m     \u001b[90m 390 |\u001b[39m     })\u001b[33m;\u001b[39m\u001b[22m\n\u001b[2m     \u001b[90m 391 |\u001b[39m     \u001b[22m\n\u001b[2m     \u001b[90m 392 |\u001b[39m     \u001b[90m// Find and interact with YouTube URL input\u001b[39m\u001b[0m\u001b[22m\n\u001b[2m\u001b[22m\n\u001b[2m      \u001b[2mat \u001b[22m\u001b[2m\u001b[0m\u001b[36msrc/__tests__/pages/PlaylistDetail.test.tsx\u001b[39m\u001b[0m\u001b[2m:389:48\u001b[22m\u001b[2m\u001b[22m\n\u001b[2m      \u001b[2mat runWithExpensiveErrorDiagnosticsDisabled (\u001b[22m\u001b[2mnode_modules/@testing-library/dom/dist/config.js\u001b[2m:47:12)\u001b[22m\u001b[2m\u001b[22m\n\u001b[2m      \u001b[2mat checkCallback (\u001b[22m\u001b[2mnode_modules/@testing-library/dom/dist/wait-for.js\u001b[2m:124:77)\u001b[22m\u001b[2m\u001b[22m\n\u001b[2m      \u001b[2mat checkRealTimersCallback (\u001b[22m\u001b[2mnode_modules/@testing-library/dom/dist/wait-for.js\u001b[2m:118:16)\u001b[22m\u001b[2m\u001b[22m\n\u001b[2m      \u001b[2mat Timeout.task [as _onTimeout] (\u001b[22m\u001b[2mnode_modules/jsdom/lib/jsdom/browser/Window.js\u001b[2m:516:19)\u001b[22m\u001b[2m\u001b[22m\n\n\u001b[1m\u001b[31m  \u001b[1m● \u001b[22m\u001b[1mPlaylistDetail Component › allows removing a song from the playlist\u001b[39m\u001b[22m\n\n    \u001b[2mexpect(\u001b[22m\u001b[31mjest.fn()\u001b[39m\u001b[2m).\u001b[22mtoHaveBeenCalledWith\u001b[2m(\u001b[22m\u001b[32m...expected\u001b[39m\u001b[2m)\u001b[22m\n\n    Expected: \u001b[32m\"1\"\u001b[39m\n\n    Number of calls: \u001b[31m0\u001b[39m\n\n    Ignored nodes: comments, script, style\n    \u001b[36m<html>\u001b[39m\n      \u001b[36m<head />\u001b[39m\n      \u001b[36m<body>\u001b[39m\n        \u001b[36m<div>\u001b[39m\n          \u001b[36m<div\u001b[39m\n            \u001b[33mdata-initialentries\u001b[39m=\u001b[32m\"/playlist/1\"\u001b[39m\n            \u001b[33mdata-testid\u001b[39m=\u001b[32m\"memory-router\"\u001b[39m\n          \u001b[36m/>\u001b[39m\n        \u001b[36m</div>\u001b[39m\n      \u001b[36m</body>\u001b[39m\n    \u001b[36m</html>\u001b[39m\n\u001b[2m\u001b[22m\n\u001b[2m    \u001b[0m \u001b[90m 412 |\u001b[39m     \u001b[90m// Wait for playlist to load\u001b[39m\u001b[22m\n\u001b[2m     \u001b[90m 413 |\u001b[39m     \u001b[36mawait\u001b[39m waitFor(() \u001b[33m=>\u001b[39m {\u001b[22m\n\u001b[2m    \u001b[31m\u001b[1m>\u001b[22m\u001b[2m\u001b[39m\u001b[90m 414 |\u001b[39m       expect(apiService\u001b[33m.\u001b[39mplaylists\u001b[33m.\u001b[39mgetPlaylist)\u001b[33m.\u001b[39mtoHaveBeenCalledWith(\u001b[32m'1'\u001b[39m)\u001b[33m;\u001b[39m\u001b[22m\n\u001b[2m     \u001b[90m     |\u001b[39m                                                \u001b[31m\u001b[1m^\u001b[22m\u001b[2m\u001b[39m\u001b[22m\n\u001b[2m     \u001b[90m 415 |\u001b[39m     })\u001b[33m;\u001b[39m\u001b[22m\n\u001b[2m     \u001b[90m 416 |\u001b[39m     \u001b[22m\n\u001b[2m     \u001b[90m 417 |\u001b[39m     \u001b[90m// Find and click remove button for first song\u001b[39m\u001b[0m\u001b[22m\n\u001b[2m\u001b[22m\n\u001b[2m      \u001b[2mat \u001b[22m\u001b[2m\u001b[0m\u001b[36msrc/__tests__/pages/PlaylistDetail.test.tsx\u001b[39m\u001b[0m\u001b[2m:414:48\u001b[22m\u001b[2m\u001b[22m\n\u001b[2m      \u001b[2mat runWithExpensiveErrorDiagnosticsDisabled (\u001b[22m\u001b[2mnode_modules/@testing-library/dom/dist/config.js\u001b[2m:47:12)\u001b[22m\u001b[2m\u001b[22m\n\u001b[2m      \u001b[2mat checkCallback (\u001b[22m\u001b[2mnode_modules/@testing-library/dom/dist/wait-for.js\u001b[2m:124:77)\u001b[22m\u001b[2m\u001b[22m\n\u001b[2m      \u001b[2mat checkRealTimersCallback (\u001b[22m\u001b[2mnode_modules/@testing-library/dom/dist/wait-for.js\u001b[2m:118:16)\u001b[22m\u001b[2m\u001b[22m\n\u001b[2m      \u001b[2mat Timeout.task [as _onTimeout] (\u001b[22m\u001b[2mnode_modules/jsdom/lib/jsdom/browser/Window.js\u001b[2m:516:19)\u001b[22m\u001b[2m\u001b[22m\n\n\u001b[1m\u001b[31m  \u001b[1m● \u001b[22m\u001b[1mPlaylistDetail Component › displays error when removing a song fails\u001b[39m\u001b[22m\n\n    \u001b[2mexpect(\u001b[22m\u001b[31mjest.fn()\u001b[39m\u001b[2m).\u001b[22mtoHaveBeenCalledWith\u001b[2m(\u001b[22m\u001b[32m...expected\u001b[39m\u001b[2m)\u001b[22m\n\n    Expected: \u001b[32m\"1\"\u001b[39m\n\n    Number of calls: \u001b[31m0\u001b[39m\n\n    Ignored nodes: comments, script, style\n    \u001b[36m<html>\u001b[39m\n      \u001b[36m<head />\u001b[39m\n      \u001b[36m<body>\u001b[39m\n        \u001b[36m<div>\u001b[39m\n          \u001b[36m<div\u001b[39m\n            \u001b[33mdata-initialentries\u001b[39m=\u001b[32m\"/playlist/1\"\u001b[39m\n            \u001b[33mdata-testid\u001b[39m=\u001b[32m\"memory-router\"\u001b[39m\n          \u001b[36m/>\u001b[39m\n        \u001b[36m</div>\u001b[39m\n      \u001b[36m</body>\u001b[39m\n    \u001b[36m</html>\u001b[39m\n\u001b[2m\u001b[22m\n\u001b[2m    \u001b[0m \u001b[90m 442 |\u001b[39m     \u001b[90m// Wait for playlist to load\u001b[39m\u001b[22m\n\u001b[2m     \u001b[90m 443 |\u001b[39m     \u001b[36mawait\u001b[39m waitFor(() \u001b[33m=>\u001b[39m {\u001b[22m\n\u001b[2m    \u001b[31m\u001b[1m>\u001b[22m\u001b[2m\u001b[39m\u001b[90m 444 |\u001b[39m       expect(apiService\u001b[33m.\u001b[39mplaylists\u001b[33m.\u001b[39mgetPlaylist)\u001b[33m.\u001b[39mtoHaveBeenCalledWith(\u001b[32m'1'\u001b[39m)\u001b[33m;\u001b[39m\u001b[22m\n\u001b[2m     \u001b[90m     |\u001b[39m                                                \u001b[31m\u001b[1m^\u001b[22m\u001b[2m\u001b[39m\u001b[22m\n\u001b[2m     \u001b[90m 445 |\u001b[39m     })\u001b[33m;\u001b[39m\u001b[22m\n\u001b[2m     \u001b[90m 446 |\u001b[39m     \u001b[22m\n\u001b[2m     \u001b[90m 447 |\u001b[39m     \u001b[90m// Find and click remove button for first song\u001b[39m\u001b[0m\u001b[22m\n\u001b[2m\u001b[22m\n\u001b[2m      \u001b[2mat \u001b[22m\u001b[2m\u001b[0m\u001b[36msrc/__tests__/pages/PlaylistDetail.test.tsx\u001b[39m\u001b[0m\u001b[2m:444:48\u001b[22m\u001b[2m\u001b[22m\n\u001b[2m      \u001b[2mat runWithExpensiveErrorDiagnosticsDisabled (\u001b[22m\u001b[2mnode_modules/@testing-library/dom/dist/config.js\u001b[2m:47:12)\u001b[22m\u001b[2m\u001b[22m\n\u001b[2m      \u001b[2mat checkCallback (\u001b[22m\u001b[2mnode_modules/@testing-library/dom/dist/wait-for.js\u001b[2m:124:77)\u001b[22m\u001b[2m\u001b[22m\n\u001b[2m      \u001b[2mat checkRealTimersCallback (\u001b[22m\u001b[2mnode_modules/@testing-library/dom/dist/wait-for.js\u001b[2m:118:16)\u001b[22m\u001b[2m\u001b[22m\n\u001b[2m      \u001b[2mat Timeout.task [as _onTimeout] (\u001b[22m\u001b[2mnode_modules/jsdom/lib/jsdom/browser/Window.js\u001b[2m:516:19)\u001b[22m\u001b[2m\u001b[22m\n\n\u001b[1m\u001b[31m  \u001b[1m● \u001b[22m\u001b[1mPlaylistDetail Component › allows playing the playlist in the music player\u001b[39m\u001b[22m\n\n    \u001b[2mexpect(\u001b[22m\u001b[31mjest.fn()\u001b[39m\u001b[2m).\u001b[22mtoHaveBeenCalledWith\u001b[2m(\u001b[22m\u001b[32m...expected\u001b[39m\u001b[2m)\u001b[22m\n\n    Expected: \u001b[32m\"1\"\u001b[39m\n\n    Number of calls: \u001b[31m0\u001b[39m\n\n    Ignored nodes: comments, script, style\n    \u001b[36m<html>\u001b[39m\n      \u001b[36m<head />\u001b[39m\n      \u001b[36m<body>\u001b[39m\n        \u001b[36m<div>\u001b[39m\n          \u001b[36m<div\u001b[39m\n            \u001b[33mdata-initialentries\u001b[39m=\u001b[32m\"/playlist/1\"\u001b[39m\n            \u001b[33mdata-testid\u001b[39m=\u001b[32m\"memory-router\"\u001b[39m\n          \u001b[36m/>\u001b[39m\n        \u001b[36m</div>\u001b[39m\n      \u001b[36m</body>\u001b[39m\n    \u001b[36m</html>\u001b[39m\n\u001b[2m\u001b[22m\n\u001b[2m    \u001b[0m \u001b[90m 460 |\u001b[39m     \u001b[90m// Wait for playlist to load\u001b[39m\u001b[22m\n\u001b[2m     \u001b[90m 461 |\u001b[39m     \u001b[36mawait\u001b[39m waitFor(() \u001b[33m=>\u001b[39m {\u001b[22m\n\u001b[2m    \u001b[31m\u001b[1m>\u001b[22m\u001b[2m\u001b[39m\u001b[90m 462 |\u001b[39m       expect(apiService\u001b[33m.\u001b[39mplaylists\u001b[33m.\u001b[39mgetPlaylist)\u001b[33m.\u001b[39mtoHaveBeenCalledWith(\u001b[32m'1'\u001b[39m)\u001b[33m;\u001b[39m\u001b[22m\n\u001b[2m     \u001b[90m     |\u001b[39m                                                \u001b[31m\u001b[1m^\u001b[22m\u001b[2m\u001b[39m\u001b[22m\n\u001b[2m     \u001b[90m 463 |\u001b[39m     })\u001b[33m;\u001b[39m\u001b[22m\n\u001b[2m     \u001b[90m 464 |\u001b[39m     \u001b[22m\n\u001b[2m     \u001b[90m 465 |\u001b[39m     \u001b[90m// Find and click play button\u001b[39m\u001b[0m\u001b[22m\n\u001b[2m\u001b[22m\n\u001b[2m      \u001b[2mat \u001b[22m\u001b[2m\u001b[0m\u001b[36msrc/__tests__/pages/PlaylistDetail.test.tsx\u001b[39m\u001b[0m\u001b[2m:462:48\u001b[22m\u001b[2m\u001b[22m\n\u001b[2m      \u001b[2mat runWithExpensiveErrorDiagnosticsDisabled (\u001b[22m\u001b[2mnode_modules/@testing-library/dom/dist/config.js\u001b[2m:47:12)\u001b[22m\u001b[2m\u001b[22m\n\u001b[2m      \u001b[2mat checkCallback (\u001b[22m\u001b[2mnode_modules/@testing-library/dom/dist/wait-for.js\u001b[2m:124:77)\u001b[22m\u001b[2m\u001b[22m\n\u001b[2m      \u001b[2mat checkRealTimersCallback (\u001b[22m\u001b[2mnode_modules/@testing-library/dom/dist/wait-for.js\u001b[2m:118:16)\u001b[22m\u001b[2m\u001b[22m\n\u001b[2m      \u001b[2mat Timeout.task [as _onTimeout] (\u001b[22m\u001b[2mnode_modules/jsdom/lib/jsdom/browser/Window.js\u001b[2m:516:19)\u001b[22m\u001b[2m\u001b[22m\n\n\u001b[1m\u001b[31m  \u001b[1m● \u001b[22m\u001b[1mPlaylistDetail Component › formats durations correctly\u001b[39m\u001b[22m\n\n    \u001b[2mexpect(\u001b[22m\u001b[31mjest.fn()\u001b[39m\u001b[2m).\u001b[22mtoHaveBeenCalledWith\u001b[2m(\u001b[22m\u001b[32m...expected\u001b[39m\u001b[2m)\u001b[22m\n\n    Expected: \u001b[32m\"1\"\u001b[39m\n\n    Number of calls: \u001b[31m0\u001b[39m\n\n    Ignored nodes: comments, script, style\n    \u001b[36m<html>\u001b[39m\n      \u001b[36m<head />\u001b[39m\n      \u001b[36m<body>\u001b[39m\n        \u001b[36m<div>\u001b[39m\n          \u001b[36m<div\u001b[39m\n            \u001b[33mdata-initialentries\u001b[39m=\u001b[32m\"/playlist/1\"\u001b[39m\n            \u001b[33mdata-testid\u001b[39m=\u001b[32m\"memory-router\"\u001b[39m\n          \u001b[36m/>\u001b[39m\n        \u001b[36m</div>\u001b[39m\n      \u001b[36m</body>\u001b[39m\n    \u001b[36m</html>\u001b[39m\n\u001b[2m\u001b[22m\n\u001b[2m    \u001b[0m \u001b[90m 492 |\u001b[39m     \u001b[90m// Wait for playlist to load\u001b[39m\u001b[22m\n\u001b[2m     \u001b[90m 493 |\u001b[39m     \u001b[36mawait\u001b[39m waitFor(() \u001b[33m=>\u001b[39m {\u001b[22m\n\u001b[2m    \u001b[31m\u001b[1m>\u001b[22m\u001b[2m\u001b[39m\u001b[90m 494 |\u001b[39m       expect(apiService\u001b[33m.\u001b[39mplaylists\u001b[33m.\u001b[39mgetPlaylist)\u001b[33m.\u001b[39mtoHaveBeenCalledWith(\u001b[32m'1'\u001b[39m)\u001b[33m;\u001b[39m\u001b[22m\n\u001b[2m     \u001b[90m     |\u001b[39m                                                \u001b[31m\u001b[1m^\u001b[22m\u001b[2m\u001b[39m\u001b[22m\n\u001b[2m     \u001b[90m 495 |\u001b[39m     })\u001b[33m;\u001b[39m\u001b[22m\n\u001b[2m     \u001b[90m 496 |\u001b[39m     \u001b[22m\n\u001b[2m     \u001b[90m 497 |\u001b[39m     \u001b[90m// Check that durations are formatted correctly (180 seconds = 3:00)\u001b[39m\u001b[0m\u001b[22m\n\u001b[2m\u001b[22m\n\u001b[2m      \u001b[2mat \u001b[22m\u001b[2m\u001b[0m\u001b[36msrc/__tests__/pages/PlaylistDetail.test.tsx\u001b[39m\u001b[0m\u001b[2m:494:48\u001b[22m\u001b[2m\u001b[22m\n\u001b[2m      \u001b[2mat runWithExpensiveErrorDiagnosticsDisabled (\u001b[22m\u001b[2mnode_modules/@testing-library/dom/dist/config.js\u001b[2m:47:12)\u001b[22m\u001b[2m\u001b[22m\n\u001b[2m      \u001b[2mat checkCallback (\u001b[22m\u001b[2mnode_modules/@testing-library/dom/dist/wait-for.js\u001b[2m:124:77)\u001b[22m\u001b[2m\u001b[22m\n\u001b[2m      \u001b[2mat checkRealTimersCallback (\u001b[22m\u001b[2mnode_modules/@testing-library/dom/dist/wait-for.js\u001b[2m:118:16)\u001b[22m\u001b[2m\u001b[22m\n\u001b[2m      \u001b[2mat Timeout.task [as _onTimeout] (\u001b[22m\u001b[2mnode_modules/jsdom/lib/jsdom/browser/Window.js\u001b[2m:516:19)\u001b[22m\u001b[2m\u001b[22m\n\n\u001b[1m\u001b[31m  \u001b[1m● \u001b[22m\u001b[1mPlaylistDetail Component › displays UI for empty playlist\u001b[39m\u001b[22m\n\n    \u001b[2mexpect(\u001b[22m\u001b[31mjest.fn()\u001b[39m\u001b[2m).\u001b[22mtoHaveBeenCalledWith\u001b[2m(\u001b[22m\u001b[32m...expected\u001b[39m\u001b[2m)\u001b[22m\n\n    Expected: \u001b[32m\"1\"\u001b[39m\n\n    Number of calls: \u001b[31m0\u001b[39m\n\n    Ignored nodes: comments, script, style\n    \u001b[36m<html>\u001b[39m\n      \u001b[36m<head />\u001b[39m\n      \u001b[36m<body>\u001b[39m\n        \u001b[36m<div>\u001b[39m\n          \u001b[36m<div\u001b[39m\n            \u001b[33mdata-initialentries\u001b[39m=\u001b[32m\"/playlist/1\"\u001b[39m\n            \u001b[33mdata-testid\u001b[39m=\u001b[32m\"memory-router\"\u001b[39m\n          \u001b[36m/>\u001b[39m\n        \u001b[36m</div>\u001b[39m\n      \u001b[36m</body>\u001b[39m\n    \u001b[36m</html>\u001b[39m\n\u001b[2m\u001b[22m\n\u001b[2m    \u001b[0m \u001b[90m 512 |\u001b[39m     \u001b[90m// Wait for playlist to load\u001b[39m\u001b[22m\n\u001b[2m     \u001b[90m 513 |\u001b[39m     \u001b[36mawait\u001b[39m waitFor(() \u001b[33m=>\u001b[39m {\u001b[22m\n\u001b[2m    \u001b[31m\u001b[1m>\u001b[22m\u001b[2m\u001b[39m\u001b[90m 514 |\u001b[39m       expect(apiService\u001b[33m.\u001b[39mplaylists\u001b[33m.\u001b[39mgetPlaylist)\u001b[33m.\u001b[39mtoHaveBeenCalledWith(\u001b[32m'1'\u001b[39m)\u001b[33m;\u001b[39m\u001b[22m\n\u001b[2m     \u001b[90m     |\u001b[39m                                                \u001b[31m\u001b[1m^\u001b[22m\u001b[2m\u001b[39m\u001b[22m\n\u001b[2m     \u001b[90m 515 |\u001b[39m     })\u001b[33m;\u001b[39m\u001b[22m\n\u001b[2m     \u001b[90m 516 |\u001b[39m     \u001b[22m\n\u001b[2m     \u001b[90m 517 |\u001b[39m     \u001b[90m// Check for empty state message\u001b[39m\u001b[0m\u001b[22m\n\u001b[2m\u001b[22m\n\u001b[2m      \u001b[2mat \u001b[22m\u001b[2m\u001b[0m\u001b[36msrc/__tests__/pages/PlaylistDetail.test.tsx\u001b[39m\u001b[0m\u001b[2m:514:48\u001b[22m\u001b[2m\u001b[22m\n\u001b[2m      \u001b[2mat runWithExpensiveErrorDiagnosticsDisabled (\u001b[22m\u001b[2mnode_modules/@testing-library/dom/dist/config.js\u001b[2m:47:12)\u001b[22m\u001b[2m\u001b[22m\n\u001b[2m      \u001b[2mat checkCallback (\u001b[22m\u001b[2mnode_modules/@testing-library/dom/dist/wait-for.js\u001b[2m:124:77)\u001b[22m\u001b[2m\u001b[22m\n\u001b[2m      \u001b[2mat checkRealTimersCallback (\u001b[22m\u001b[2mnode_modules/@testing-library/dom/dist/wait-for.js\u001b[2m:118:16)\u001b[22m\u001b[2m\u001b[22m\n\u001b[2m      \u001b[2mat Timeout.task [as _onTimeout] (\u001b[22m\u001b[2mnode_modules/jsdom/lib/jsdom/browser/Window.js\u001b[2m:516:19)\u001b[22m\u001b[2m\u001b[22m\n\n\u001b[1m\u001b[31m  \u001b[1m● \u001b[22m\u001b[1mPlaylistDetail Component › displays error when loading tracks fails\u001b[39m\u001b[22m\n\n    \u001b[2mexpect(\u001b[22m\u001b[31mjest.fn()\u001b[39m\u001b[2m).\u001b[22mtoHaveBeenCalledWith\u001b[2m(\u001b[22m\u001b[32m...expected\u001b[39m\u001b[2m)\u001b[22m\n\n    Expected: \u001b[32m\"1\"\u001b[39m\n\n    Number of calls: \u001b[31m0\u001b[39m\n\n    Ignored nodes: comments, script, style\n    \u001b[36m<html>\u001b[39m\n      \u001b[36m<head />\u001b[39m\n      \u001b[36m<body>\u001b[39m\n        \u001b[36m<div>\u001b[39m\n          \u001b[36m<div\u001b[39m\n            \u001b[33mdata-initialentries\u001b[39m=\u001b[32m\"/playlist/1\"\u001b[39m\n            \u001b[33mdata-testid\u001b[39m=\u001b[32m\"memory-router\"\u001b[39m\n          \u001b[36m/>\u001b[39m\n        \u001b[36m</div>\u001b[39m\n      \u001b[36m</body>\u001b[39m\n    \u001b[36m</html>\u001b[39m\n\u001b[2m\u001b[22m\n\u001b[2m    \u001b[0m \u001b[90m 547 |\u001b[39m     \u001b[90m// Wait for playlist to load\u001b[39m\u001b[22m\n\u001b[2m     \u001b[90m 548 |\u001b[39m     \u001b[36mawait\u001b[39m waitFor(() \u001b[33m=>\u001b[39m {\u001b[22m\n\u001b[2m    \u001b[31m\u001b[1m>\u001b[22m\u001b[2m\u001b[39m\u001b[90m 549 |\u001b[39m       expect(apiService\u001b[33m.\u001b[39mplaylists\u001b[33m.\u001b[39mgetPlaylist)\u001b[33m.\u001b[39mtoHaveBeenCalledWith(\u001b[32m'1'\u001b[39m)\u001b[33m;\u001b[39m\u001b[22m\n\u001b[2m     \u001b[90m     |\u001b[39m                                                \u001b[31m\u001b[1m^\u001b[22m\u001b[2m\u001b[39m\u001b[22m\n\u001b[2m     \u001b[90m 550 |\u001b[39m     })\u001b[33m;\u001b[39m\u001b[22m\n\u001b[2m     \u001b[90m 551 |\u001b[39m     \u001b[22m\n\u001b[2m     \u001b[90m 552 |\u001b[39m     \u001b[90m// Check for error toast\u001b[39m\u001b[0m\u001b[22m\n\u001b[2m\u001b[22m\n\u001b[2m      \u001b[2mat \u001b[22m\u001b[2m\u001b[0m\u001b[36msrc/__tests__/pages/PlaylistDetail.test.tsx\u001b[39m\u001b[0m\u001b[2m:549:48\u001b[22m\u001b[2m\u001b[22m\n\u001b[2m      \u001b[2mat runWithExpensiveErrorDiagnosticsDisabled (\u001b[22m\u001b[2mnode_modules/@testing-library/dom/dist/config.js\u001b[2m:47:12)\u001b[22m\u001b[2m\u001b[22m\n\u001b[2m      \u001b[2mat checkCallback (\u001b[22m\u001b[2mnode_modules/@testing-library/dom/dist/wait-for.js\u001b[2m:124:77)\u001b[22m\u001b[2m\u001b[22m\n\u001b[2m      \u001b[2mat checkRealTimersCallback (\u001b[22m\u001b[2mnode_modules/@testing-library/dom/dist/wait-for.js\u001b[2m:118:16)\u001b[22m\u001b[2m\u001b[22m\n\u001b[2m      \u001b[2mat Timeout.task [as _onTimeout] (\u001b[22m\u001b[2mnode_modules/jsdom/lib/jsdom/browser/Window.js\u001b[2m:516:19)\u001b[22m\u001b[2m\u001b[22m\n","name":"/Users/josephwaugh/Desktop/ReactProjects/VibeFlo/client/src/__tests__/pages/PlaylistDetail.test.tsx","startTime":1744754912174,"status":"failed","summary":""}],"wasInterrupted":false}