{"/Users/josephwaugh/Desktop/ReactProjects/VibeFlo/server/src/app.ts": {"path":"/Users/josephwaugh/Desktop/ReactProjects/VibeFlo/server/src/app.ts","statementMap":{"0":{"start":{"line":1,"column":0},"end":{"line":1,"column":30}},"1":{"start":{"line":2,"column":0},"end":{"line":2,"column":24}},"2":{"start":{"line":3,"column":0},"end":{"line":3,"column":32}},"3":{"start":{"line":4,"column":0},"end":{"line":4,"column":33}},"4":{"start":{"line":7,"column":13},"end":{"line":7,"column":29}},"5":{"start":{"line":10,"column":0},"end":{"line":15,"column":4}},"6":{"start":{"line":18,"column":0},"end":{"line":18,"column":41}},"7":{"start":{"line":19,"column":0},"end":{"line":19,"column":63}},"8":{"start":{"line":20,"column":0},"end":{"line":20,"column":31}},"9":{"start":{"line":23,"column":0},"end":{"line":23,"column":27}},"10":{"start":{"line":26,"column":0},"end":{"line":28,"column":3}},"11":{"start":{"line":27,"column":2},"end":{"line":27,"column":37}}},"fnMap":{"0":{"name":"(anonymous_1)","decl":{"start":{"line":26,"column":13},"end":{"line":26,"column":14}},"loc":{"start":{"line":26,"column":26},"end":{"line":28,"column":1}}}},"branchMap":{},"s":{"0":0,"1":0,"2":0,"3":0,"4":0,"5":0,"6":0,"7":0,"8":0,"9":0,"10":0,"11":0},"f":{"0":0},"b":{}}
,"/Users/josephwaugh/Desktop/ReactProjects/VibeFlo/server/src/db.ts": {"path":"/Users/josephwaugh/Desktop/ReactProjects/VibeFlo/server/src/db.ts","statementMap":{"0":{"start":{"line":1,"column":0},"end":{"line":1,"column":24}},"1":{"start":{"line":2,"column":0},"end":{"line":2,"column":28}},"2":{"start":{"line":4,"column":0},"end":{"line":4,"column":16}},"3":{"start":{"line":6,"column":13},"end":{"line":16,"column":3}}},"fnMap":{},"branchMap":{},"s":{"0":0,"1":0,"2":0,"3":0},"f":{},"b":{}}
,"/Users/josephwaugh/Desktop/ReactProjects/VibeFlo/server/src/config/db.ts": {"path":"/Users/josephwaugh/Desktop/ReactProjects/VibeFlo/server/src/config/db.ts","statementMap":{"0":{"start":{"line":1,"column":0},"end":{"line":1,"column":26}},"1":{"start":{"line":2,"column":0},"end":{"line":2,"column":28}},"2":{"start":{"line":4,"column":0},"end":{"line":4,"column":16}},"3":{"start":{"line":7,"column":13},"end":{"line":9,"column":2}},"4":{"start":{"line":12,"column":25},"end":{"line":20,"column":2}},"5":{"start":{"line":12,"column":36},"end":{"line":20,"column":2}},"6":{"start":{"line":13,"column":2},"end":{"line":19,"column":3}},"7":{"start":{"line":14,"column":4},"end":{"line":14,"column":25}},"8":{"start":{"line":15,"column":4},"end":{"line":15,"column":49}},"9":{"start":{"line":17,"column":4},"end":{"line":17,"column":69}},"10":{"start":{"line":18,"column":4},"end":{"line":18,"column":20}},"11":{"start":{"line":12,"column":13},"end":{"line":12,"column":25}},"12":{"start":{"line":23,"column":0},"end":{"line":23,"column":20}}},"fnMap":{"0":{"name":"(anonymous_8)","decl":{"start":{"line":12,"column":25},"end":{"line":12,"column":34}},"loc":{"start":{"line":12,"column":36},"end":{"line":20,"column":2}}},"1":{"name":"(anonymous_9)","decl":{"start":{"line":12,"column":36},"end":{"line":12,"column":null}},"loc":{"start":{"line":12,"column":36},"end":{"line":20,"column":1}}}},"branchMap":{},"s":{"0":0,"1":0,"2":0,"3":0,"4":0,"5":0,"6":0,"7":0,"8":0,"9":0,"10":0,"11":0,"12":0},"f":{"0":0,"1":0},"b":{}}
,"/Users/josephwaugh/Desktop/ReactProjects/VibeFlo/server/src/config/passport.ts": {"path":"/Users/josephwaugh/Desktop/ReactProjects/VibeFlo/server/src/config/passport.ts","statementMap":{"0":{"start":{"line":1,"column":0},"end":{"line":1,"column":32}},"1":{"start":{"line":2,"column":0},"end":{"line":2,"column":67}},"2":{"start":{"line":3,"column":0},"end":{"line":3,"column":69}},"3":{"start":{"line":4,"column":0},"end":{"line":4,"column":62}},"4":{"start":{"line":5,"column":0},"end":{"line":5,"column":65}},"5":{"start":{"line":9,"column":0},"end":{"line":9,"column":28}},"6":{"start":{"line":10,"column":0},"end":{"line":10,"column":27}},"7":{"start":{"line":13,"column":0},"end":{"line":13,"column":16}},"8":{"start":{"line":23,"column":4},"end":{"line":23,"column":15}},"9":{"start":{"line":25,"column":0},"end":{"line":27,"column":1}},"10":{"start":{"line":26,"column":2},"end":{"line":26,"column":58}},"11":{"start":{"line":29,"column":0},"end":{"line":31,"column":1}},"12":{"start":{"line":30,"column":2},"end":{"line":30,"column":58}},"13":{"start":{"line":33,"column":0},"end":{"line":35,"column":1}},"14":{"start":{"line":34,"column":2},"end":{"line":34,"column":60}},"15":{"start":{"line":38,"column":19},"end":{"line":41,"column":2}},"16":{"start":{"line":43,"column":0},"end":{"line":58,"column":2}},"17":{"start":{"line":44,"column":54},"end":{"line":57,"column":4}},"18":{"start":{"line":45,"column":4},"end":{"line":56,"column":5}},"19":{"start":{"line":47,"column":25},"end":{"line":47,"column":76}},"20":{"start":{"line":49,"column":6},"end":{"line":51,"column":7}},"21":{"start":{"line":50,"column":8},"end":{"line":50,"column":38}},"22":{"start":{"line":53,"column":6},"end":{"line":53,"column":31}},"23":{"start":{"line":55,"column":6},"end":{"line":55,"column":32}},"24":{"start":{"line":60,"column":0},"end":{"line":62,"column":3}},"25":{"start":{"line":61,"column":2},"end":{"line":61,"column":22}},"26":{"start":{"line":64,"column":0},"end":{"line":71,"column":3}},"27":{"start":{"line":64,"column":52},"end":{"line":71,"column":2}},"28":{"start":{"line":65,"column":2},"end":{"line":70,"column":3}},"29":{"start":{"line":66,"column":17},"end":{"line":66,"column":56}},"30":{"start":{"line":67,"column":4},"end":{"line":67,"column":21}},"31":{"start":{"line":69,"column":4},"end":{"line":69,"column":22}},"32":{"start":{"line":74,"column":0},"end":{"line":103,"column":1}},"33":{"start":{"line":75,"column":2},"end":{"line":102,"column":6}},"34":{"start":{"line":80,"column":121},"end":{"line":102,"column":4}},"35":{"start":{"line":81,"column":4},"end":{"line":101,"column":5}},"36":{"start":{"line":82,"column":17},"end":{"line":82,"column":75}},"37":{"start":{"line":84,"column":6},"end":{"line":96,"column":7}},"38":{"start":{"line":86,"column":26},"end":{"line":93,"column":25}},"39":{"start":{"line":95,"column":8},"end":{"line":95,"column":23}},"40":{"start":{"line":98,"column":6},"end":{"line":98,"column":30}},"41":{"start":{"line":100,"column":6},"end":{"line":100,"column":45}},"42":{"start":{"line":106,"column":0},"end":{"line":135,"column":1}},"43":{"start":{"line":107,"column":2},"end":{"line":134,"column":6}},"44":{"start":{"line":112,"column":121},"end":{"line":134,"column":4}},"45":{"start":{"line":113,"column":4},"end":{"line":133,"column":5}},"46":{"start":{"line":114,"column":17},"end":{"line":114,"column":75}},"47":{"start":{"line":116,"column":6},"end":{"line":128,"column":7}},"48":{"start":{"line":118,"column":26},"end":{"line":125,"column":25}},"49":{"start":{"line":127,"column":8},"end":{"line":127,"column":23}},"50":{"start":{"line":130,"column":6},"end":{"line":130,"column":30}},"51":{"start":{"line":132,"column":6},"end":{"line":132,"column":45}},"52":{"start":{"line":138,"column":0},"end":{"line":167,"column":1}},"53":{"start":{"line":139,"column":2},"end":{"line":166,"column":6}},"54":{"start":{"line":144,"column":123},"end":{"line":166,"column":4}},"55":{"start":{"line":145,"column":4},"end":{"line":165,"column":5}},"56":{"start":{"line":146,"column":17},"end":{"line":146,"column":77}},"57":{"start":{"line":148,"column":6},"end":{"line":160,"column":7}},"58":{"start":{"line":150,"column":26},"end":{"line":157,"column":25}},"59":{"start":{"line":159,"column":8},"end":{"line":159,"column":23}},"60":{"start":{"line":162,"column":6},"end":{"line":162,"column":30}},"61":{"start":{"line":164,"column":6},"end":{"line":164,"column":45}},"62":{"start":{"line":169,"column":0},"end":{"line":169,"column":24}}},"fnMap":{"0":{"name":"(anonymous_8)","decl":{"start":{"line":44,"column":30},"end":{"line":44,"column":37}},"loc":{"start":{"line":44,"column":54},"end":{"line":57,"column":4}}},"1":{"name":"(anonymous_9)","decl":{"start":{"line":44,"column":54},"end":{"line":44,"column":null}},"loc":{"start":{"line":44,"column":54},"end":{"line":57,"column":3}}},"2":{"name":"(anonymous_10)","decl":{"start":{"line":60,"column":23},"end":{"line":60,"column":24}},"loc":{"start":{"line":60,"column":43},"end":{"line":62,"column":1}}},"3":{"name":"(anonymous_11)","decl":{"start":{"line":64,"column":25},"end":{"line":64,"column":32}},"loc":{"start":{"line":64,"column":52},"end":{"line":71,"column":2}}},"4":{"name":"(anonymous_12)","decl":{"start":{"line":64,"column":52},"end":{"line":64,"column":null}},"loc":{"start":{"line":64,"column":52},"end":{"line":71,"column":1}}},"5":{"name":"(anonymous_13)","decl":{"start":{"line":80,"column":5},"end":{"line":80,"column":12}},"loc":{"start":{"line":80,"column":121},"end":{"line":102,"column":4}}},"6":{"name":"(anonymous_14)","decl":{"start":{"line":80,"column":121},"end":{"line":80,"column":null}},"loc":{"start":{"line":80,"column":121},"end":{"line":102,"column":3}}},"7":{"name":"(anonymous_15)","decl":{"start":{"line":112,"column":5},"end":{"line":112,"column":12}},"loc":{"start":{"line":112,"column":121},"end":{"line":134,"column":4}}},"8":{"name":"(anonymous_16)","decl":{"start":{"line":112,"column":121},"end":{"line":112,"column":null}},"loc":{"start":{"line":112,"column":121},"end":{"line":134,"column":3}}},"9":{"name":"(anonymous_17)","decl":{"start":{"line":144,"column":5},"end":{"line":144,"column":12}},"loc":{"start":{"line":144,"column":123},"end":{"line":166,"column":4}}},"10":{"name":"(anonymous_18)","decl":{"start":{"line":144,"column":123},"end":{"line":144,"column":null}},"loc":{"start":{"line":144,"column":123},"end":{"line":166,"column":3}}}},"branchMap":{"0":{"loc":{"start":{"line":25,"column":0},"end":{"line":27,"column":1}},"type":"if","locations":[{"start":{"line":25,"column":0},"end":{"line":27,"column":1}}]},"1":{"loc":{"start":{"line":25,"column":4},"end":{"line":25,"column":46}},"type":"binary-expr","locations":[{"start":{"line":25,"column":4},"end":{"line":25,"column":21}},{"start":{"line":25,"column":25},"end":{"line":25,"column":46}}]},"2":{"loc":{"start":{"line":29,"column":0},"end":{"line":31,"column":1}},"type":"if","locations":[{"start":{"line":29,"column":0},"end":{"line":31,"column":1}}]},"3":{"loc":{"start":{"line":29,"column":4},"end":{"line":29,"column":46}},"type":"binary-expr","locations":[{"start":{"line":29,"column":4},"end":{"line":29,"column":21}},{"start":{"line":29,"column":25},"end":{"line":29,"column":46}}]},"4":{"loc":{"start":{"line":33,"column":0},"end":{"line":35,"column":1}},"type":"if","locations":[{"start":{"line":33,"column":0},"end":{"line":35,"column":1}}]},"5":{"loc":{"start":{"line":33,"column":4},"end":{"line":33,"column":44}},"type":"binary-expr","locations":[{"start":{"line":33,"column":4},"end":{"line":33,"column":20}},{"start":{"line":33,"column":24},"end":{"line":33,"column":44}}]},"6":{"loc":{"start":{"line":40,"column":15},"end":{"line":40,"column":62}},"type":"binary-expr","locations":[{"start":{"line":40,"column":15},"end":{"line":40,"column":37}},{"start":{"line":40,"column":41},"end":{"line":40,"column":62}}]},"7":{"loc":{"start":{"line":49,"column":6},"end":{"line":51,"column":7}},"type":"if","locations":[{"start":{"line":49,"column":6},"end":{"line":51,"column":7}}]},"8":{"loc":{"start":{"line":74,"column":0},"end":{"line":103,"column":1}},"type":"if","locations":[{"start":{"line":74,"column":0},"end":{"line":103,"column":1}}]},"9":{"loc":{"start":{"line":74,"column":4},"end":{"line":74,"column":44}},"type":"binary-expr","locations":[{"start":{"line":74,"column":4},"end":{"line":74,"column":20}},{"start":{"line":74,"column":24},"end":{"line":74,"column":44}}]},"10":{"loc":{"start":{"line":78,"column":17},"end":{"line":78,"column":100}},"type":"binary-expr","locations":[{"start":{"line":78,"column":17},"end":{"line":78,"column":48}},{"start":{"line":78,"column":52},"end":{"line":78,"column":100}}]},"11":{"loc":{"start":{"line":84,"column":6},"end":{"line":96,"column":7}},"type":"if","locations":[{"start":{"line":84,"column":6},"end":{"line":96,"column":7}}]},"12":{"loc":{"start":{"line":87,"column":17},"end":{"line":87,"column":43}},"type":"cond-expr","locations":[{"start":{"line":87,"column":36},"end":{"line":87,"column":38}},{"start":{"line":87,"column":36},"end":{"line":87,"column":43}}]},"13":{"loc":{"start":{"line":87,"column":17},"end":{"line":87,"column":38}},"type":"binary-expr","locations":[{"start":{"line":87,"column":17},"end":{"line":87,"column":38}},{"start":{"line":87,"column":36},"end":{"line":87,"column":38}}]},"14":{"loc":{"start":{"line":87,"column":17},"end":{"line":87,"column":36}},"type":"cond-expr","locations":[{"start":{"line":87,"column":31},"end":{"line":87,"column":34}},{"start":{"line":87,"column":31},"end":{"line":87,"column":36}}]},"15":{"loc":{"start":{"line":87,"column":17},"end":{"line":87,"column":34}},"type":"binary-expr","locations":[{"start":{"line":87,"column":17},"end":{"line":87,"column":34}},{"start":{"line":87,"column":31},"end":{"line":87,"column":34}}]},"16":{"loc":{"start":{"line":89,"column":20},"end":{"line":89,"column":75}},"type":"binary-expr","locations":[{"start":{"line":89,"column":20},"end":{"line":89,"column":61}},{"start":{"line":89,"column":65},"end":{"line":89,"column":75}}]},"17":{"loc":{"start":{"line":89,"column":20},"end":{"line":89,"column":61}},"type":"cond-expr","locations":[{"start":{"line":89,"column":46},"end":{"line":89,"column":48}},{"start":{"line":89,"column":46},"end":{"line":89,"column":61}}]},"18":{"loc":{"start":{"line":89,"column":20},"end":{"line":89,"column":48}},"type":"binary-expr","locations":[{"start":{"line":89,"column":20},"end":{"line":89,"column":48}},{"start":{"line":89,"column":46},"end":{"line":89,"column":48}}]},"19":{"loc":{"start":{"line":89,"column":20},"end":{"line":89,"column":46}},"type":"cond-expr","locations":[{"start":{"line":89,"column":39},"end":{"line":89,"column":41}},{"start":{"line":89,"column":39},"end":{"line":89,"column":46}}]},"20":{"loc":{"start":{"line":89,"column":20},"end":{"line":89,"column":41}},"type":"binary-expr","locations":[{"start":{"line":89,"column":20},"end":{"line":89,"column":41}},{"start":{"line":89,"column":39},"end":{"line":89,"column":41}}]},"21":{"loc":{"start":{"line":89,"column":20},"end":{"line":89,"column":39}},"type":"cond-expr","locations":[{"start":{"line":89,"column":34},"end":{"line":89,"column":37}},{"start":{"line":89,"column":34},"end":{"line":89,"column":39}}]},"22":{"loc":{"start":{"line":89,"column":20},"end":{"line":89,"column":37}},"type":"binary-expr","locations":[{"start":{"line":89,"column":20},"end":{"line":89,"column":37}},{"start":{"line":89,"column":34},"end":{"line":89,"column":37}}]},"23":{"loc":{"start":{"line":91,"column":22},"end":{"line":91,"column":48}},"type":"cond-expr","locations":[{"start":{"line":91,"column":41},"end":{"line":91,"column":43}},{"start":{"line":91,"column":41},"end":{"line":91,"column":48}}]},"24":{"loc":{"start":{"line":91,"column":22},"end":{"line":91,"column":43}},"type":"binary-expr","locations":[{"start":{"line":91,"column":22},"end":{"line":91,"column":43}},{"start":{"line":91,"column":41},"end":{"line":91,"column":43}}]},"25":{"loc":{"start":{"line":91,"column":22},"end":{"line":91,"column":41}},"type":"cond-expr","locations":[{"start":{"line":91,"column":36},"end":{"line":91,"column":39}},{"start":{"line":91,"column":36},"end":{"line":91,"column":41}}]},"26":{"loc":{"start":{"line":91,"column":22},"end":{"line":91,"column":39}},"type":"binary-expr","locations":[{"start":{"line":91,"column":22},"end":{"line":91,"column":39}},{"start":{"line":91,"column":36},"end":{"line":91,"column":39}}]},"27":{"loc":{"start":{"line":106,"column":0},"end":{"line":135,"column":1}},"type":"if","locations":[{"start":{"line":106,"column":0},"end":{"line":135,"column":1}}]},"28":{"loc":{"start":{"line":106,"column":4},"end":{"line":106,"column":44}},"type":"binary-expr","locations":[{"start":{"line":106,"column":4},"end":{"line":106,"column":20}},{"start":{"line":106,"column":24},"end":{"line":106,"column":44}}]},"29":{"loc":{"start":{"line":110,"column":17},"end":{"line":110,"column":100}},"type":"binary-expr","locations":[{"start":{"line":110,"column":17},"end":{"line":110,"column":48}},{"start":{"line":110,"column":52},"end":{"line":110,"column":100}}]},"30":{"loc":{"start":{"line":116,"column":6},"end":{"line":128,"column":7}},"type":"if","locations":[{"start":{"line":116,"column":6},"end":{"line":128,"column":7}}]},"31":{"loc":{"start":{"line":119,"column":17},"end":{"line":119,"column":43}},"type":"cond-expr","locations":[{"start":{"line":119,"column":36},"end":{"line":119,"column":38}},{"start":{"line":119,"column":36},"end":{"line":119,"column":43}}]},"32":{"loc":{"start":{"line":119,"column":17},"end":{"line":119,"column":38}},"type":"binary-expr","locations":[{"start":{"line":119,"column":17},"end":{"line":119,"column":38}},{"start":{"line":119,"column":36},"end":{"line":119,"column":38}}]},"33":{"loc":{"start":{"line":119,"column":17},"end":{"line":119,"column":36}},"type":"cond-expr","locations":[{"start":{"line":119,"column":31},"end":{"line":119,"column":34}},{"start":{"line":119,"column":31},"end":{"line":119,"column":36}}]},"34":{"loc":{"start":{"line":119,"column":17},"end":{"line":119,"column":34}},"type":"binary-expr","locations":[{"start":{"line":119,"column":17},"end":{"line":119,"column":34}},{"start":{"line":119,"column":31},"end":{"line":119,"column":34}}]},"35":{"loc":{"start":{"line":121,"column":20},"end":{"line":121,"column":50}},"type":"binary-expr","locations":[{"start":{"line":121,"column":20},"end":{"line":121,"column":36}},{"start":{"line":121,"column":40},"end":{"line":121,"column":50}}]},"36":{"loc":{"start":{"line":123,"column":22},"end":{"line":123,"column":48}},"type":"cond-expr","locations":[{"start":{"line":123,"column":41},"end":{"line":123,"column":43}},{"start":{"line":123,"column":41},"end":{"line":123,"column":48}}]},"37":{"loc":{"start":{"line":123,"column":22},"end":{"line":123,"column":43}},"type":"binary-expr","locations":[{"start":{"line":123,"column":22},"end":{"line":123,"column":43}},{"start":{"line":123,"column":41},"end":{"line":123,"column":43}}]},"38":{"loc":{"start":{"line":123,"column":22},"end":{"line":123,"column":41}},"type":"cond-expr","locations":[{"start":{"line":123,"column":36},"end":{"line":123,"column":39}},{"start":{"line":123,"column":36},"end":{"line":123,"column":41}}]},"39":{"loc":{"start":{"line":123,"column":22},"end":{"line":123,"column":39}},"type":"binary-expr","locations":[{"start":{"line":123,"column":22},"end":{"line":123,"column":39}},{"start":{"line":123,"column":36},"end":{"line":123,"column":39}}]},"40":{"loc":{"start":{"line":138,"column":0},"end":{"line":167,"column":1}},"type":"if","locations":[{"start":{"line":138,"column":0},"end":{"line":167,"column":1}}]},"41":{"loc":{"start":{"line":138,"column":4},"end":{"line":138,"column":42}},"type":"binary-expr","locations":[{"start":{"line":138,"column":4},"end":{"line":138,"column":19}},{"start":{"line":138,"column":23},"end":{"line":138,"column":42}}]},"42":{"loc":{"start":{"line":142,"column":17},"end":{"line":142,"column":104}},"type":"binary-expr","locations":[{"start":{"line":142,"column":17},"end":{"line":142,"column":50}},{"start":{"line":142,"column":54},"end":{"line":142,"column":104}}]},"43":{"loc":{"start":{"line":148,"column":6},"end":{"line":160,"column":7}},"type":"if","locations":[{"start":{"line":148,"column":6},"end":{"line":160,"column":7}}]},"44":{"loc":{"start":{"line":151,"column":17},"end":{"line":151,"column":43}},"type":"cond-expr","locations":[{"start":{"line":151,"column":36},"end":{"line":151,"column":38}},{"start":{"line":151,"column":36},"end":{"line":151,"column":43}}]},"45":{"loc":{"start":{"line":151,"column":17},"end":{"line":151,"column":38}},"type":"binary-expr","locations":[{"start":{"line":151,"column":17},"end":{"line":151,"column":38}},{"start":{"line":151,"column":36},"end":{"line":151,"column":38}}]},"46":{"loc":{"start":{"line":151,"column":17},"end":{"line":151,"column":36}},"type":"cond-expr","locations":[{"start":{"line":151,"column":31},"end":{"line":151,"column":34}},{"start":{"line":151,"column":31},"end":{"line":151,"column":36}}]},"47":{"loc":{"start":{"line":151,"column":17},"end":{"line":151,"column":34}},"type":"binary-expr","locations":[{"start":{"line":151,"column":17},"end":{"line":151,"column":34}},{"start":{"line":151,"column":31},"end":{"line":151,"column":34}}]},"48":{"loc":{"start":{"line":152,"column":19},"end":{"line":152,"column":42}},"type":"cond-expr","locations":[{"start":{"line":152,"column":31},"end":{"line":152,"column":33}},{"start":{"line":152,"column":31},"end":{"line":152,"column":42}}]},"49":{"loc":{"start":{"line":152,"column":19},"end":{"line":152,"column":33}},"type":"binary-expr","locations":[{"start":{"line":152,"column":19},"end":{"line":152,"column":33}},{"start":{"line":152,"column":31},"end":{"line":152,"column":33}}]},"50":{"loc":{"start":{"line":152,"column":46},"end":{"line":152,"column":70}},"type":"cond-expr","locations":[{"start":{"line":152,"column":58},"end":{"line":152,"column":60}},{"start":{"line":152,"column":58},"end":{"line":152,"column":70}}]},"51":{"loc":{"start":{"line":152,"column":46},"end":{"line":152,"column":60}},"type":"binary-expr","locations":[{"start":{"line":152,"column":46},"end":{"line":152,"column":60}},{"start":{"line":152,"column":58},"end":{"line":152,"column":60}}]},"52":{"loc":{"start":{"line":153,"column":20},"end":{"line":153,"column":75}},"type":"binary-expr","locations":[{"start":{"line":153,"column":20},"end":{"line":153,"column":61}},{"start":{"line":153,"column":65},"end":{"line":153,"column":75}}]},"53":{"loc":{"start":{"line":153,"column":20},"end":{"line":153,"column":61}},"type":"cond-expr","locations":[{"start":{"line":153,"column":46},"end":{"line":153,"column":48}},{"start":{"line":153,"column":46},"end":{"line":153,"column":61}}]},"54":{"loc":{"start":{"line":153,"column":20},"end":{"line":153,"column":48}},"type":"binary-expr","locations":[{"start":{"line":153,"column":20},"end":{"line":153,"column":48}},{"start":{"line":153,"column":46},"end":{"line":153,"column":48}}]},"55":{"loc":{"start":{"line":153,"column":20},"end":{"line":153,"column":46}},"type":"cond-expr","locations":[{"start":{"line":153,"column":39},"end":{"line":153,"column":41}},{"start":{"line":153,"column":39},"end":{"line":153,"column":46}}]},"56":{"loc":{"start":{"line":153,"column":20},"end":{"line":153,"column":41}},"type":"binary-expr","locations":[{"start":{"line":153,"column":20},"end":{"line":153,"column":41}},{"start":{"line":153,"column":39},"end":{"line":153,"column":41}}]},"57":{"loc":{"start":{"line":153,"column":20},"end":{"line":153,"column":39}},"type":"cond-expr","locations":[{"start":{"line":153,"column":34},"end":{"line":153,"column":37}},{"start":{"line":153,"column":34},"end":{"line":153,"column":39}}]},"58":{"loc":{"start":{"line":153,"column":20},"end":{"line":153,"column":37}},"type":"binary-expr","locations":[{"start":{"line":153,"column":20},"end":{"line":153,"column":37}},{"start":{"line":153,"column":34},"end":{"line":153,"column":37}}]},"59":{"loc":{"start":{"line":155,"column":22},"end":{"line":155,"column":48}},"type":"cond-expr","locations":[{"start":{"line":155,"column":41},"end":{"line":155,"column":43}},{"start":{"line":155,"column":41},"end":{"line":155,"column":48}}]},"60":{"loc":{"start":{"line":155,"column":22},"end":{"line":155,"column":43}},"type":"binary-expr","locations":[{"start":{"line":155,"column":22},"end":{"line":155,"column":43}},{"start":{"line":155,"column":41},"end":{"line":155,"column":43}}]},"61":{"loc":{"start":{"line":155,"column":22},"end":{"line":155,"column":41}},"type":"cond-expr","locations":[{"start":{"line":155,"column":36},"end":{"line":155,"column":39}},{"start":{"line":155,"column":36},"end":{"line":155,"column":41}}]},"62":{"loc":{"start":{"line":155,"column":22},"end":{"line":155,"column":39}},"type":"binary-expr","locations":[{"start":{"line":155,"column":22},"end":{"line":155,"column":39}},{"start":{"line":155,"column":36},"end":{"line":155,"column":39}}]}},"s":{"0":0,"1":0,"2":0,"3":0,"4":0,"5":0,"6":0,"7":0,"8":0,"9":0,"10":0,"11":0,"12":0,"13":0,"14":0,"15":0,"16":0,"17":0,"18":0,"19":0,"20":0,"21":0,"22":0,"23":0,"24":0,"25":0,"26":0,"27":0,"28":0,"29":0,"30":0,"31":0,"32":0,"33":0,"34":0,"35":0,"36":0,"37":0,"38":0,"39":0,"40":0,"41":0,"42":0,"43":0,"44":0,"45":0,"46":0,"47":0,"48":0,"49":0,"50":0,"51":0,"52":0,"53":0,"54":0,"55":0,"56":0,"57":0,"58":0,"59":0,"60":0,"61":0,"62":0},"f":{"0":0,"1":0,"2":0,"3":0,"4":0,"5":0,"6":0,"7":0,"8":0,"9":0,"10":0},"b":{"0":[0],"1":[0,0],"2":[0],"3":[0,0],"4":[0],"5":[0,0],"6":[0,0],"7":[0],"8":[0],"9":[0,0],"10":[0,0],"11":[0],"12":[0,0],"13":[0,0],"14":[0,0],"15":[0,0],"16":[0,0],"17":[0,0],"18":[0,0],"19":[0,0],"20":[0,0],"21":[0,0],"22":[0,0],"23":[0,0],"24":[0,0],"25":[0,0],"26":[0,0],"27":[0],"28":[0,0],"29":[0,0],"30":[0],"31":[0,0],"32":[0,0],"33":[0,0],"34":[0,0],"35":[0,0],"36":[0,0],"37":[0,0],"38":[0,0],"39":[0,0],"40":[0],"41":[0,0],"42":[0,0],"43":[0],"44":[0,0],"45":[0,0],"46":[0,0],"47":[0,0],"48":[0,0],"49":[0,0],"50":[0,0],"51":[0,0],"52":[0,0],"53":[0,0],"54":[0,0],"55":[0,0],"56":[0,0],"57":[0,0],"58":[0,0],"59":[0,0],"60":[0,0],"61":[0,0],"62":[0,0]}}
,"/Users/josephwaugh/Desktop/ReactProjects/VibeFlo/server/src/controllers/auth.controller.ts": {"path":"/Users/josephwaugh/Desktop/ReactProjects/VibeFlo/server/src/controllers/auth.controller.ts","statementMap":{"0":{"start":{"line":2,"column":0},"end":{"line":2,"column":28}},"1":{"start":{"line":3,"column":0},"end":{"line":3,"column":32}},"2":{"start":{"line":4,"column":0},"end":{"line":4,"column":58}},"3":{"start":{"line":6,"column":0},"end":{"line":6,"column":28}},"4":{"start":{"line":7,"column":0},"end":{"line":7,"column":66}},"5":{"start":{"line":17,"column":24},"end":{"line":102,"column":2}},"6":{"start":{"line":17,"column":62},"end":{"line":102,"column":2}},"7":{"start":{"line":18,"column":2},"end":{"line":101,"column":3}},"8":{"start":{"line":19,"column":48},"end":{"line":19,"column":56}},"9":{"start":{"line":22,"column":4},"end":{"line":24,"column":5}},"10":{"start":{"line":23,"column":6},"end":{"line":23,"column":101}},"11":{"start":{"line":27,"column":4},"end":{"line":29,"column":5}},"12":{"start":{"line":28,"column":6},"end":{"line":28,"column":94}},"13":{"start":{"line":32,"column":25},"end":{"line":32,"column":47}},"14":{"start":{"line":33,"column":25},"end":{"line":33,"column":47}},"15":{"start":{"line":34,"column":22},"end":{"line":34,"column":44}},"16":{"start":{"line":36,"column":4},"end":{"line":40,"column":5}},"17":{"start":{"line":37,"column":6},"end":{"line":39,"column":9}},"18":{"start":{"line":43,"column":23},"end":{"line":43,"column":88}},"19":{"start":{"line":44,"column":4},"end":{"line":46,"column":5}},"20":{"start":{"line":45,"column":6},"end":{"line":45,"column":86}},"21":{"start":{"line":49,"column":26},"end":{"line":49,"column":97}},"22":{"start":{"line":50,"column":4},"end":{"line":52,"column":5}},"23":{"start":{"line":51,"column":6},"end":{"line":51,"column":76}},"24":{"start":{"line":55,"column":17},"end":{"line":55,"column":41}},"25":{"start":{"line":56,"column":27},"end":{"line":56,"column":60}},"26":{"start":{"line":59,"column":20},"end":{"line":61,"column":null}},"27":{"start":{"line":64,"column":17},"end":{"line":64,"column":32}},"28":{"start":{"line":67,"column":30},"end":{"line":67,"column":68}},"29":{"start":{"line":68,"column":24},"end":{"line":68,"column":34}},"30":{"start":{"line":69,"column":4},"end":{"line":69,"column":54}},"31":{"start":{"line":72,"column":4},"end":{"line":75,"column":6}},"32":{"start":{"line":78,"column":28},"end":{"line":78,"column":116}},"33":{"start":{"line":81,"column":4},"end":{"line":81,"column":56}},"34":{"start":{"line":84,"column":18},"end":{"line":84,"column":37}},"35":{"start":{"line":86,"column":4},"end":{"line":97,"column":7}},"36":{"start":{"line":99,"column":4},"end":{"line":99,"column":48}},"37":{"start":{"line":100,"column":4},"end":{"line":100,"column":74}},"38":{"start":{"line":17,"column":13},"end":{"line":17,"column":24}},"39":{"start":{"line":107,"column":21},"end":{"line":191,"column":2}},"40":{"start":{"line":107,"column":59},"end":{"line":191,"column":2}},"41":{"start":{"line":108,"column":2},"end":{"line":190,"column":3}},"42":{"start":{"line":109,"column":32},"end":{"line":109,"column":40}},"43":{"start":{"line":111,"column":4},"end":{"line":113,"column":5}},"44":{"start":{"line":112,"column":6},"end":{"line":112,"column":89}},"45":{"start":{"line":115,"column":20},"end":{"line":115,"column":39}},"46":{"start":{"line":118,"column":22},"end":{"line":120,"column":49}},"47":{"start":{"line":122,"column":23},"end":{"line":122,"column":59}},"48":{"start":{"line":124,"column":4},"end":{"line":128,"column":5}},"49":{"start":{"line":126,"column":6},"end":{"line":126,"column":44}},"50":{"start":{"line":127,"column":6},"end":{"line":127,"column":70}},"51":{"start":{"line":130,"column":17},"end":{"line":130,"column":35}},"52":{"start":{"line":133,"column":4},"end":{"line":145,"column":5}},"53":{"start":{"line":134,"column":29},"end":{"line":134,"column":56}},"54":{"start":{"line":135,"column":6},"end":{"line":144,"column":7}},"55":{"start":{"line":137,"column":30},"end":{"line":137,"column":94}},"56":{"start":{"line":138,"column":8},"end":{"line":140,"column":11}},"57":{"start":{"line":143,"column":8},"end":{"line":143,"column":115}},"58":{"start":{"line":148,"column":20},"end":{"line":148,"column":65}},"59":{"start":{"line":150,"column":4},"end":{"line":154,"column":5}},"60":{"start":{"line":152,"column":6},"end":{"line":152,"column":44}},"61":{"start":{"line":153,"column":6},"end":{"line":153,"column":70}},"62":{"start":{"line":157,"column":4},"end":{"line":159,"column":5}},"63":{"start":{"line":158,"column":6},"end":{"line":158,"column":94}},"64":{"start":{"line":162,"column":18},"end":{"line":162,"column":37}},"65":{"start":{"line":165,"column":4},"end":{"line":170,"column":7}},"66":{"start":{"line":173,"column":4},"end":{"line":186,"column":7}},"67":{"start":{"line":188,"column":4},"end":{"line":188,"column":41}},"68":{"start":{"line":189,"column":4},"end":{"line":189,"column":67}},"69":{"start":{"line":107,"column":13},"end":{"line":107,"column":21}},"70":{"start":{"line":196,"column":33},"end":{"line":205,"column":2}},"71":{"start":{"line":196,"column":87},"end":{"line":205,"column":2}},"72":{"start":{"line":197,"column":2},"end":{"line":204,"column":3}},"73":{"start":{"line":198,"column":4},"end":{"line":201,"column":6}},"74":{"start":{"line":203,"column":4},"end":{"line":203,"column":66}},"75":{"start":{"line":211,"column":27},"end":{"line":231,"column":2}},"76":{"start":{"line":211,"column":98},"end":{"line":231,"column":2}},"77":{"start":{"line":212,"column":2},"end":{"line":230,"column":3}},"78":{"start":{"line":214,"column":30},"end":{"line":214,"column":40}},"79":{"start":{"line":215,"column":4},"end":{"line":215,"column":70}},"80":{"start":{"line":218,"column":19},"end":{"line":222,"column":null}},"81":{"start":{"line":225,"column":27},"end":{"line":225,"column":57}},"82":{"start":{"line":226,"column":4},"end":{"line":226,"column":31}},"83":{"start":{"line":228,"column":4},"end":{"line":228,"column":66}},"84":{"start":{"line":229,"column":4},"end":{"line":229,"column":17}},"85":{"start":{"line":236,"column":33},"end":{"line":245,"column":2}},"86":{"start":{"line":236,"column":86},"end":{"line":245,"column":2}},"87":{"start":{"line":237,"column":2},"end":{"line":244,"column":3}},"88":{"start":{"line":238,"column":4},"end":{"line":241,"column":6}},"89":{"start":{"line":243,"column":4},"end":{"line":243,"column":66}},"90":{"start":{"line":250,"column":30},"end":{"line":287,"column":2}},"91":{"start":{"line":250,"column":72},"end":{"line":287,"column":2}},"92":{"start":{"line":251,"column":2},"end":{"line":286,"column":3}},"93":{"start":{"line":252,"column":4},"end":{"line":254,"column":5}},"94":{"start":{"line":253,"column":6},"end":{"line":253,"column":68}},"95":{"start":{"line":256,"column":19},"end":{"line":256,"column":30}},"96":{"start":{"line":259,"column":22},"end":{"line":263,"column":6}},"97":{"start":{"line":264,"column":19},"end":{"line":264,"column":56}},"98":{"start":{"line":266,"column":4},"end":{"line":268,"column":5}},"99":{"start":{"line":267,"column":6},"end":{"line":267,"column":65}},"100":{"start":{"line":270,"column":17},"end":{"line":270,"column":31}},"101":{"start":{"line":273,"column":4},"end":{"line":282,"column":7}},"102":{"start":{"line":284,"column":4},"end":{"line":284,"column":52}},"103":{"start":{"line":285,"column":4},"end":{"line":285,"column":75}},"104":{"start":{"line":250,"column":13},"end":{"line":250,"column":30}},"105":{"start":{"line":293,"column":36},"end":{"line":354,"column":2}},"106":{"start":{"line":293,"column":74},"end":{"line":354,"column":2}},"107":{"start":{"line":294,"column":2},"end":{"line":353,"column":3}},"108":{"start":{"line":295,"column":22},"end":{"line":295,"column":30}},"109":{"start":{"line":297,"column":4},"end":{"line":299,"column":5}},"110":{"start":{"line":298,"column":6},"end":{"line":298,"column":82}},"111":{"start":{"line":302,"column":23},"end":{"line":302,"column":88}},"112":{"start":{"line":304,"column":4},"end":{"line":307,"column":5}},"113":{"start":{"line":306,"column":6},"end":{"line":306,"column":119}},"114":{"start":{"line":309,"column":17},"end":{"line":309,"column":35}},"115":{"start":{"line":312,"column":23},"end":{"line":312,"column":61}},"116":{"start":{"line":315,"column":24},"end":{"line":315,"column":34}},"117":{"start":{"line":316,"column":4},"end":{"line":316,"column":53}},"118":{"start":{"line":319,"column":4},"end":{"line":332,"column":5}},"119":{"start":{"line":320,"column":6},"end":{"line":328,"column":9}},"120":{"start":{"line":330,"column":6},"end":{"line":330,"column":74}},"121":{"start":{"line":331,"column":6},"end":{"line":331,"column":93}},"122":{"start":{"line":335,"column":4},"end":{"line":335,"column":79}},"123":{"start":{"line":338,"column":4},"end":{"line":341,"column":6}},"124":{"start":{"line":344,"column":21},"end":{"line":344,"column":104}},"125":{"start":{"line":347,"column":4},"end":{"line":347,"column":78}},"126":{"start":{"line":349,"column":4},"end":{"line":349,"column":110}},"127":{"start":{"line":351,"column":4},"end":{"line":351,"column":58}},"128":{"start":{"line":352,"column":4},"end":{"line":352,"column":84}},"129":{"start":{"line":293,"column":13},"end":{"line":293,"column":36}},"130":{"start":{"line":359,"column":29},"end":{"line":402,"column":2}},"131":{"start":{"line":359,"column":67},"end":{"line":402,"column":2}},"132":{"start":{"line":360,"column":2},"end":{"line":401,"column":3}},"133":{"start":{"line":361,"column":35},"end":{"line":361,"column":43}},"134":{"start":{"line":363,"column":4},"end":{"line":365,"column":5}},"135":{"start":{"line":364,"column":6},"end":{"line":364,"column":90}},"136":{"start":{"line":368,"column":4},"end":{"line":370,"column":5}},"137":{"start":{"line":369,"column":6},"end":{"line":369,"column":94}},"138":{"start":{"line":373,"column":24},"end":{"line":375,"column":null}},"139":{"start":{"line":378,"column":4},"end":{"line":380,"column":5}},"140":{"start":{"line":379,"column":6},"end":{"line":379,"column":75}},"141":{"start":{"line":382,"column":23},"end":{"line":382,"column":42}},"142":{"start":{"line":385,"column":17},"end":{"line":385,"column":41}},"143":{"start":{"line":386,"column":27},"end":{"line":386,"column":63}},"144":{"start":{"line":389,"column":4},"end":{"line":392,"column":6}},"145":{"start":{"line":395,"column":4},"end":{"line":395,"column":80}},"146":{"start":{"line":397,"column":4},"end":{"line":397,"column":67}},"147":{"start":{"line":399,"column":4},"end":{"line":399,"column":50}},"148":{"start":{"line":400,"column":4},"end":{"line":400,"column":76}},"149":{"start":{"line":359,"column":13},"end":{"line":359,"column":29}},"150":{"start":{"line":407,"column":32},"end":{"line":430,"column":2}},"151":{"start":{"line":407,"column":70},"end":{"line":430,"column":2}},"152":{"start":{"line":408,"column":2},"end":{"line":429,"column":3}},"153":{"start":{"line":409,"column":22},"end":{"line":409,"column":32}},"154":{"start":{"line":411,"column":4},"end":{"line":413,"column":5}},"155":{"start":{"line":412,"column":6},"end":{"line":412,"column":68}},"156":{"start":{"line":416,"column":24},"end":{"line":418,"column":null}},"157":{"start":{"line":421,"column":4},"end":{"line":423,"column":5}},"158":{"start":{"line":422,"column":6},"end":{"line":422,"column":75}},"159":{"start":{"line":425,"column":4},"end":{"line":425,"column":42}},"160":{"start":{"line":427,"column":4},"end":{"line":427,"column":54}},"161":{"start":{"line":428,"column":4},"end":{"line":428,"column":80}},"162":{"start":{"line":407,"column":13},"end":{"line":407,"column":32}},"163":{"start":{"line":435,"column":30},"end":{"line":444,"column":1}},"164":{"start":{"line":436,"column":18},"end":{"line":436,"column":36}},"165":{"start":{"line":438,"column":2},"end":{"line":440,"column":3}},"166":{"start":{"line":439,"column":4},"end":{"line":439,"column":76}},"167":{"start":{"line":442,"column":16},"end":{"line":442,"column":43}},"168":{"start":{"line":443,"column":2},"end":{"line":443,"column":72}},"169":{"start":{"line":435,"column":13},"end":{"line":435,"column":30}},"170":{"start":{"line":449,"column":32},"end":{"line":458,"column":1}},"171":{"start":{"line":450,"column":18},"end":{"line":450,"column":36}},"172":{"start":{"line":452,"column":2},"end":{"line":454,"column":3}},"173":{"start":{"line":453,"column":4},"end":{"line":453,"column":76}},"174":{"start":{"line":456,"column":16},"end":{"line":456,"column":43}},"175":{"start":{"line":457,"column":2},"end":{"line":457,"column":72}},"176":{"start":{"line":449,"column":13},"end":{"line":449,"column":32}},"177":{"start":{"line":460,"column":27},"end":{"line":494,"column":2}},"178":{"start":{"line":460,"column":65},"end":{"line":494,"column":2}},"179":{"start":{"line":461,"column":2},"end":{"line":493,"column":3}},"180":{"start":{"line":462,"column":22},"end":{"line":462,"column":32}},"181":{"start":{"line":464,"column":4},"end":{"line":466,"column":5}},"182":{"start":{"line":465,"column":6},"end":{"line":465,"column":81}},"183":{"start":{"line":469,"column":24},"end":{"line":471,"column":null}},"184":{"start":{"line":474,"column":4},"end":{"line":476,"column":5}},"185":{"start":{"line":475,"column":6},"end":{"line":475,"column":88}},"186":{"start":{"line":478,"column":30},"end":{"line":478,"column":49}},"187":{"start":{"line":481,"column":4},"end":{"line":484,"column":6}},"188":{"start":{"line":487,"column":4},"end":{"line":487,"column":94}},"189":{"start":{"line":489,"column":4},"end":{"line":489,"column":69}},"190":{"start":{"line":491,"column":4},"end":{"line":491,"column":54}},"191":{"start":{"line":492,"column":4},"end":{"line":492,"column":80}},"192":{"start":{"line":460,"column":13},"end":{"line":460,"column":27}},"193":{"start":{"line":496,"column":39},"end":{"line":542,"column":2}},"194":{"start":{"line":496,"column":77},"end":{"line":542,"column":2}},"195":{"start":{"line":497,"column":2},"end":{"line":541,"column":3}},"196":{"start":{"line":498,"column":22},"end":{"line":498,"column":30}},"197":{"start":{"line":500,"column":4},"end":{"line":502,"column":5}},"198":{"start":{"line":501,"column":6},"end":{"line":501,"column":68}},"199":{"start":{"line":505,"column":23},"end":{"line":505,"column":88}},"200":{"start":{"line":507,"column":4},"end":{"line":509,"column":5}},"201":{"start":{"line":508,"column":6},"end":{"line":508,"column":65}},"202":{"start":{"line":511,"column":17},"end":{"line":511,"column":35}},"203":{"start":{"line":513,"column":4},"end":{"line":515,"column":5}},"204":{"start":{"line":514,"column":6},"end":{"line":514,"column":76}},"205":{"start":{"line":518,"column":4},"end":{"line":518,"column":86}},"206":{"start":{"line":521,"column":30},"end":{"line":521,"column":68}},"207":{"start":{"line":522,"column":24},"end":{"line":522,"column":34}},"208":{"start":{"line":523,"column":4},"end":{"line":523,"column":54}},"209":{"start":{"line":526,"column":4},"end":{"line":529,"column":6}},"210":{"start":{"line":532,"column":28},"end":{"line":532,"column":116}},"211":{"start":{"line":535,"column":4},"end":{"line":535,"column":56}},"212":{"start":{"line":537,"column":4},"end":{"line":537,"column":78}},"213":{"start":{"line":539,"column":4},"end":{"line":539,"column":61}},"214":{"start":{"line":540,"column":4},"end":{"line":540,"column":87}},"215":{"start":{"line":496,"column":13},"end":{"line":496,"column":39}}},"fnMap":{"0":{"name":"(anonymous_8)","decl":{"start":{"line":17,"column":24},"end":{"line":17,"column":31}},"loc":{"start":{"line":17,"column":62},"end":{"line":102,"column":2}}},"1":{"name":"(anonymous_9)","decl":{"start":{"line":17,"column":62},"end":{"line":17,"column":null}},"loc":{"start":{"line":17,"column":62},"end":{"line":102,"column":1}}},"2":{"name":"(anonymous_10)","decl":{"start":{"line":107,"column":21},"end":{"line":107,"column":28}},"loc":{"start":{"line":107,"column":59},"end":{"line":191,"column":2}}},"3":{"name":"(anonymous_11)","decl":{"start":{"line":107,"column":59},"end":{"line":107,"column":null}},"loc":{"start":{"line":107,"column":59},"end":{"line":191,"column":1}}},"4":{"name":"(anonymous_12)","decl":{"start":{"line":196,"column":33},"end":{"line":196,"column":40}},"loc":{"start":{"line":196,"column":87},"end":{"line":205,"column":2}}},"5":{"name":"(anonymous_13)","decl":{"start":{"line":196,"column":87},"end":{"line":196,"column":null}},"loc":{"start":{"line":196,"column":87},"end":{"line":205,"column":1}}},"6":{"name":"(anonymous_14)","decl":{"start":{"line":211,"column":27},"end":{"line":211,"column":34}},"loc":{"start":{"line":211,"column":98},"end":{"line":231,"column":2}}},"7":{"name":"(anonymous_15)","decl":{"start":{"line":211,"column":98},"end":{"line":211,"column":null}},"loc":{"start":{"line":211,"column":98},"end":{"line":231,"column":1}}},"8":{"name":"(anonymous_16)","decl":{"start":{"line":236,"column":33},"end":{"line":236,"column":40}},"loc":{"start":{"line":236,"column":86},"end":{"line":245,"column":2}}},"9":{"name":"(anonymous_17)","decl":{"start":{"line":236,"column":86},"end":{"line":236,"column":null}},"loc":{"start":{"line":236,"column":86},"end":{"line":245,"column":1}}},"10":{"name":"(anonymous_18)","decl":{"start":{"line":250,"column":30},"end":{"line":250,"column":37}},"loc":{"start":{"line":250,"column":72},"end":{"line":287,"column":2}}},"11":{"name":"(anonymous_19)","decl":{"start":{"line":250,"column":72},"end":{"line":250,"column":null}},"loc":{"start":{"line":250,"column":72},"end":{"line":287,"column":1}}},"12":{"name":"(anonymous_20)","decl":{"start":{"line":293,"column":36},"end":{"line":293,"column":43}},"loc":{"start":{"line":293,"column":74},"end":{"line":354,"column":2}}},"13":{"name":"(anonymous_21)","decl":{"start":{"line":293,"column":74},"end":{"line":293,"column":null}},"loc":{"start":{"line":293,"column":74},"end":{"line":354,"column":1}}},"14":{"name":"(anonymous_22)","decl":{"start":{"line":359,"column":29},"end":{"line":359,"column":36}},"loc":{"start":{"line":359,"column":67},"end":{"line":402,"column":2}}},"15":{"name":"(anonymous_23)","decl":{"start":{"line":359,"column":67},"end":{"line":359,"column":null}},"loc":{"start":{"line":359,"column":67},"end":{"line":402,"column":1}}},"16":{"name":"(anonymous_24)","decl":{"start":{"line":407,"column":32},"end":{"line":407,"column":39}},"loc":{"start":{"line":407,"column":70},"end":{"line":430,"column":2}}},"17":{"name":"(anonymous_25)","decl":{"start":{"line":407,"column":70},"end":{"line":407,"column":null}},"loc":{"start":{"line":407,"column":70},"end":{"line":430,"column":1}}},"18":{"name":"(anonymous_26)","decl":{"start":{"line":435,"column":30},"end":{"line":435,"column":31}},"loc":{"start":{"line":435,"column":62},"end":{"line":444,"column":1}}},"19":{"name":"(anonymous_27)","decl":{"start":{"line":449,"column":32},"end":{"line":449,"column":33}},"loc":{"start":{"line":449,"column":64},"end":{"line":458,"column":1}}},"20":{"name":"(anonymous_28)","decl":{"start":{"line":460,"column":27},"end":{"line":460,"column":34}},"loc":{"start":{"line":460,"column":65},"end":{"line":494,"column":2}}},"21":{"name":"(anonymous_29)","decl":{"start":{"line":460,"column":65},"end":{"line":460,"column":null}},"loc":{"start":{"line":460,"column":65},"end":{"line":494,"column":1}}},"22":{"name":"(anonymous_30)","decl":{"start":{"line":496,"column":39},"end":{"line":496,"column":46}},"loc":{"start":{"line":496,"column":77},"end":{"line":542,"column":2}}},"23":{"name":"(anonymous_31)","decl":{"start":{"line":496,"column":77},"end":{"line":496,"column":null}},"loc":{"start":{"line":496,"column":77},"end":{"line":542,"column":1}}}},"branchMap":{"0":{"loc":{"start":{"line":22,"column":4},"end":{"line":24,"column":5}},"type":"if","locations":[{"start":{"line":22,"column":4},"end":{"line":24,"column":5}}]},"1":{"loc":{"start":{"line":22,"column":8},"end":{"line":22,"column":49}},"type":"binary-expr","locations":[{"start":{"line":22,"column":8},"end":{"line":22,"column":13}},{"start":{"line":22,"column":17},"end":{"line":22,"column":26}},{"start":{"line":22,"column":30},"end":{"line":22,"column":36}},{"start":{"line":22,"column":40},"end":{"line":22,"column":49}}]},"2":{"loc":{"start":{"line":27,"column":4},"end":{"line":29,"column":5}},"type":"if","locations":[{"start":{"line":27,"column":4},"end":{"line":29,"column":5}}]},"3":{"loc":{"start":{"line":36,"column":4},"end":{"line":40,"column":5}},"type":"if","locations":[{"start":{"line":36,"column":4},"end":{"line":40,"column":5}}]},"4":{"loc":{"start":{"line":36,"column":8},"end":{"line":36,"column":52}},"type":"binary-expr","locations":[{"start":{"line":36,"column":8},"end":{"line":36,"column":21}},{"start":{"line":36,"column":25},"end":{"line":36,"column":38}},{"start":{"line":36,"column":42},"end":{"line":36,"column":52}}]},"5":{"loc":{"start":{"line":44,"column":4},"end":{"line":46,"column":5}},"type":"if","locations":[{"start":{"line":44,"column":4},"end":{"line":46,"column":5}}]},"6":{"loc":{"start":{"line":50,"column":4},"end":{"line":52,"column":5}},"type":"if","locations":[{"start":{"line":50,"column":4},"end":{"line":52,"column":5}}]},"7":{"loc":{"start":{"line":78,"column":31},"end":{"line":78,"column":80}},"type":"binary-expr","locations":[{"start":{"line":78,"column":31},"end":{"line":78,"column":53}},{"start":{"line":78,"column":57},"end":{"line":78,"column":80}}]},"8":{"loc":{"start":{"line":111,"column":4},"end":{"line":113,"column":5}},"type":"if","locations":[{"start":{"line":111,"column":4},"end":{"line":113,"column":5}}]},"9":{"loc":{"start":{"line":111,"column":8},"end":{"line":111,"column":27}},"type":"binary-expr","locations":[{"start":{"line":111,"column":8},"end":{"line":111,"column":14}},{"start":{"line":111,"column":18},"end":{"line":111,"column":27}}]},"10":{"loc":{"start":{"line":118,"column":22},"end":{"line":120,"column":49}},"type":"cond-expr","locations":[{"start":{"line":119,"column":8},"end":{"line":119,"column":46}},{"start":{"line":120,"column":8},"end":{"line":120,"column":49}}]},"11":{"loc":{"start":{"line":124,"column":4},"end":{"line":128,"column":5}},"type":"if","locations":[{"start":{"line":124,"column":4},"end":{"line":128,"column":5}}]},"12":{"loc":{"start":{"line":133,"column":4},"end":{"line":145,"column":5}},"type":"if","locations":[{"start":{"line":133,"column":4},"end":{"line":145,"column":5}}]},"13":{"loc":{"start":{"line":135,"column":6},"end":{"line":144,"column":7}},"type":"if","locations":[{"start":{"line":135,"column":6},"end":{"line":144,"column":7}},{"start":{"line":141,"column":13},"end":{"line":144,"column":7}}]},"14":{"loc":{"start":{"line":150,"column":4},"end":{"line":154,"column":5}},"type":"if","locations":[{"start":{"line":150,"column":4},"end":{"line":154,"column":5}}]},"15":{"loc":{"start":{"line":157,"column":4},"end":{"line":159,"column":5}},"type":"if","locations":[{"start":{"line":157,"column":4},"end":{"line":159,"column":5}}]},"16":{"loc":{"start":{"line":200,"column":24},"end":{"line":200,"column":46}},"type":"binary-expr","locations":[{"start":{"line":200,"column":24},"end":{"line":200,"column":33}},{"start":{"line":200,"column":37},"end":{"line":200,"column":46}}]},"17":{"loc":{"start":{"line":252,"column":4},"end":{"line":254,"column":5}},"type":"if","locations":[{"start":{"line":252,"column":4},"end":{"line":254,"column":5}}]},"18":{"loc":{"start":{"line":266,"column":4},"end":{"line":268,"column":5}},"type":"if","locations":[{"start":{"line":266,"column":4},"end":{"line":268,"column":5}}]},"19":{"loc":{"start":{"line":297,"column":4},"end":{"line":299,"column":5}},"type":"if","locations":[{"start":{"line":297,"column":4},"end":{"line":299,"column":5}}]},"20":{"loc":{"start":{"line":304,"column":4},"end":{"line":307,"column":5}},"type":"if","locations":[{"start":{"line":304,"column":4},"end":{"line":307,"column":5}}]},"21":{"loc":{"start":{"line":344,"column":24},"end":{"line":344,"column":73}},"type":"binary-expr","locations":[{"start":{"line":344,"column":24},"end":{"line":344,"column":46}},{"start":{"line":344,"column":50},"end":{"line":344,"column":73}}]},"22":{"loc":{"start":{"line":363,"column":4},"end":{"line":365,"column":5}},"type":"if","locations":[{"start":{"line":363,"column":4},"end":{"line":365,"column":5}}]},"23":{"loc":{"start":{"line":363,"column":8},"end":{"line":363,"column":30}},"type":"binary-expr","locations":[{"start":{"line":363,"column":8},"end":{"line":363,"column":14}},{"start":{"line":363,"column":18},"end":{"line":363,"column":30}}]},"24":{"loc":{"start":{"line":368,"column":4},"end":{"line":370,"column":5}},"type":"if","locations":[{"start":{"line":368,"column":4},"end":{"line":370,"column":5}}]},"25":{"loc":{"start":{"line":378,"column":4},"end":{"line":380,"column":5}},"type":"if","locations":[{"start":{"line":378,"column":4},"end":{"line":380,"column":5}}]},"26":{"loc":{"start":{"line":411,"column":4},"end":{"line":413,"column":5}},"type":"if","locations":[{"start":{"line":411,"column":4},"end":{"line":413,"column":5}}]},"27":{"loc":{"start":{"line":421,"column":4},"end":{"line":423,"column":5}},"type":"if","locations":[{"start":{"line":421,"column":4},"end":{"line":423,"column":5}}]},"28":{"loc":{"start":{"line":438,"column":2},"end":{"line":440,"column":3}},"type":"if","locations":[{"start":{"line":438,"column":2},"end":{"line":440,"column":3}}]},"29":{"loc":{"start":{"line":452,"column":2},"end":{"line":454,"column":3}},"type":"if","locations":[{"start":{"line":452,"column":2},"end":{"line":454,"column":3}}]},"30":{"loc":{"start":{"line":464,"column":4},"end":{"line":466,"column":5}},"type":"if","locations":[{"start":{"line":464,"column":4},"end":{"line":466,"column":5}}]},"31":{"loc":{"start":{"line":474,"column":4},"end":{"line":476,"column":5}},"type":"if","locations":[{"start":{"line":474,"column":4},"end":{"line":476,"column":5}}]},"32":{"loc":{"start":{"line":500,"column":4},"end":{"line":502,"column":5}},"type":"if","locations":[{"start":{"line":500,"column":4},"end":{"line":502,"column":5}}]},"33":{"loc":{"start":{"line":507,"column":4},"end":{"line":509,"column":5}},"type":"if","locations":[{"start":{"line":507,"column":4},"end":{"line":509,"column":5}}]},"34":{"loc":{"start":{"line":513,"column":4},"end":{"line":515,"column":5}},"type":"if","locations":[{"start":{"line":513,"column":4},"end":{"line":515,"column":5}}]},"35":{"loc":{"start":{"line":532,"column":31},"end":{"line":532,"column":80}},"type":"binary-expr","locations":[{"start":{"line":532,"column":31},"end":{"line":532,"column":53}},{"start":{"line":532,"column":57},"end":{"line":532,"column":80}}]}},"s":{"0":0,"1":0,"2":0,"3":0,"4":0,"5":0,"6":0,"7":0,"8":0,"9":0,"10":0,"11":0,"12":0,"13":0,"14":0,"15":0,"16":0,"17":0,"18":0,"19":0,"20":0,"21":0,"22":0,"23":0,"24":0,"25":0,"26":0,"27":0,"28":0,"29":0,"30":0,"31":0,"32":0,"33":0,"34":0,"35":0,"36":0,"37":0,"38":0,"39":0,"40":0,"41":0,"42":0,"43":0,"44":0,"45":0,"46":0,"47":0,"48":0,"49":0,"50":0,"51":0,"52":0,"53":0,"54":0,"55":0,"56":0,"57":0,"58":0,"59":0,"60":0,"61":0,"62":0,"63":0,"64":0,"65":0,"66":0,"67":0,"68":0,"69":0,"70":0,"71":0,"72":0,"73":0,"74":0,"75":0,"76":0,"77":0,"78":0,"79":0,"80":0,"81":0,"82":0,"83":0,"84":0,"85":0,"86":0,"87":0,"88":0,"89":0,"90":0,"91":0,"92":0,"93":0,"94":0,"95":0,"96":0,"97":0,"98":0,"99":0,"100":0,"101":0,"102":0,"103":0,"104":0,"105":0,"106":0,"107":0,"108":0,"109":0,"110":0,"111":0,"112":0,"113":0,"114":0,"115":0,"116":0,"117":0,"118":0,"119":0,"120":0,"121":0,"122":0,"123":0,"124":0,"125":0,"126":0,"127":0,"128":0,"129":0,"130":0,"131":0,"132":0,"133":0,"134":0,"135":0,"136":0,"137":0,"138":0,"139":0,"140":0,"141":0,"142":0,"143":0,"144":0,"145":0,"146":0,"147":0,"148":0,"149":0,"150":0,"151":0,"152":0,"153":0,"154":0,"155":0,"156":0,"157":0,"158":0,"159":0,"160":0,"161":0,"162":0,"163":0,"164":0,"165":0,"166":0,"167":0,"168":0,"169":0,"170":0,"171":0,"172":0,"173":0,"174":0,"175":0,"176":0,"177":0,"178":0,"179":0,"180":0,"181":0,"182":0,"183":0,"184":0,"185":0,"186":0,"187":0,"188":0,"189":0,"190":0,"191":0,"192":0,"193":0,"194":0,"195":0,"196":0,"197":0,"198":0,"199":0,"200":0,"201":0,"202":0,"203":0,"204":0,"205":0,"206":0,"207":0,"208":0,"209":0,"210":0,"211":0,"212":0,"213":0,"214":0,"215":0},"f":{"0":0,"1":0,"2":0,"3":0,"4":0,"5":0,"6":0,"7":0,"8":0,"9":0,"10":0,"11":0,"12":0,"13":0,"14":0,"15":0,"16":0,"17":0,"18":0,"19":0,"20":0,"21":0,"22":0,"23":0},"b":{"0":[0],"1":[0,0,0,0],"2":[0],"3":[0],"4":[0,0,0],"5":[0],"6":[0],"7":[0,0],"8":[0],"9":[0,0],"10":[0,0],"11":[0],"12":[0],"13":[0,0],"14":[0],"15":[0],"16":[0,0],"17":[0],"18":[0],"19":[0],"20":[0],"21":[0,0],"22":[0],"23":[0,0],"24":[0],"25":[0],"26":[0],"27":[0],"28":[0],"29":[0],"30":[0],"31":[0],"32":[0],"33":[0],"34":[0],"35":[0,0]}}
,"/Users/josephwaugh/Desktop/ReactProjects/VibeFlo/server/src/controllers/playlist.controller.ts": {"path":"/Users/josephwaugh/Desktop/ReactProjects/VibeFlo/server/src/controllers/playlist.controller.ts","statementMap":{"0":{"start":{"line":2,"column":0},"end":{"line":2,"column":32}},"1":{"start":{"line":11,"column":32},"end":{"line":29,"column":2}},"2":{"start":{"line":11,"column":74},"end":{"line":29,"column":2}},"3":{"start":{"line":12,"column":2},"end":{"line":28,"column":3}},"4":{"start":{"line":13,"column":19},"end":{"line":13,"column":31}},"5":{"start":{"line":15,"column":4},"end":{"line":17,"column":5}},"6":{"start":{"line":16,"column":6},"end":{"line":16,"column":73}},"7":{"start":{"line":19,"column":22},"end":{"line":21,"column":null}},"8":{"start":{"line":24,"column":4},"end":{"line":24,"column":29}},"9":{"start":{"line":26,"column":4},"end":{"line":26,"column":54}},"10":{"start":{"line":27,"column":4},"end":{"line":27,"column":54}},"11":{"start":{"line":11,"column":13},"end":{"line":11,"column":32}},"12":{"start":{"line":34,"column":31},"end":{"line":72,"column":2}},"13":{"start":{"line":34,"column":73},"end":{"line":72,"column":2}},"14":{"start":{"line":35,"column":2},"end":{"line":71,"column":3}},"15":{"start":{"line":36,"column":19},"end":{"line":36,"column":29}},"16":{"start":{"line":37,"column":19},"end":{"line":37,"column":31}},"17":{"start":{"line":39,"column":4},"end":{"line":41,"column":5}},"18":{"start":{"line":40,"column":6},"end":{"line":40,"column":73}},"19":{"start":{"line":44,"column":21},"end":{"line":46,"column":null}},"20":{"start":{"line":49,"column":4},"end":{"line":51,"column":5}},"21":{"start":{"line":50,"column":6},"end":{"line":50,"column":69}},"22":{"start":{"line":53,"column":25},"end":{"line":53,"column":41}},"23":{"start":{"line":56,"column":18},"end":{"line":61,"column":null}},"24":{"start":{"line":65,"column":4},"end":{"line":65,"column":37}},"25":{"start":{"line":67,"column":4},"end":{"line":67,"column":27}},"26":{"start":{"line":69,"column":4},"end":{"line":69,"column":53}},"27":{"start":{"line":70,"column":4},"end":{"line":70,"column":54}},"28":{"start":{"line":34,"column":13},"end":{"line":34,"column":31}},"29":{"start":{"line":77,"column":30},"end":{"line":181,"column":2}},"30":{"start":{"line":77,"column":72},"end":{"line":181,"column":2}},"31":{"start":{"line":78,"column":2},"end":{"line":180,"column":3}},"32":{"start":{"line":79,"column":42},"end":{"line":79,"column":50}},"33":{"start":{"line":80,"column":19},"end":{"line":80,"column":31}},"34":{"start":{"line":82,"column":4},"end":{"line":84,"column":5}},"35":{"start":{"line":83,"column":6},"end":{"line":83,"column":73}},"36":{"start":{"line":86,"column":4},"end":{"line":88,"column":5}},"37":{"start":{"line":87,"column":6},"end":{"line":87,"column":76}},"38":{"start":{"line":91,"column":19},"end":{"line":91,"column":39}},"39":{"start":{"line":93,"column":4},"end":{"line":176,"column":5}},"40":{"start":{"line":94,"column":6},"end":{"line":94,"column":34}},"41":{"start":{"line":97,"column":29},"end":{"line":99,"column":null}},"42":{"start":{"line":102,"column":26},"end":{"line":102,"column":48}},"43":{"start":{"line":105,"column":6},"end":{"line":165,"column":7}},"44":{"start":{"line":106,"column":8},"end":{"line":106,"column":84}},"45":{"start":{"line":109,"column":8},"end":{"line":153,"column":9}},"46":{"start":{"line":109,"column":21},"end":{"line":109,"column":22}},"47":{"start":{"line":110,"column":24},"end":{"line":110,"column":33}},"48":{"start":{"line":113,"column":10},"end":{"line":116,"column":11}},"49":{"start":{"line":114,"column":12},"end":{"line":114,"column":75}},"50":{"start":{"line":115,"column":12},"end":{"line":115,"column":21}},"51":{"start":{"line":118,"column":10},"end":{"line":118,"column":77}},"52":{"start":{"line":120,"column":10},"end":{"line":152,"column":11}},"53":{"start":{"line":122,"column":31},"end":{"line":136,"column":null}},"54":{"start":{"line":139,"column":28},"end":{"line":139,"column":46}},"55":{"start":{"line":140,"column":12},"end":{"line":140,"column":63}},"56":{"start":{"line":143,"column":12},"end":{"line":146,"column":14}},"57":{"start":{"line":148,"column":12},"end":{"line":148,"column":103}},"58":{"start":{"line":150,"column":12},"end":{"line":150,"column":71}},"59":{"start":{"line":156,"column":28},"end":{"line":161,"column":null}},"60":{"start":{"line":164,"column":8},"end":{"line":164,"column":46}},"61":{"start":{"line":167,"column":6},"end":{"line":167,"column":35}},"62":{"start":{"line":170,"column":6},"end":{"line":170,"column":40}},"63":{"start":{"line":172,"column":6},"end":{"line":172,"column":37}},"64":{"start":{"line":173,"column":6},"end":{"line":173,"column":18}},"65":{"start":{"line":175,"column":6},"end":{"line":175,"column":23}},"66":{"start":{"line":178,"column":4},"end":{"line":178,"column":53}},"67":{"start":{"line":179,"column":4},"end":{"line":179,"column":54}},"68":{"start":{"line":77,"column":13},"end":{"line":77,"column":30}},"69":{"start":{"line":186,"column":30},"end":{"line":381,"column":2}},"70":{"start":{"line":186,"column":72},"end":{"line":381,"column":2}},"71":{"start":{"line":187,"column":2},"end":{"line":380,"column":3}},"72":{"start":{"line":188,"column":19},"end":{"line":188,"column":29}},"73":{"start":{"line":189,"column":42},"end":{"line":189,"column":50}},"74":{"start":{"line":190,"column":19},"end":{"line":190,"column":31}},"75":{"start":{"line":192,"column":4},"end":{"line":194,"column":5}},"76":{"start":{"line":193,"column":6},"end":{"line":193,"column":73}},"77":{"start":{"line":197,"column":26},"end":{"line":199,"column":null}},"78":{"start":{"line":202,"column":4},"end":{"line":204,"column":5}},"79":{"start":{"line":203,"column":6},"end":{"line":203,"column":69}},"80":{"start":{"line":207,"column":19},"end":{"line":207,"column":39}},"81":{"start":{"line":209,"column":4},"end":{"line":376,"column":5}},"82":{"start":{"line":210,"column":6},"end":{"line":210,"column":34}},"83":{"start":{"line":213,"column":30},"end":{"line":220,"column":null}},"84":{"start":{"line":223,"column":23},"end":{"line":223,"column":46}},"85":{"start":{"line":226,"column":6},"end":{"line":353,"column":7}},"86":{"start":{"line":227,"column":8},"end":{"line":227,"column":76}},"87":{"start":{"line":230,"column":8},"end":{"line":230,"column":86}},"88":{"start":{"line":233,"column":8},"end":{"line":352,"column":9}},"89":{"start":{"line":233,"column":21},"end":{"line":233,"column":22}},"90":{"start":{"line":234,"column":24},"end":{"line":234,"column":33}},"91":{"start":{"line":237,"column":10},"end":{"line":240,"column":11}},"92":{"start":{"line":238,"column":12},"end":{"line":238,"column":75}},"93":{"start":{"line":239,"column":12},"end":{"line":239,"column":21}},"94":{"start":{"line":242,"column":10},"end":{"line":242,"column":77}},"95":{"start":{"line":247,"column":10},"end":{"line":343,"column":11}},"96":{"start":{"line":248,"column":12},"end":{"line":321,"column":13}},"97":{"start":{"line":253,"column":14},"end":{"line":260,"column":15}},"98":{"start":{"line":254,"column":34},"end":{"line":254,"column":60}},"99":{"start":{"line":257,"column":16},"end":{"line":259,"column":17}},"100":{"start":{"line":258,"column":18},"end":{"line":258,"column":43}},"101":{"start":{"line":263,"column":14},"end":{"line":298,"column":15}},"102":{"start":{"line":265,"column":37},"end":{"line":265,"column":109}},"103":{"start":{"line":267,"column":16},"end":{"line":294,"column":17}},"104":{"start":{"line":269,"column":18},"end":{"line":269,"column":51}},"105":{"start":{"line":270,"column":18},"end":{"line":270,"column":72}},"106":{"start":{"line":273,"column":18},"end":{"line":290,"column":20}},"107":{"start":{"line":293,"column":18},"end":{"line":293,"column":55}},"108":{"start":{"line":297,"column":16},"end":{"line":297,"column":58}},"109":{"start":{"line":301,"column":14},"end":{"line":301,"column":118}},"110":{"start":{"line":302,"column":33},"end":{"line":316,"column":null}},"111":{"start":{"line":319,"column":14},"end":{"line":319,"column":45}},"112":{"start":{"line":320,"column":14},"end":{"line":320,"column":65}},"113":{"start":{"line":324,"column":31},"end":{"line":338,"column":null}},"114":{"start":{"line":341,"column":12},"end":{"line":341,"column":43}},"115":{"start":{"line":342,"column":12},"end":{"line":342,"column":63}},"116":{"start":{"line":346,"column":10},"end":{"line":349,"column":12}},"117":{"start":{"line":351,"column":10},"end":{"line":351,"column":85}},"118":{"start":{"line":356,"column":26},"end":{"line":361,"column":null}},"119":{"start":{"line":365,"column":6},"end":{"line":365,"column":41}},"120":{"start":{"line":367,"column":6},"end":{"line":367,"column":35}},"121":{"start":{"line":370,"column":6},"end":{"line":370,"column":25}},"122":{"start":{"line":372,"column":6},"end":{"line":372,"column":37}},"123":{"start":{"line":373,"column":6},"end":{"line":373,"column":18}},"124":{"start":{"line":375,"column":6},"end":{"line":375,"column":23}},"125":{"start":{"line":378,"column":4},"end":{"line":378,"column":53}},"126":{"start":{"line":379,"column":4},"end":{"line":379,"column":54}},"127":{"start":{"line":186,"column":13},"end":{"line":186,"column":30}},"128":{"start":{"line":386,"column":30},"end":{"line":416,"column":2}},"129":{"start":{"line":386,"column":72},"end":{"line":416,"column":2}},"130":{"start":{"line":387,"column":2},"end":{"line":415,"column":3}},"131":{"start":{"line":388,"column":19},"end":{"line":388,"column":29}},"132":{"start":{"line":389,"column":19},"end":{"line":389,"column":31}},"133":{"start":{"line":391,"column":4},"end":{"line":393,"column":5}},"134":{"start":{"line":392,"column":6},"end":{"line":392,"column":73}},"135":{"start":{"line":396,"column":26},"end":{"line":398,"column":null}},"136":{"start":{"line":401,"column":4},"end":{"line":403,"column":5}},"137":{"start":{"line":402,"column":6},"end":{"line":402,"column":69}},"138":{"start":{"line":406,"column":4},"end":{"line":409,"column":6}},"139":{"start":{"line":411,"column":4},"end":{"line":411,"column":59}},"140":{"start":{"line":413,"column":4},"end":{"line":413,"column":53}},"141":{"start":{"line":414,"column":4},"end":{"line":414,"column":54}},"142":{"start":{"line":386,"column":13},"end":{"line":386,"column":30}},"143":{"start":{"line":421,"column":32},"end":{"line":455,"column":2}},"144":{"start":{"line":421,"column":74},"end":{"line":455,"column":2}},"145":{"start":{"line":422,"column":2},"end":{"line":454,"column":3}},"146":{"start":{"line":423,"column":27},"end":{"line":423,"column":37}},"147":{"start":{"line":424,"column":19},"end":{"line":424,"column":31}},"148":{"start":{"line":426,"column":4},"end":{"line":428,"column":5}},"149":{"start":{"line":427,"column":6},"end":{"line":427,"column":73}},"150":{"start":{"line":431,"column":26},"end":{"line":433,"column":null}},"151":{"start":{"line":436,"column":4},"end":{"line":438,"column":5}},"152":{"start":{"line":437,"column":6},"end":{"line":437,"column":69}},"153":{"start":{"line":441,"column":18},"end":{"line":447,"column":null}},"154":{"start":{"line":450,"column":4},"end":{"line":450,"column":25}},"155":{"start":{"line":452,"column":4},"end":{"line":452,"column":59}},"156":{"start":{"line":453,"column":4},"end":{"line":453,"column":54}},"157":{"start":{"line":421,"column":13},"end":{"line":421,"column":32}},"158":{"start":{"line":460,"column":33},"end":{"line":522,"column":2}},"159":{"start":{"line":460,"column":75},"end":{"line":522,"column":2}},"160":{"start":{"line":461,"column":2},"end":{"line":521,"column":3}},"161":{"start":{"line":462,"column":27},"end":{"line":462,"column":37}},"162":{"start":{"line":463,"column":33},"end":{"line":463,"column":41}},"163":{"start":{"line":464,"column":19},"end":{"line":464,"column":31}},"164":{"start":{"line":466,"column":4},"end":{"line":468,"column":5}},"165":{"start":{"line":467,"column":6},"end":{"line":467,"column":73}},"166":{"start":{"line":470,"column":4},"end":{"line":472,"column":5}},"167":{"start":{"line":471,"column":6},"end":{"line":471,"column":70}},"168":{"start":{"line":475,"column":26},"end":{"line":477,"column":null}},"169":{"start":{"line":480,"column":4},"end":{"line":482,"column":5}},"170":{"start":{"line":481,"column":6},"end":{"line":481,"column":69}},"171":{"start":{"line":485,"column":22},"end":{"line":485,"column":85}},"172":{"start":{"line":487,"column":4},"end":{"line":489,"column":5}},"173":{"start":{"line":488,"column":6},"end":{"line":488,"column":65}},"174":{"start":{"line":492,"column":26},"end":{"line":494,"column":null}},"175":{"start":{"line":497,"column":4},"end":{"line":499,"column":5}},"176":{"start":{"line":498,"column":6},"end":{"line":498,"column":82}},"177":{"start":{"line":502,"column":23},"end":{"line":502,"column":31}},"178":{"start":{"line":503,"column":4},"end":{"line":509,"column":5}},"179":{"start":{"line":504,"column":32},"end":{"line":506,"column":null}},"180":{"start":{"line":508,"column":6},"end":{"line":508,"column":66}},"181":{"start":{"line":512,"column":4},"end":{"line":515,"column":6}},"182":{"start":{"line":517,"column":4},"end":{"line":517,"column":64}},"183":{"start":{"line":519,"column":4},"end":{"line":519,"column":59}},"184":{"start":{"line":520,"column":4},"end":{"line":520,"column":54}},"185":{"start":{"line":460,"column":13},"end":{"line":460,"column":33}},"186":{"start":{"line":527,"column":38},"end":{"line":557,"column":2}},"187":{"start":{"line":527,"column":80},"end":{"line":557,"column":2}},"188":{"start":{"line":528,"column":2},"end":{"line":556,"column":3}},"189":{"start":{"line":529,"column":35},"end":{"line":529,"column":45}},"190":{"start":{"line":530,"column":19},"end":{"line":530,"column":31}},"191":{"start":{"line":532,"column":4},"end":{"line":534,"column":5}},"192":{"start":{"line":533,"column":6},"end":{"line":533,"column":73}},"193":{"start":{"line":537,"column":26},"end":{"line":539,"column":null}},"194":{"start":{"line":542,"column":4},"end":{"line":544,"column":5}},"195":{"start":{"line":543,"column":6},"end":{"line":543,"column":69}},"196":{"start":{"line":547,"column":4},"end":{"line":550,"column":6}},"197":{"start":{"line":552,"column":4},"end":{"line":552,"column":56}},"198":{"start":{"line":554,"column":4},"end":{"line":554,"column":63}},"199":{"start":{"line":555,"column":4},"end":{"line":555,"column":54}},"200":{"start":{"line":527,"column":13},"end":{"line":527,"column":38}}},"fnMap":{"0":{"name":"(anonymous_8)","decl":{"start":{"line":11,"column":32},"end":{"line":11,"column":39}},"loc":{"start":{"line":11,"column":74},"end":{"line":29,"column":2}}},"1":{"name":"(anonymous_9)","decl":{"start":{"line":11,"column":74},"end":{"line":11,"column":null}},"loc":{"start":{"line":11,"column":74},"end":{"line":29,"column":1}}},"2":{"name":"(anonymous_10)","decl":{"start":{"line":34,"column":31},"end":{"line":34,"column":38}},"loc":{"start":{"line":34,"column":73},"end":{"line":72,"column":2}}},"3":{"name":"(anonymous_11)","decl":{"start":{"line":34,"column":73},"end":{"line":34,"column":null}},"loc":{"start":{"line":34,"column":73},"end":{"line":72,"column":1}}},"4":{"name":"(anonymous_12)","decl":{"start":{"line":77,"column":30},"end":{"line":77,"column":37}},"loc":{"start":{"line":77,"column":72},"end":{"line":181,"column":2}}},"5":{"name":"(anonymous_13)","decl":{"start":{"line":77,"column":72},"end":{"line":77,"column":null}},"loc":{"start":{"line":77,"column":72},"end":{"line":181,"column":1}}},"6":{"name":"(anonymous_14)","decl":{"start":{"line":186,"column":30},"end":{"line":186,"column":37}},"loc":{"start":{"line":186,"column":72},"end":{"line":381,"column":2}}},"7":{"name":"(anonymous_15)","decl":{"start":{"line":186,"column":72},"end":{"line":186,"column":null}},"loc":{"start":{"line":186,"column":72},"end":{"line":381,"column":1}}},"8":{"name":"(anonymous_16)","decl":{"start":{"line":386,"column":30},"end":{"line":386,"column":37}},"loc":{"start":{"line":386,"column":72},"end":{"line":416,"column":2}}},"9":{"name":"(anonymous_17)","decl":{"start":{"line":386,"column":72},"end":{"line":386,"column":null}},"loc":{"start":{"line":386,"column":72},"end":{"line":416,"column":1}}},"10":{"name":"(anonymous_18)","decl":{"start":{"line":421,"column":32},"end":{"line":421,"column":39}},"loc":{"start":{"line":421,"column":74},"end":{"line":455,"column":2}}},"11":{"name":"(anonymous_19)","decl":{"start":{"line":421,"column":74},"end":{"line":421,"column":null}},"loc":{"start":{"line":421,"column":74},"end":{"line":455,"column":1}}},"12":{"name":"(anonymous_20)","decl":{"start":{"line":460,"column":33},"end":{"line":460,"column":40}},"loc":{"start":{"line":460,"column":75},"end":{"line":522,"column":2}}},"13":{"name":"(anonymous_21)","decl":{"start":{"line":460,"column":75},"end":{"line":460,"column":null}},"loc":{"start":{"line":460,"column":75},"end":{"line":522,"column":1}}},"14":{"name":"(anonymous_22)","decl":{"start":{"line":527,"column":38},"end":{"line":527,"column":45}},"loc":{"start":{"line":527,"column":80},"end":{"line":557,"column":2}}},"15":{"name":"(anonymous_23)","decl":{"start":{"line":527,"column":80},"end":{"line":527,"column":null}},"loc":{"start":{"line":527,"column":80},"end":{"line":557,"column":1}}}},"branchMap":{"0":{"loc":{"start":{"line":13,"column":19},"end":{"line":13,"column":31}},"type":"cond-expr","locations":[{"start":{"line":13,"column":27},"end":{"line":13,"column":29}},{"start":{"line":13,"column":27},"end":{"line":13,"column":31}}]},"1":{"loc":{"start":{"line":13,"column":19},"end":{"line":13,"column":29}},"type":"binary-expr","locations":[{"start":{"line":13,"column":19},"end":{"line":13,"column":29}},{"start":{"line":13,"column":27},"end":{"line":13,"column":29}}]},"2":{"loc":{"start":{"line":15,"column":4},"end":{"line":17,"column":5}},"type":"if","locations":[{"start":{"line":15,"column":4},"end":{"line":17,"column":5}}]},"3":{"loc":{"start":{"line":37,"column":19},"end":{"line":37,"column":31}},"type":"cond-expr","locations":[{"start":{"line":37,"column":27},"end":{"line":37,"column":29}},{"start":{"line":37,"column":27},"end":{"line":37,"column":31}}]},"4":{"loc":{"start":{"line":37,"column":19},"end":{"line":37,"column":29}},"type":"binary-expr","locations":[{"start":{"line":37,"column":19},"end":{"line":37,"column":29}},{"start":{"line":37,"column":27},"end":{"line":37,"column":29}}]},"5":{"loc":{"start":{"line":39,"column":4},"end":{"line":41,"column":5}},"type":"if","locations":[{"start":{"line":39,"column":4},"end":{"line":41,"column":5}}]},"6":{"loc":{"start":{"line":49,"column":4},"end":{"line":51,"column":5}},"type":"if","locations":[{"start":{"line":49,"column":4},"end":{"line":51,"column":5}}]},"7":{"loc":{"start":{"line":80,"column":19},"end":{"line":80,"column":31}},"type":"cond-expr","locations":[{"start":{"line":80,"column":27},"end":{"line":80,"column":29}},{"start":{"line":80,"column":27},"end":{"line":80,"column":31}}]},"8":{"loc":{"start":{"line":80,"column":19},"end":{"line":80,"column":29}},"type":"binary-expr","locations":[{"start":{"line":80,"column":19},"end":{"line":80,"column":29}},{"start":{"line":80,"column":27},"end":{"line":80,"column":29}}]},"9":{"loc":{"start":{"line":82,"column":4},"end":{"line":84,"column":5}},"type":"if","locations":[{"start":{"line":82,"column":4},"end":{"line":84,"column":5}}]},"10":{"loc":{"start":{"line":86,"column":4},"end":{"line":88,"column":5}},"type":"if","locations":[{"start":{"line":86,"column":4},"end":{"line":88,"column":5}}]},"11":{"loc":{"start":{"line":99,"column":15},"end":{"line":99,"column":34}},"type":"binary-expr","locations":[{"start":{"line":99,"column":15},"end":{"line":99,"column":26}},{"start":{"line":99,"column":30},"end":{"line":99,"column":34}}]},"12":{"loc":{"start":{"line":105,"column":6},"end":{"line":165,"column":7}},"type":"if","locations":[{"start":{"line":105,"column":6},"end":{"line":165,"column":7}}]},"13":{"loc":{"start":{"line":105,"column":10},"end":{"line":105,"column":62}},"type":"binary-expr","locations":[{"start":{"line":105,"column":10},"end":{"line":105,"column":16}},{"start":{"line":105,"column":20},"end":{"line":105,"column":41}},{"start":{"line":105,"column":45},"end":{"line":105,"column":62}}]},"14":{"loc":{"start":{"line":113,"column":10},"end":{"line":116,"column":11}},"type":"if","locations":[{"start":{"line":113,"column":10},"end":{"line":116,"column":11}}]},"15":{"loc":{"start":{"line":113,"column":14},"end":{"line":113,"column":43}},"type":"binary-expr","locations":[{"start":{"line":113,"column":14},"end":{"line":113,"column":26}},{"start":{"line":113,"column":30},"end":{"line":113,"column":43}}]},"16":{"loc":{"start":{"line":130,"column":16},"end":{"line":130,"column":35}},"type":"binary-expr","locations":[{"start":{"line":130,"column":16},"end":{"line":130,"column":27}},{"start":{"line":130,"column":31},"end":{"line":130,"column":35}}]},"17":{"loc":{"start":{"line":131,"column":16},"end":{"line":131,"column":38}},"type":"binary-expr","locations":[{"start":{"line":131,"column":16},"end":{"line":131,"column":30}},{"start":{"line":131,"column":34},"end":{"line":131,"column":38}}]},"18":{"loc":{"start":{"line":132,"column":16},"end":{"line":132,"column":37}},"type":"binary-expr","locations":[{"start":{"line":132,"column":16},"end":{"line":132,"column":29}},{"start":{"line":132,"column":33},"end":{"line":132,"column":37}}]},"19":{"loc":{"start":{"line":133,"column":16},"end":{"line":133,"column":33}},"type":"binary-expr","locations":[{"start":{"line":133,"column":16},"end":{"line":133,"column":25}},{"start":{"line":133,"column":29},"end":{"line":133,"column":33}}]},"20":{"loc":{"start":{"line":134,"column":16},"end":{"line":134,"column":40}},"type":"binary-expr","locations":[{"start":{"line":134,"column":16},"end":{"line":134,"column":32}},{"start":{"line":134,"column":36},"end":{"line":134,"column":40}}]},"21":{"loc":{"start":{"line":135,"column":16},"end":{"line":135,"column":41}},"type":"binary-expr","locations":[{"start":{"line":135,"column":16},"end":{"line":135,"column":28}},{"start":{"line":135,"column":32},"end":{"line":135,"column":41}}]},"22":{"loc":{"start":{"line":190,"column":19},"end":{"line":190,"column":31}},"type":"cond-expr","locations":[{"start":{"line":190,"column":27},"end":{"line":190,"column":29}},{"start":{"line":190,"column":27},"end":{"line":190,"column":31}}]},"23":{"loc":{"start":{"line":190,"column":19},"end":{"line":190,"column":29}},"type":"binary-expr","locations":[{"start":{"line":190,"column":19},"end":{"line":190,"column":29}},{"start":{"line":190,"column":27},"end":{"line":190,"column":29}}]},"24":{"loc":{"start":{"line":192,"column":4},"end":{"line":194,"column":5}},"type":"if","locations":[{"start":{"line":192,"column":4},"end":{"line":194,"column":5}}]},"25":{"loc":{"start":{"line":202,"column":4},"end":{"line":204,"column":5}},"type":"if","locations":[{"start":{"line":202,"column":4},"end":{"line":204,"column":5}}]},"26":{"loc":{"start":{"line":216,"column":10},"end":{"line":216,"column":44}},"type":"binary-expr","locations":[{"start":{"line":216,"column":10},"end":{"line":216,"column":14}},{"start":{"line":216,"column":18},"end":{"line":216,"column":44}}]},"27":{"loc":{"start":{"line":217,"column":10},"end":{"line":217,"column":85}},"type":"cond-expr","locations":[{"start":{"line":217,"column":38},"end":{"line":217,"column":49}},{"start":{"line":217,"column":52},"end":{"line":217,"column":85}}]},"28":{"loc":{"start":{"line":226,"column":6},"end":{"line":353,"column":7}},"type":"if","locations":[{"start":{"line":226,"column":6},"end":{"line":353,"column":7}}]},"29":{"loc":{"start":{"line":226,"column":10},"end":{"line":226,"column":41}},"type":"binary-expr","locations":[{"start":{"line":226,"column":10},"end":{"line":226,"column":16}},{"start":{"line":226,"column":20},"end":{"line":226,"column":41}}]},"30":{"loc":{"start":{"line":237,"column":10},"end":{"line":240,"column":11}},"type":"if","locations":[{"start":{"line":237,"column":10},"end":{"line":240,"column":11}}]},"31":{"loc":{"start":{"line":237,"column":14},"end":{"line":237,"column":43}},"type":"binary-expr","locations":[{"start":{"line":237,"column":14},"end":{"line":237,"column":26}},{"start":{"line":237,"column":30},"end":{"line":237,"column":43}}]},"32":{"loc":{"start":{"line":247,"column":10},"end":{"line":343,"column":11}},"type":"if","locations":[{"start":{"line":247,"column":10},"end":{"line":343,"column":11}},{"start":{"line":322,"column":17},"end":{"line":343,"column":11}}]},"33":{"loc":{"start":{"line":253,"column":14},"end":{"line":260,"column":15}},"type":"if","locations":[{"start":{"line":253,"column":14},"end":{"line":260,"column":15}}]},"34":{"loc":{"start":{"line":253,"column":18},"end":{"line":253,"column":78}},"type":"binary-expr","locations":[{"start":{"line":253,"column":18},"end":{"line":253,"column":46}},{"start":{"line":253,"column":50},"end":{"line":253,"column":78}}]},"35":{"loc":{"start":{"line":257,"column":16},"end":{"line":259,"column":17}},"type":"if","locations":[{"start":{"line":257,"column":16},"end":{"line":259,"column":17}}]},"36":{"loc":{"start":{"line":257,"column":20},"end":{"line":257,"column":64}},"type":"binary-expr","locations":[{"start":{"line":257,"column":20},"end":{"line":257,"column":37}},{"start":{"line":257,"column":41},"end":{"line":257,"column":64}}]},"37":{"loc":{"start":{"line":263,"column":14},"end":{"line":298,"column":15}},"type":"if","locations":[{"start":{"line":263,"column":14},"end":{"line":298,"column":15}},{"start":{"line":295,"column":21},"end":{"line":298,"column":15}}]},"38":{"loc":{"start":{"line":267,"column":16},"end":{"line":294,"column":17}},"type":"if","locations":[{"start":{"line":267,"column":16},"end":{"line":294,"column":17}},{"start":{"line":291,"column":23},"end":{"line":294,"column":17}}]},"39":{"loc":{"start":{"line":282,"column":22},"end":{"line":282,"column":41}},"type":"binary-expr","locations":[{"start":{"line":282,"column":22},"end":{"line":282,"column":33}},{"start":{"line":282,"column":37},"end":{"line":
[...]
ers/josephwaugh/Desktop/ReactProjects/VibeFlo/server/src/services/auth.service.ts": {"path":"/Users/josephwaugh/Desktop/ReactProjects/VibeFlo/server/src/services/auth.service.ts","statementMap":{"0":{"start":{"line":1,"column":0},"end":{"line":1,"column":28}},"1":{"start":{"line":2,"column":0},"end":{"line":2,"column":31}},"2":{"start":{"line":3,"column":0},"end":{"line":3,"column":27}},"3":{"start":{"line":20,"column":24},"end":{"line":51,"column":2}},"4":{"start":{"line":20,"column":53},"end":{"line":51,"column":2}},"5":{"start":{"line":21,"column":2},"end":{"line":50,"column":3}},"6":{"start":{"line":23,"column":25},"end":{"line":23,"column":83}},"7":{"start":{"line":25,"column":4},"end":{"line":27,"column":5}},"8":{"start":{"line":26,"column":6},"end":{"line":26,"column":46}},"9":{"start":{"line":30,"column":17},"end":{"line":30,"column":41}},"10":{"start":{"line":31,"column":27},"end":{"line":31,"column":69}},"11":{"start":{"line":34,"column":21},"end":{"line":39,"column":22}},"12":{"start":{"line":41,"column":4},"end":{"line":46,"column":6}},"13":{"start":{"line":48,"column":4},"end":{"line":48,"column":52}},"14":{"start":{"line":49,"column":4},"end":{"line":49,"column":16}},"15":{"start":{"line":20,"column":13},"end":{"line":20,"column":24}},"16":{"start":{"line":56,"column":21},"end":{"line":96,"column":2}},"17":{"start":{"line":56,"column":52},"end":{"line":96,"column":2}},"18":{"start":{"line":57,"column":2},"end":{"line":95,"column":3}},"19":{"start":{"line":59,"column":17},"end":{"line":59,"column":76}},"20":{"start":{"line":61,"column":4},"end":{"line":63,"column":5}},"21":{"start":{"line":62,"column":6},"end":{"line":62,"column":45}},"22":{"start":{"line":66,"column":28},"end":{"line":66,"column":83}},"23":{"start":{"line":68,"column":4},"end":{"line":70,"column":5}},"24":{"start":{"line":69,"column":6},"end":{"line":69,"column":45}},"25":{"start":{"line":73,"column":18},"end":{"line":76,"column":null}},"26":{"start":{"line":79,"column":4},"end":{"line":91,"column":6}},"27":{"start":{"line":93,"column":4},"end":{"line":93,"column":55}},"28":{"start":{"line":94,"column":4},"end":{"line":94,"column":16}},"29":{"start":{"line":56,"column":13},"end":{"line":56,"column":21}},"30":{"start":{"line":101,"column":30},"end":{"line":117,"column":2}},"31":{"start":{"line":101,"column":55},"end":{"line":117,"column":2}},"32":{"start":{"line":102,"column":2},"end":{"line":116,"column":3}},"33":{"start":{"line":103,"column":17},"end":{"line":106,"column":14}},"34":{"start":{"line":108,"column":4},"end":{"line":110,"column":5}},"35":{"start":{"line":109,"column":6},"end":{"line":109,"column":40}},"36":{"start":{"line":112,"column":4},"end":{"line":112,"column":16}},"37":{"start":{"line":114,"column":4},"end":{"line":114,"column":56}},"38":{"start":{"line":115,"column":4},"end":{"line":115,"column":16}},"39":{"start":{"line":101,"column":13},"end":{"line":101,"column":30}}},"fnMap":{"0":{"name":"(anonymous_8)","decl":{"start":{"line":20,"column":24},"end":{"line":20,"column":31}},"loc":{"start":{"line":20,"column":53},"end":{"line":51,"column":2}}},"1":{"name":"(anonymous_9)","decl":{"start":{"line":20,"column":53},"end":{"line":20,"column":null}},"loc":{"start":{"line":20,"column":53},"end":{"line":51,"column":1}}},"2":{"name":"(anonymous_10)","decl":{"start":{"line":56,"column":21},"end":{"line":56,"column":28}},"loc":{"start":{"line":56,"column":52},"end":{"line":96,"column":2}}},"3":{"name":"(anonymous_11)","decl":{"start":{"line":56,"column":52},"end":{"line":56,"column":null}},"loc":{"start":{"line":56,"column":52},"end":{"line":96,"column":1}}},"4":{"name":"(anonymous_12)","decl":{"start":{"line":101,"column":30},"end":{"line":101,"column":37}},"loc":{"start":{"line":101,"column":55},"end":{"line":117,"column":2}}},"5":{"name":"(anonymous_13)","decl":{"start":{"line":101,"column":55},"end":{"line":101,"column":null}},"loc":{"start":{"line":101,"column":55},"end":{"line":117,"column":1}}}},"branchMap":{"0":{"loc":{"start":{"line":25,"column":4},"end":{"line":27,"column":5}},"type":"if","locations":[{"start":{"line":25,"column":4},"end":{"line":27,"column":5}}]},"1":{"loc":{"start":{"line":61,"column":4},"end":{"line":63,"column":5}},"type":"if","locations":[{"start":{"line":61,"column":4},"end":{"line":63,"column":5}}]},"2":{"loc":{"start":{"line":68,"column":4},"end":{"line":70,"column":5}},"type":"if","locations":[{"start":{"line":68,"column":4},"end":{"line":70,"column":5}}]},"3":{"loc":{"start":{"line":75,"column":6},"end":{"line":75,"column":49}},"type":"binary-expr","locations":[{"start":{"line":75,"column":6},"end":{"line":75,"column":28}},{"start":{"line":75,"column":32},"end":{"line":75,"column":49}}]},"4":{"loc":{"start":{"line":108,"column":4},"end":{"line":110,"column":5}},"type":"if","locations":[{"start":{"line":108,"column":4},"end":{"line":110,"column":5}}]}},"s":{"0":0,"1":0,"2":0,"3":0,"4":0,"5":0,"6":0,"7":0,"8":0,"9":0,"10":0,"11":0,"12":0,"13":0,"14":0,"15":0,"16":0,"17":0,"18":0,"19":0,"20":0,"21":0,"22":0,"23":0,"24":0,"25":0,"26":0,"27":0,"28":0,"29":0,"30":0,"31":0,"32":0,"33":0,"34":0,"35":0,"36":0,"37":0,"38":0,"39":0},"f":{"0":0,"1":0,"2":0,"3":0,"4":0,"5":0},"b":{"0":[0],"1":[0],"2":[0],"3":[0,0],"4":[0]}}
,"/Users/josephwaugh/Desktop/ReactProjects/VibeFlo/server/src/services/email.service.ts": {"path":"/Users/josephwaugh/Desktop/ReactProjects/VibeFlo/server/src/services/email.service.ts","statementMap":{"0":{"start":{"line":1,"column":0},"end":{"line":1,"column":36}},"1":{"start":{"line":2,"column":0},"end":{"line":2,"column":28}},"2":{"start":{"line":4,"column":0},"end":{"line":4,"column":16}},"3":{"start":{"line":7,"column":20},"end":{"line":13,"column":2}},"4":{"start":{"line":16,"column":22},"end":{"line":16,"column":98}},"5":{"start":{"line":18,"column":37},"end":{"line":57,"column":2}},"6":{"start":{"line":18,"column":86},"end":{"line":57,"column":2}},"7":{"start":{"line":19,"column":2},"end":{"line":56,"column":3}},"8":{"start":{"line":21,"column":4},"end":{"line":27,"column":5}},"9":{"start":{"line":22,"column":6},"end":{"line":22,"column":66}},"10":{"start":{"line":23,"column":6},"end":{"line":23,"column":71}},"11":{"start":{"line":24,"column":6},"end":{"line":24,"column":57}},"12":{"start":{"line":25,"column":6},"end":{"line":25,"column":63}},"13":{"start":{"line":26,"column":6},"end":{"line":26,"column":13}},"14":{"start":{"line":29,"column":24},"end":{"line":49,"column":6}},"15":{"start":{"line":51,"column":4},"end":{"line":51,"column":44}},"16":{"start":{"line":52,"column":4},"end":{"line":52,"column":55}},"17":{"start":{"line":54,"column":4},"end":{"line":54,"column":62}},"18":{"start":{"line":55,"column":4},"end":{"line":55,"column":16}},"19":{"start":{"line":18,"column":13},"end":{"line":18,"column":37}},"20":{"start":{"line":59,"column":38},"end":{"line":98,"column":2}},"21":{"start":{"line":59,"column":80},"end":{"line":98,"column":2}},"22":{"start":{"line":60,"column":2},"end":{"line":97,"column":3}},"23":{"start":{"line":62,"column":4},"end":{"line":68,"column":5}},"24":{"start":{"line":63,"column":6},"end":{"line":63,"column":66}},"25":{"start":{"line":64,"column":6},"end":{"line":64,"column":66}},"26":{"start":{"line":65,"column":6},"end":{"line":65,"column":57}},"27":{"start":{"line":66,"column":6},"end":{"line":66,"column":63}},"28":{"start":{"line":67,"column":6},"end":{"line":67,"column":13}},"29":{"start":{"line":70,"column":24},"end":{"line":90,"column":6}},"30":{"start":{"line":92,"column":4},"end":{"line":92,"column":44}},"31":{"start":{"line":93,"column":4},"end":{"line":93,"column":57}},"32":{"start":{"line":95,"column":4},"end":{"line":95,"column":64}},"33":{"start":{"line":96,"column":4},"end":{"line":96,"column":16}},"34":{"start":{"line":59,"column":13},"end":{"line":59,"column":38}}},"fnMap":{"0":{"name":"(anonymous_8)","decl":{"start":{"line":18,"column":37},"end":{"line":18,"column":44}},"loc":{"start":{"line":18,"column":86},"end":{"line":57,"column":2}}},"1":{"name":"(anonymous_9)","decl":{"start":{"line":18,"column":86},"end":{"line":18,"column":null}},"loc":{"start":{"line":18,"column":86},"end":{"line":57,"column":1}}},"2":{"name":"(anonymous_10)","decl":{"start":{"line":59,"column":38},"end":{"line":59,"column":45}},"loc":{"start":{"line":59,"column":80},"end":{"line":98,"column":2}}},"3":{"name":"(anonymous_11)","decl":{"start":{"line":59,"column":80},"end":{"line":59,"column":null}},"loc":{"start":{"line":59,"column":80},"end":{"line":98,"column":1}}}},"branchMap":{"0":{"loc":{"start":{"line":16,"column":22},"end":{"line":16,"column":98}},"type":"binary-expr","locations":[{"start":{"line":16,"column":22},"end":{"line":16,"column":56}},{"start":{"line":16,"column":60},"end":{"line":16,"column":98}}]},"1":{"loc":{"start":{"line":21,"column":4},"end":{"line":27,"column":5}},"type":"if","locations":[{"start":{"line":21,"column":4},"end":{"line":27,"column":5}}]},"2":{"loc":{"start":{"line":62,"column":4},"end":{"line":68,"column":5}},"type":"if","locations":[{"start":{"line":62,"column":4},"end":{"line":68,"column":5}}]}},"s":{"0":0,"1":0,"2":0,"3":0,"4":0,"5":0,"6":0,"7":0,"8":0,"9":0,"10":0,"11":0,"12":0,"13":0,"14":0,"15":0,"16":0,"17":0,"18":0,"19":0,"20":0,"21":0,"22":0,"23":0,"24":0,"25":0,"26":0,"27":0,"28":0,"29":0,"30":0,"31":0,"32":0,"33":0,"34":0},"f":{"0":0,"1":0,"2":0,"3":0},"b":{"0":[0,0],"1":[0],"2":[0]}}
,"/Users/josephwaugh/Desktop/ReactProjects/VibeFlo/server/src/services/theme.service.ts": {"path":"/Users/josephwaugh/Desktop/ReactProjects/VibeFlo/server/src/services/theme.service.ts","statementMap":{"0":{"start":{"line":1,"column":0},"end":{"line":1,"column":27}},"1":{"start":{"line":6,"column":28},"end":{"line":45,"column":2}},"2":{"start":{"line":6,"column":70},"end":{"line":45,"column":2}},"3":{"start":{"line":7,"column":2},"end":{"line":44,"column":3}},"4":{"start":{"line":9,"column":18},"end":{"line":9,"column":67}},"5":{"start":{"line":11,"column":4},"end":{"line":16,"column":5}},"6":{"start":{"line":12,"column":6},"end":{"line":15,"column":8}},"7":{"start":{"line":19,"column":25},"end":{"line":19,"column":85}},"8":{"start":{"line":21,"column":4},"end":{"line":32,"column":5}},"9":{"start":{"line":23,"column":6},"end":{"line":25,"column":39}},"10":{"start":{"line":28,"column":6},"end":{"line":31,"column":9}},"11":{"start":{"line":34,"column":4},"end":{"line":37,"column":6}},"12":{"start":{"line":39,"column":4},"end":{"line":39,"column":54}},"13":{"start":{"line":40,"column":4},"end":{"line":43,"column":6}},"14":{"start":{"line":6,"column":13},"end":{"line":6,"column":28}},"15":{"start":{"line":50,"column":28},"end":{"line":70,"column":2}},"16":{"start":{"line":50,"column":53},"end":{"line":70,"column":2}},"17":{"start":{"line":51,"column":2},"end":{"line":69,"column":3}},"18":{"start":{"line":53,"column":22},"end":{"line":57,"column":14}},"19":{"start":{"line":59,"column":4},"end":{"line":61,"column":5}},"20":{"start":{"line":60,"column":6},"end":{"line":60,"column":23}},"21":{"start":{"line":64,"column":25},"end":{"line":64,"column":68}},"22":{"start":{"line":65,"column":4},"end":{"line":65,"column":24}},"23":{"start":{"line":67,"column":4},"end":{"line":67,"column":54}},"24":{"start":{"line":68,"column":4},"end":{"line":68,"column":43}},"25":{"start":{"line":50,"column":13},"end":{"line":50,"column":28}}},"fnMap":{"0":{"name":"(anonymous_7)","decl":{"start":{"line":6,"column":28},"end":{"line":6,"column":35}},"loc":{"start":{"line":6,"column":70},"end":{"line":45,"column":2}}},"1":{"name":"(anonymous_8)","decl":{"start":{"line":6,"column":70},"end":{"line":6,"column":null}},"loc":{"start":{"line":6,"column":70},"end":{"line":45,"column":1}}},"2":{"name":"(anonymous_9)","decl":{"start":{"line":50,"column":28},"end":{"line":50,"column":35}},"loc":{"start":{"line":50,"column":53},"end":{"line":70,"column":2}}},"3":{"name":"(anonymous_10)","decl":{"start":{"line":50,"column":53},"end":{"line":50,"column":null}},"loc":{"start":{"line":50,"column":53},"end":{"line":70,"column":1}}}},"branchMap":{"0":{"loc":{"start":{"line":11,"column":4},"end":{"line":16,"column":5}},"type":"if","locations":[{"start":{"line":11,"column":4},"end":{"line":16,"column":5}}]},"1":{"loc":{"start":{"line":21,"column":4},"end":{"line":32,"column":5}},"type":"if","locations":[{"start":{"line":21,"column":4},"end":{"line":32,"column":5}},{"start":{"line":26,"column":11},"end":{"line":32,"column":5}}]},"2":{"loc":{"start":{"line":59,"column":4},"end":{"line":61,"column":5}},"type":"if","locations":[{"start":{"line":59,"column":4},"end":{"line":61,"column":5}}]}},"s":{"0":0,"1":0,"2":0,"3":0,"4":0,"5":0,"6":0,"7":0,"8":0,"9":0,"10":0,"11":0,"12":0,"13":0,"14":0,"15":0,"16":0,"17":0,"18":0,"19":0,"20":0,"21":0,"22":0,"23":0,"24":0,"25":0},"f":{"0":0,"1":0,"2":0,"3":0},"b":{"0":[0],"1":[0,0],"2":[0]}}
,"/Users/josephwaugh/Desktop/ReactProjects/VibeFlo/server/src/utils/db.utils.ts": {"path":"/Users/josephwaugh/Desktop/ReactProjects/VibeFlo/server/src/utils/db.utils.ts","statementMap":{"0":{"start":{"line":1,"column":0},"end":{"line":1,"column":32}},"1":{"start":{"line":9,"column":21},"end":{"line":17,"column":2}},"2":{"start":{"line":9,"column":60},"end":{"line":17,"column":2}},"3":{"start":{"line":10,"column":2},"end":{"line":16,"column":3}},"4":{"start":{"line":11,"column":19},"end":{"line":11,"column":49}},"5":{"start":{"line":12,"column":4},"end":{"line":12,"column":18}},"6":{"start":{"line":14,"column":4},"end":{"line":14,"column":50}},"7":{"start":{"line":15,"column":4},"end":{"line":15,"column":16}},"8":{"start":{"line":9,"column":13},"end":{"line":9,"column":21}},"9":{"start":{"line":24,"column":27},"end":{"line":39,"column":2}},"10":{"start":{"line":24,"column":90},"end":{"line":39,"column":2}},"11":{"start":{"line":25,"column":17},"end":{"line":25,"column":37}},"12":{"start":{"line":27,"column":2},"end":{"line":38,"column":3}},"13":{"start":{"line":28,"column":4},"end":{"line":28,"column":32}},"14":{"start":{"line":29,"column":19},"end":{"line":29,"column":41}},"15":{"start":{"line":30,"column":4},"end":{"line":30,"column":33}},"16":{"start":{"line":31,"column":4},"end":{"line":31,"column":18}},"17":{"start":{"line":33,"column":4},"end":{"line":33,"column":35}},"18":{"start":{"line":34,"column":4},"end":{"line":34,"column":47}},"19":{"start":{"line":35,"column":4},"end":{"line":35,"column":16}},"20":{"start":{"line":37,"column":4},"end":{"line":37,"column":21}},"21":{"start":{"line":24,"column":13},"end":{"line":24,"column":27}},"22":{"start":{"line":41,"column":0},"end":{"line":44,"column":2}}},"fnMap":{"0":{"name":"(anonymous_8)","decl":{"start":{"line":9,"column":21},"end":{"line":9,"column":28}},"loc":{"start":{"line":9,"column":60},"end":{"line":17,"column":2}}},"1":{"name":"(anonymous_9)","decl":{"start":{"line":9,"column":60},"end":{"line":9,"column":null}},"loc":{"start":{"line":9,"column":60},"end":{"line":17,"column":1}}},"2":{"name":"(anonymous_10)","decl":{"start":{"line":24,"column":27},"end":{"line":24,"column":37}},"loc":{"start":{"line":24,"column":90},"end":{"line":39,"column":2}}},"3":{"name":"(anonymous_11)","decl":{"start":{"line":24,"column":90},"end":{"line":24,"column":null}},"loc":{"start":{"line":24,"column":90},"end":{"line":39,"column":1}}}},"branchMap":{},"s":{"0":0,"1":0,"2":0,"3":0,"4":0,"5":0,"6":0,"7":0,"8":0,"9":0,"10":0,"11":0,"12":0,"13":0,"14":0,"15":0,"16":0,"17":0,"18":0,"19":0,"20":0,"21":0,"22":0},"f":{"0":0,"1":0,"2":0,"3":0},"b":{}}
,"/Users/josephwaugh/Desktop/ReactProjects/VibeFlo/server/src/utils/errorHandler.ts": {"path":"/Users/josephwaugh/Desktop/ReactProjects/VibeFlo/server/src/utils/errorHandler.ts","statementMap":{"0":{"start":{"line":11,"column":27},"end":{"line":20,"column":1}},"1":{"start":{"line":12,"column":2},"end":{"line":19,"column":4}},"2":{"start":{"line":12,"column":67},"end":{"line":19,"column":4}},"3":{"start":{"line":13,"column":4},"end":{"line":18,"column":5}},"4":{"start":{"line":14,"column":6},"end":{"line":14,"column":31}},"5":{"start":{"line":16,"column":6},"end":{"line":16,"column":63}},"6":{"start":{"line":17,"column":6},"end":{"line":17,"column":18}},"7":{"start":{"line":11,"column":13},"end":{"line":11,"column":27}},"8":{"start":{"line":23,"column":31},"end":{"line":38,"column":1}},"9":{"start":{"line":29,"column":2},"end":{"line":29,"column":46}},"10":{"start":{"line":31,"column":21},"end":{"line":31,"column":42}},"11":{"start":{"line":32,"column":18},"end":{"line":32,"column":56}},"12":{"start":{"line":34,"column":2},"end":{"line":37,"column":5}},"13":{"start":{"line":23,"column":13},"end":{"line":23,"column":31}}},"fnMap":{"0":{"name":"(anonymous_7)","decl":{"start":{"line":11,"column":27},"end":{"line":11,"column":28}},"loc":{"start":{"line":11,"column":53},"end":{"line":20,"column":1}}},"1":{"name":"(anonymous_8)","decl":{"start":{"line":12,"column":9},"end":{"line":12,"column":16}},"loc":{"start":{"line":12,"column":67},"end":{"line":19,"column":4}}},"2":{"name":"(anonymous_9)","decl":{"start":{"line":12,"column":67},"end":{"line":12,"column":null}},"loc":{"start":{"line":12,"column":67},"end":{"line":19,"column":3}}},"3":{"name":"(anonymous_10)","decl":{"start":{"line":23,"column":31},"end":{"line":23,"column":null}},"loc":{"start":{"line":28,"column":4},"end":{"line":38,"column":1}}}},"branchMap":{"0":{"loc":{"start":{"line":31,"column":21},"end":{"line":31,"column":42}},"type":"binary-expr","locations":[{"start":{"line":31,"column":21},"end":{"line":31,"column":35}},{"start":{"line":31,"column":39},"end":{"line":31,"column":42}}]},"1":{"loc":{"start":{"line":32,"column":18},"end":{"line":32,"column":56}},"type":"binary-expr","locations":[{"start":{"line":32,"column":18},"end":{"line":32,"column":29}},{"start":{"line":32,"column":33},"end":{"line":32,"column":56}}]},"2":{"loc":{"start":{"line":36,"column":8},"end":{"line":36,"column":69}},"type":"binary-expr","locations":[{"start":{"line":36,"column":8},"end":{"line":36,"column":45}},{"start":{"line":36,"column":49},"end":{"line":36,"column":69}}]}},"s":{"0":0,"1":0,"2":0,"3":0,"4":0,"5":0,"6":0,"7":0,"8":0,"9":0,"10":0,"11":0,"12":0,"13":0},"f":{"0":0,"1":0,"2":0,"3":0},"b":{"0":[0,0],"1":[0,0],"2":[0,0]}}
,"/Users/josephwaugh/Desktop/ReactProjects/VibeFlo/server/src/utils/jwt.ts": {"path":"/Users/josephwaugh/Desktop/ReactProjects/VibeFlo/server/src/utils/jwt.ts","statementMap":{"0":{"start":{"line":1,"column":0},"end":{"line":1,"column":31}},"1":{"start":{"line":2,"column":0},"end":{"line":2,"column":28}},"2":{"start":{"line":5,"column":0},"end":{"line":5,"column":16}},"3":{"start":{"line":7,"column":19},"end":{"line":7,"column":66}},"4":{"start":{"line":8,"column":23},"end":{"line":8,"column":27}},"5":{"start":{"line":15,"column":29},"end":{"line":23,"column":1}},"6":{"start":{"line":16,"column":18},"end":{"line":20,"column":4}},"7":{"start":{"line":22,"column":2},"end":{"line":22,"column":70}},"8":{"start":{"line":15,"column":13},"end":{"line":15,"column":29}},"9":{"start":{"line":30,"column":27},"end":{"line":36,"column":1}},"10":{"start":{"line":31,"column":2},"end":{"line":35,"column":3}},"11":{"start":{"line":32,"column":4},"end":{"line":32,"column":41}},"12":{"start":{"line":34,"column":4},"end":{"line":34,"column":16}},"13":{"start":{"line":30,"column":13},"end":{"line":30,"column":27}}},"fnMap":{"0":{"name":"(anonymous_1)","decl":{"start":{"line":15,"column":29},"end":{"line":15,"column":30}},"loc":{"start":{"line":15,"column":52},"end":{"line":23,"column":1}}},"1":{"name":"(anonymous_2)","decl":{"start":{"line":30,"column":27},"end":{"line":30,"column":28}},"loc":{"start":{"line":30,"column":50},"end":{"line":36,"column":1}}}},"branchMap":{"0":{"loc":{"start":{"line":7,"column":19},"end":{"line":7,"column":66}},"type":"binary-expr","locations":[{"start":{"line":7,"column":19},"end":{"line":7,"column":41}},{"start":{"line":7,"column":45},"end":{"line":7,"column":66}}]}},"s":{"0":0,"1":0,"2":0,"3":0,"4":0,"5":0,"6":0,"7":0,"8":0,"9":0,"10":0,"11":0,"12":0,"13":0},"f":{"0":0,"1":0},"b":{"0":[0,0]}}
}
