TN:
SF:src/app.ts
FN:26,(anonymous_1)
FNF:1
FNH:0
FNDA:0,(anonymous_1)
DA:1,0
DA:2,0
DA:3,0
DA:4,0
DA:7,0
DA:10,0
DA:18,0
DA:19,0
DA:20,0
DA:23,0
DA:26,0
DA:27,0
LF:12
LH:0
BRF:0
BRH:0
end_of_record
TN:
SF:src/db.ts
FNF:0
FNH:0
DA:1,0
DA:2,0
DA:4,0
DA:6,0
LF:4
LH:0
BRF:0
BRH:0
end_of_record
TN:
SF:src/index.ts
FN:40,(anonymous_1)
FN:45,(anonymous_2)
FN:50,(anonymous_3)
FNF:3
FNH:0
FNDA:0,(anonymous_1)
FNDA:0,(anonymous_2)
FNDA:0,(anonymous_3)
DA:1,0
DA:2,0
DA:3,0
DA:4,0
DA:5,0
DA:8,0
DA:11,0
DA:14,0
DA:15,0
DA:18,0
DA:22,0
DA:29,0
DA:30,0
DA:31,0
DA:34,0
DA:37,0
DA:40,0
DA:41,0
DA:45,0
DA:46,0
DA:50,0
DA:51,0
DA:53,0
LF:23
LH:0
BRDA:15,0,0,0
BRDA:15,0,1,0
BRF:2
BRH:0
end_of_record
TN:
SF:src/config/db.ts
FN:12,(anonymous_8)
FN:12,(anonymous_9)
FNF:2
FNH:0
FNDA:0,(anonymous_8)
FNDA:0,(anonymous_9)
DA:1,0
DA:2,0
DA:4,0
DA:7,0
DA:12,0
DA:13,0
DA:14,0
DA:15,0
DA:17,0
DA:18,0
DA:23,0
LF:11
LH:0
BRF:0
BRH:0
end_of_record
TN:
SF:src/config/passport.ts
FN:44,(anonymous_8)
FN:44,(anonymous_9)
FN:60,(anonymous_10)
FN:64,(anonymous_11)
FN:64,(anonymous_12)
FN:80,(anonymous_13)
FN:80,(anonymous_14)
FN:112,(anonymous_15)
FN:112,(anonymous_16)
FN:144,(anonymous_17)
FN:144,(anonymous_18)
FNF:11
FNH:0
FNDA:0,(anonymous_8)
FNDA:0,(anonymous_9)
FNDA:0,(anonymous_10)
FNDA:0,(anonymous_11)
FNDA:0,(anonymous_12)
FNDA:0,(anonymous_13)
FNDA:0,(anonymous_14)
FNDA:0,(anonymous_15)
FNDA:0,(anonymous_16)
FNDA:0,(anonymous_17)
FNDA:0,(anonymous_18)
DA:1,0
DA:2,0
DA:3,0
DA:4,0
DA:5,0
DA:9,0
DA:10,0
DA:13,0
DA:23,0
DA:25,0
DA:26,0
DA:29,0
DA:30,0
DA:33,0
DA:34,0
DA:38,0
DA:43,0
DA:44,0
DA:45,0
DA:47,0
DA:49,0
DA:50,0
DA:53,0
DA:55,0
DA:60,0
DA:61,0
DA:64,0
DA:65,0
DA:66,0
DA:67,0
DA:69,0
DA:74,0
DA:75,0
DA:80,0
DA:81,0
DA:82,0
DA:84,0
DA:86,0
DA:95,0
DA:98,0
DA:100,0
DA:106,0
DA:107,0
DA:112,0
DA:113,0
DA:114,0
DA:116,0
DA:118,0
DA:127,0
DA:130,0
DA:132,0
DA:138,0
DA:139,0
DA:144,0
DA:145,0
DA:146,0
DA:148,0
DA:150,0
DA:159,0
DA:162,0
DA:164,0
DA:169,0
LF:62
LH:0
BRDA:25,0,0,0
BRDA:25,1,0,0
BRDA:25,1,1,0
BRDA:29,2,0,0
BRDA:29,3,0,0
BRDA:29,3,1,0
BRDA:33,4,0,0
BRDA:33,5,0,0
BRDA:33,5,1,0
BRDA:40,6,0,0
BRDA:40,6,1,0
BRDA:49,7,0,0
BRDA:74,8,0,0
BRDA:74,9,0,0
BRDA:74,9,1,0
BRDA:78,10,0,0
BRDA:78,10,1,0
BRDA:84,11,0,0
BRDA:87,12,0,0
BRDA:87,12,1,0
BRDA:87,13,0,0
BRDA:87,13,1,0
BRDA:87,14,0,0
BRDA:87,14,1,0
BRDA:87,15,0,0
BRDA:87,15,1,0
BRDA:89,16,0,0
BRDA:89,16,1,0
BRDA:89,17,0,0
BRDA:89,17,1,0
BRDA:89,18,0,0
BRDA:89,18,1,0
BRDA:89,19,0,0
BRDA:89,19,1,0
BRDA:89,20,0,0
BRDA:89,20,1,0
BRDA:89,21,0,0
BRDA:89,21,1,0
BRDA:89,22,0,0
BRDA:89,22,1,0
BRDA:91,23,0,0
BRDA:91,23,1,0
BRDA:91,24,0,0
BRDA:91,24,1,0
BRDA:91,25,0,0
BRDA:91,25,1,0
BRDA:91,26,0,0
BRDA:91,26,1,0
BRDA:106,27,0,0
BRDA:106,28,0,0
BRDA:106,28,1,0
BRDA:110,29,0,0
BRDA:110,29,1,0
BRDA:116,30,0,0
BRDA:119,31,0,0
BRDA:119,31,1,0
BRDA:119,32,0,0
BRDA:119,32,1,0
BRDA:119,33,0,0
BRDA:119,33,1,0
BRDA:119,34,0,0
BRDA:119,34,1,0
BRDA:121,35,0,0
BRDA:121,35,1,0
BRDA:123,36,0,0
BRDA:123,36,1,0
BRDA:123,37,0,0
BRDA:123,37,1,0
BRDA:123,38,0,0
BRDA:123,38,1,0
BRDA:123,39,0,0
BRDA:123,39,1,0
BRDA:138,40,0,0
BRDA:138,41,0,0
BRDA:138,41,1,0
BRDA:142,42,0,0
BRDA:142,42,1,0
BRDA:148,43,0,0
BRDA:151,44,0,0
BRDA:151,44,1,0
BRDA:151,45,0,0
BRDA:151,45,1,0
BRDA:151,46,0,0
BRDA:151,46,1,0
BRDA:151,47,0,0
BRDA:151,47,1,0
BRDA:152,48,0,0
BRDA:152,48,1,0
BRDA:152,49,0,0
BRDA:152,49,1,0
BRDA:152,50,0,0
BRDA:152,50,1,0
BRDA:152,51,0,0
BRDA:152,51,1,0
BRDA:153,52,0,0
BRDA:153,52,1,0
BRDA:153,53,0,0
BRDA:153,53,1,0
BRDA:153,54,0,0
BRDA:153,54,1,0
BRDA:153,55,0,0
BRDA:153,55,1,0
BRDA:153,56,0,0
BRDA:153,56,1,0
BRDA:153,57,0,0
BRDA:153,57,1,0
BRDA:153,58,0,0
BRDA:153,58,1,0
BRDA:155,59,0,0
BRDA:155,59,1,0
BRDA:155,60,0,0
BRDA:155,60,1,0
BRDA:155,61,0,0
BRDA:155,61,1,0
BRDA:155,62,0,0
BRDA:155,62,1,0
BRF:116
BRH:0
end_of_record
TN:
SF:src/config/testDb.ts
FN:20,(anonymous_8)
FN:20,(anonymous_9)
FN:33,(anonymous_10)
FN:33,(anonymous_11)
FNF:4
FNH:4
FNDA:10,(anonymous_8)
FNDA:10,(anonymous_9)
FNDA:10,(anonymous_10)
FNDA:10,(anonymous_11)
DA:1,10
DA:2,10
DA:3,10
DA:6,10
DA:9,10
DA:20,10
DA:21,10
DA:22,10
DA:23,0
DA:24,0
DA:25,0
DA:27,10
DA:28,10
DA:33,10
DA:34,10
DA:35,10
DA:36,10
DA:37,10
DA:39,0
DA:40,0
DA:44,10
LF:21
LH:16
BRDA:10,0,0,10
BRDA:10,0,1,10
BRDA:11,1,0,0
BRDA:11,1,1,10
BRF:4
BRH:3
end_of_record
TN:
SF:src/controllers/auth.controller.ts
FN:17,(anonymous_8)
FN:17,(anonymous_9)
FN:107,(anonymous_10)
FN:107,(anonymous_11)
FN:196,(anonymous_12)
FN:196,(anonymous_13)
FN:211,(anonymous_14)
FN:211,(anonymous_15)
FN:236,(anonymous_16)
FN:236,(anonymous_17)
FN:250,(anonymous_18)
FN:250,(anonymous_19)
FN:293,(anonymous_20)
FN:293,(anonymous_21)
FN:359,(anonymous_22)
FN:359,(anonymous_23)
FN:407,(anonymous_24)
FN:407,(anonymous_25)
FN:435,(anonymous_26)
FN:449,(anonymous_27)
FN:460,(anonymous_28)
FN:460,(anonymous_29)
FN:496,(anonymous_30)
FN:496,(anonymous_31)
FNF:24
FNH:0
FNDA:0,(anonymous_8)
FNDA:0,(anonymous_9)
FNDA:0,(anonymous_10)
FNDA:0,(anonymous_11)
FNDA:0,(anonymous_12)
FNDA:0,(anonymous_13)
FNDA:0,(anonymous_14)
FNDA:0,(anonymous_15)
FNDA:0,(anonymous_16)
FNDA:0,(anonymous_17)
FNDA:0,(anonymous_18)
FNDA:0,(anonymous_19)
FNDA:0,(anonymous_20)
FNDA:0,(anonymous_21)
FNDA:0,(anonymous_22)
FNDA:0,(anonymous_23)
FNDA:0,(anonymous_24)
FNDA:0,(anonymous_25)
FNDA:0,(anonymous_26)
FNDA:0,(anonymous_27)
FNDA:0,(anonymous_28)
FNDA:0,(anonymous_29)
FNDA:0,(anonymous_30)
FNDA:0,(anonymous_31)
DA:2,0
DA:3,0
DA:4,0
DA:6,0
DA:7,0
DA:17,0
DA:18,0
DA:19,0
DA:22,0
DA:23,0
DA:27,0
DA:28,0
DA:32,0
DA:33,0
DA:34,0
DA:36,0
DA:37,0
DA:43,0
DA:44,0
DA:45,0
DA:49,0
DA:50,0
DA:51,0
DA:55,0
DA:56,0
DA:59,0
DA:64,0
DA:67,0
DA:68,0
DA:69,0
DA:72,0
DA:78,0
DA:81,0
DA:84,0
DA:86,0
DA:99,0
DA:100,0
DA:107,0
DA:108,0
DA:109,0
DA:111,0
DA:112,0
DA:115,0
DA:118,0
DA:122,0
DA:124,0
DA:126,0
DA:127,0
DA:130,0
DA:133,0
DA:134,0
DA:135,0
DA:137,0
DA:138,0
DA:143,0
DA:148,0
DA:150,0
DA:152,0
DA:153,0
DA:157,0
DA:158,0
DA:162,0
DA:165,0
DA:173,0
DA:188,0
DA:189,0
DA:196,0
DA:197,0
DA:198,0
DA:203,0
DA:211,0
DA:212,0
DA:214,0
DA:215,0
DA:218,0
DA:225,0
DA:226,0
DA:228,0
DA:229,0
DA:236,0
DA:237,0
DA:238,0
DA:243,0
DA:250,0
DA:251,0
DA:252,0
DA:253,0
DA:256,0
DA:259,0
DA:264,0
DA:266,0
DA:267,0
DA:270,0
DA:273,0
DA:284,0
DA:285,0
DA:293,0
DA:294,0
DA:295,0
DA:297,0
DA:298,0
DA:302,0
DA:304,0
DA:306,0
DA:309,0
DA:312,0
DA:315,0
DA:316,0
DA:319,0
DA:320,0
DA:330,0
DA:331,0
DA:335,0
DA:338,0
DA:344,0
DA:347,0
DA:349,0
DA:351,0
DA:352,0
DA:359,0
DA:360,0
DA:361,0
DA:363,0
DA:364,0
DA:368,0
DA:369,0
DA:373,0
DA:378,0
DA:379,0
DA:382,0
DA:385,0
DA:386,0
DA:389,0
DA:395,0
DA:397,0
DA:399,0
DA:400,0
DA:407,0
DA:408,0
DA:409,0
DA:411,0
DA:412,0
DA:416,0
DA:421,0
DA:422,0
DA:425,0
DA:427,0
DA:428,0
DA:435,0
DA:436,0
DA:438,0
DA:439,0
DA:442,0
DA:443,0
DA:449,0
DA:450,0
DA:452,0
DA:453,0
DA:456,0
DA:457,0
DA:460,0
DA:461,0
DA:462,0
DA:464,0
DA:465,0
DA:469,0
DA:474,0
DA:475,0
DA:478,0
DA:481,0
DA:487,0
DA:489,0
DA:491,0
DA:492,0
DA:496,0
DA:497,0
DA:498,0
DA:500,0
DA:501,0
DA:505,0
DA:507,0
DA:508,0
DA:511,0
DA:513,0
DA:514,0
DA:518,0
DA:521,0
DA:522,0
DA:523,0
DA:526,0
DA:532,0
DA:535,0
DA:537,0
DA:539,0
DA:540,0
LF:195
LH:0
BRDA:22,0,0,0
BRDA:22,1,0,0
BRDA:22,1,1,0
BRDA:22,1,2,0
BRDA:22,1,3,0
BRDA:27,2,0,0
BRDA:36,3,0,0
BRDA:36,4,0,0
BRDA:36,4,1,0
BRDA:36,4,2,0
BRDA:44,5,0,0
BRDA:50,6,0,0
BRDA:78,7,0,0
BRDA:78,7,1,0
BRDA:111,8,0,0
BRDA:111,9,0,0
BRDA:111,9,1,0
BRDA:118,10,0,0
BRDA:118,10,1,0
BRDA:124,11,0,0
BRDA:133,12,0,0
BRDA:135,13,0,0
BRDA:135,13,1,0
BRDA:150,14,0,0
BRDA:157,15,0,0
BRDA:200,16,0,0
BRDA:200,16,1,0
BRDA:252,17,0,0
BRDA:266,18,0,0
BRDA:297,19,0,0
BRDA:304,20,0,0
BRDA:344,21,0,0
BRDA:344,21,1,0
BRDA:363,22,0,0
BRDA:363,23,0,0
BRDA:363,23,1,0
BRDA:368,24,0,0
BRDA:378,25,0,0
BRDA:411,26,0,0
BRDA:421,27,0,0
BRDA:438,28,0,0
BRDA:452,29,0,0
BRDA:464,30,0,0
BRDA:474,31,0,0
BRDA:500,32,0,0
BRDA:507,33,0,0
BRDA:513,34,0,0
BRDA:532,35,0,0
BRDA:532,35,1,0
BRF:49
BRH:0
end_of_record
TN:
SF:src/controllers/playlist.controller.ts
FN:11,(anonymous_8)
FN:11,(anonymous_9)
FN:34,(anonymous_10)
FN:34,(anonymous_11)
FN:77,(anonymous_12)
FN:77,(anonymous_13)
FN:186,(anonymous_14)
FN:186,(anonymous_15)
FN:386,(anonymous_16)
FN:386,(anonymous_17)
FN:421,(anonymous_18)
FN:421,(anonymous_19)
FN:460,(anonymous_20)
FN:460,(anonymous_21)
FN:527,(anonymous_22)
FN:527,(anonymous_23)
FNF:16
FNH:0
FNDA:0,(anonymous_8)
FNDA:0,(anonymous_9)
FNDA:0,(anonymous_10)
FNDA:0,(anonymous_11)
FNDA:0,(anonymous_12)
FNDA:0,(anonymous_13)
FNDA:0,(anonymous_14)
FNDA:0,(anonymous_15)
FNDA:0,(anonymous_16)
FNDA:0,(anonymous_17)
FNDA:0,(anonymous_18)
FNDA:0,(anonymous_19)
FNDA:0,(anonymous_20)
FNDA:0,(anonymous_21)
FNDA:0,(anonymous_22)
FNDA:0,(anonymous_23)
DA:2,0
DA:11,0
DA:12,0
DA:13,0
DA:15,0
DA:16,0
DA:19,0
DA:24,0
DA:26,0
DA:27,0
DA:34,0
DA:35,0
DA:36,0
DA:37,0
DA:39,0
DA:40,0
DA:44,0
DA:49,0
DA:50,0
DA:53,0
DA:56,0
DA:65,0
DA:67,0
DA:69,0
DA:70,0
DA:77,0
DA:78,0
DA:79,0
DA:80,0
DA:82,0
DA:83,0
DA:86,0
DA:87,0
DA:91,0
DA:93,0
DA:94,0
DA:97,0
DA:102,0
DA:105,0
DA:106,0
DA:109,0
DA:110,0
DA:113,0
DA:114,0
DA:115,0
DA:118,0
DA:120,0
DA:122,0
DA:139,0
DA:140,0
DA:143,0
DA:148,0
DA:150,0
DA:156,0
DA:164,0
DA:167,0
DA:170,0
DA:172,0
DA:173,0
DA:175,0
DA:178,0
DA:179,0
DA:186,0
DA:187,0
DA:188,0
DA:189,0
DA:190,0
DA:192,0
DA:193,0
DA:197,0
DA:202,0
DA:203,0
DA:207,0
DA:209,0
DA:210,0
DA:213,0
DA:223,0
DA:226,0
DA:227,0
DA:230,0
DA:233,0
DA:234,0
DA:237,0
DA:238,0
DA:239,0
DA:242,0
DA:247,0
DA:248,0
DA:253,0
DA:254,0
DA:257,0
DA:258,0
DA:263,0
DA:265,0
DA:267,0
DA:269,0
DA:270,0
DA:273,0
DA:293,0
DA:297,0
DA:301,0
DA:302,0
DA:319,0
DA:320,0
DA:324,0
DA:341,0
DA:342,0
DA:346,0
DA:351,0
DA:356,0
DA:365,0
DA:367,0
DA:370,0
DA:372,0
DA:373,0
DA:375,0
DA:378,0
DA:379,0
DA:386,0
DA:387,0
DA:388,0
DA:389,0
DA:391,0
DA:392,0
DA:396,0
DA:401,0
DA:402,0
DA:406,0
DA:411,0
DA:413,0
DA:414,0
DA:421,0
DA:422,0
DA:423,0
DA:424,0
DA:426,0
DA:427,0
DA:431,0
DA:436,0
DA:437,0
DA:441,0
DA:450,0
DA:452,0
DA:453,0
DA:460,0
DA:461,0
DA:462,0
DA:463,0
DA:464,0
DA:466,0
DA:467,0
DA:470,0
DA:471,0
DA:475,0
DA:480,0
DA:481,0
DA:485,0
DA:487,0
DA:488,0
DA:492,0
DA:497,0
DA:498,0
DA:502,0
DA:503,0
DA:504,0
DA:508,0
DA:512,0
DA:517,0
DA:519,0
DA:520,0
DA:527,0
DA:528,0
DA:529,0
DA:530,0
DA:532,0
DA:533,0
DA:537,0
DA:542,0
DA:543,0
DA:547,0
DA:552,0
DA:554,0
DA:555,0
LF:183
LH:0
BRDA:13,0,0,0
BRDA:13,0,1,0
BRDA:13,1,0,0
BRDA:13,1,1,0
BRDA:15,2,0,0
BRDA:37,3,0,0
BRDA:37,3,1,0
BRDA:37,4,0,0
BRDA:37,4,1,0
BRDA:39,5,0,0
BRDA:49,6,0,0
BRDA:80,7,0,0
BRDA:80,7,1,0
BRDA:80,8,0,0
BRDA:80,8,1,0
BRDA:82,9,0,0
BRDA:86,10,0,0
BRDA:99,11,0,0
BRDA:99,11,1,0
BRDA:105,12,0,0
BRDA:105,13,0,0
BRDA:105,13,1,0
BRDA:105,13,2,0
BRDA:113,14,0,0
BRDA:113,15,0,0
BRDA:113,15,1,0
BRDA:130,16,0,0
BRDA:130,16,1,0
BRDA:131,17,0,0
BRDA:131,17,1,0
BRDA:132,18,0,0
BRDA:132,18,1,0
BRDA:133,19,0,0
BRDA:133,19,1,0
BRDA:134,20,0,0
BRDA:134,20,1,0
BRDA:135,21,0,0
BRDA:135,21,1,0
BRDA:190,22,0,0
BRDA:190,22,1,0
BRDA:190,23,0,0
BRDA:190,23,1,0
BRDA:192,24,0,0
BRDA:202,25,0,0
BRDA:216,26,0,0
BRDA:216,26,1,0
BRDA:217,27,0,0
BRDA:217,27,1,0
BRDA:226,28,0,0
BRDA:226,29,0,0
BRDA:226,29,1,0
BRDA:237,30,0,0
BRDA:237,31,0,0
BRDA:237,31,1,0
BRDA:247,32,0,0
BRDA:247,32,1,0
BRDA:253,33,0,0
BRDA:253,34,0,0
BRDA:253,34,1,0
BRDA:257,35,0,0
BRDA:257,36,0,0
BRDA:257,36,1,0
BRDA:263,37,0,0
BRDA:263,37,1,0
BRDA:267,38,0,0
BRDA:267,38,1,0
BRDA:282,39,0,0
BRDA:282,39,1,0
BRDA:283,40,0,0
BRDA:283,40,1,0
BRDA:284,41,0,0
BRDA:284,41,1,0
BRDA:284,41,2,0
BRDA:285,42,0,0
BRDA:285,42,1,0
BRDA:286,43,0,0
BRDA:286,43,1,0
BRDA:287,44,0,0
BRDA:287,44,1,0
BRDA:301,45,0,0
BRDA:301,45,1,0
BRDA:310,46,0,0
BRDA:310,46,1,0
BRDA:311,47,0,0
BRDA:311,47,1,0
BRDA:312,48,0,0
BRDA:312,48,1,0
BRDA:312,48,2,0
BRDA:313,49,0,0
BRDA:313,49,1,0
BRDA:314,50,0,0
BRDA:314,50,1,0
BRDA:315,51,0,0
BRDA:315,51,1,0
BRDA:332,52,0,0
BRDA:332,52,1,0
BRDA:333,53,0,0
BRDA:333,53,1,0
BRDA:334,54,0,0
BRDA:334,54,1,0
BRDA:334,54,2,0
BRDA:335,55,0,0
BRDA:335,55,1,0
BRDA:336,56,0,0
BRDA:336,56,1,0
BRDA:337,57,0,0
BRDA:337,57,1,0
BRDA:389,58,0,0
BRDA:389,58,1,0
BRDA:389,59,0,0
BRDA:389,59,1,0
BRDA:391,60,0,0
BRDA:401,61,0,0
BRDA:424,62,0,0
BRDA:424,62,1,0
BRDA:424,63,0,0
BRDA:424,63,1,0
BRDA:426,64,0,0
BRDA:436,65,0,0
BRDA:464,66,0,0
BRDA:464,66,1,0
BRDA:464,67,0,0
BRDA:464,67,1,0
BRDA:466,68,0,0
BRDA:470,69,0,0
BRDA:480,70,0,0
BRDA:487,71,0,0
BRDA:497,72,0,0
BRDA:503,73,0,0
BRDA:508,74,0,0
BRDA:508,74,1,0
BRDA:530,75,0,0
BRDA:530,75,1,0
BRDA:530,76,0,0
BRDA:530,76,1,0
BRDA:532,77,0,0
BRDA:542,78,0,0
BRF:137
BRH:0
end_of_record
TN:
SF:src/controllers/settings.controller.ts
FN:11,(anonymous_8)
FN:11,(anonymous_9)
FN:49,(anonymous_10)
FN:49,(anonymous_11)
FNF:4
FNH:0
FNDA:0,(anonymous_8)
FNDA:0,(anonymous_9)
FNDA:0,(anonymous_10)
FNDA:0,(anonymous_11)
DA:2,0
DA:11,0
DA:12,0
DA:13,0
DA:15,0
DA:16,0
DA:20,0
DA:26,0
DA:27,0
DA:35,0
DA:39,0
DA:41,0
DA:42,0
DA:49,0
DA:50,0
DA:51,0
DA:53,0
DA:54,0
DA:67,0
DA:70,0
DA:71,0
DA:74,0
DA:75,0
DA:78,0
DA:79,0
DA:82,0
DA:83,0
DA:87,0
DA:93,0
DA:94,0
DA:121,0
DA:125,0
DA:153,0
DA:155,0
DA:156,0
LF:35
LH:0
BRDA:13,0,0,0
BRDA:13,0,1,0
BRDA:13,1,0,0
BRDA:13,1,1,0
BRDA:15,2,0,0
BRDA:26,3,0,0
BRDA:51,4,0,0
BRDA:51,4,1,0
BRDA:51,5,0,0
BRDA:51,5,1,0
BRDA:53,6,0,0
BRDA:70,7,0,0
BRDA:70,8,0,0
BRDA:70,8,1,0
BRDA:70,8,2,0
BRDA:74,9,0,0
BRDA:74,10,0,0
BRDA:74,10,1,0
BRDA:74,10,2,0
BRDA:78,11,0,0
BRDA:78,12,0,0
BRDA:78,12,1,0
BRDA:78,12,2,0
BRDA:82,13,0,0
BRDA:82,14,0,0
BRDA:82,14,1,0
BRDA:82,14,2,0
BRDA:93,15,0,0
BRDA:109,16,0,0
BRDA:109,16,1,0
BRDA:110,17,0,0
BRDA:110,17,1,0
BRDA:111,18,0,0
BRDA:111,18,1,0
BRDA:112,19,0,0
BRDA:112,19,1,0
BRDA:113,20,0,0
BRDA:113,20,1,0
BRDA:114,21,0,0
BRDA:114,21,1,0
BRDA:115,22,0,0
BRDA:115,22,1,0
BRDA:116,23,0,0
BRDA:116,23,1,0
BRDA:117,24,0,0
BRDA:117,24,1,0
BRF:46
BRH:0
end_of_record
TN:
SF:src/controllers/song.controller.ts
FN:7,(anonymous_8)
FN:7,(anonymous_9)
FN:37,(anonymous_10)
FN:37,(anonymous_11)
FN:57,(anonymous_12)
FN:57,(anonymous_13)
FNF:6
FNH:0
FNDA:0,(anonymous_8)
FNDA:0,(anonymous_9)
FNDA:0,(anonymous_10)
FNDA:0,(anonymous_11)
FNDA:0,(anonymous_12)
FNDA:0,(anonymous_13)
DA:2,0
DA:7,0
DA:8,0
DA:9,0
DA:11,0
DA:12,0
DA:15,0
DA:17,0
DA:27,0
DA:29,0
DA:30,0
DA:37,0
DA:38,0
DA:39,0
DA:41,0
DA:43,0
DA:44,0
DA:47,0
DA:49,0
DA:50,0
DA:57,0
DA:58,0
DA:59,0
DA:61,0
DA:62,0
DA:65,0
DA:70,0
DA:72,0
DA:73,0
LF:29
LH:0
BRDA:11,0,0,0
BRDA:11,1,0,0
BRDA:11,1,1,0
BRDA:43,2,0,0
BRDA:61,3,0,0
BRDA:61,4,0,0
BRDA:61,4,1,0
BRDA:67,5,0,0
BRDA:67,5,1,0
BRDA:67,6,0,0
BRDA:67,6,1,0
BRDA:67,7,0,0
BRDA:67,7,1,0
BRF:13
BRH:0
end_of_record
TN:
SF:src/controllers/spotifyController.ts
FN:12,(anonymous_8)
FN:27,(anonymous_9)
FN:27,(anonymous_10)
FN:61,(anonymous_11)
FN:61,(anonymous_12)
FN:94,(anonymous_13)
FN:94,(anonymous_14)
FN:121,(anonymous_15)
FN:121,(anonymous_16)
FN:173,(anonymous_17)
FN:173,(anonymous_18)
FN:200,(anonymous_19)
FN:200,(anonymous_20)
FNF:13
FNH:0
FNDA:0,(anonymous_8)
FNDA:0,(anonymous_9)
FNDA:0,(anonymous_10)
FNDA:0,(anonymous_11)
FNDA:0,(anonymous_12)
FNDA:0,(anonymous_13)
FNDA:0,(anonymous_14)
FNDA:0,(anonymous_15)
FNDA:0,(anonymous_16)
FNDA:0,(anonymous_17)
FNDA:0,(anonymous_18)
FNDA:0,(anonymous_19)
FNDA:0,(anonymous_20)
DA:2,0
DA:3,0
DA:4,0
DA:7,0
DA:8,0
DA:9,0
DA:12,0
DA:13,0
DA:14,0
DA:15,0
DA:17,0
DA:18,0
DA:21,0
DA:25,0
DA:27,0
DA:28,0
DA:30,0
DA:31,0
DA:34,0
DA:35,0
DA:50,0
DA:52,0
DA:53,0
DA:61,0
DA:62,0
DA:64,0
DA:65,0
DA:68,0
DA:69,0
DA:83,0
DA:85,0
DA:86,0
DA:94,0
DA:95,0
DA:97,0
DA:98,0
DA:101,0
DA:102,0
DA:110,0
DA:112,0
DA:113,0
DA:121,0
DA:122,0
DA:124,0
DA:125,0
DA:129,0
DA:130,0
DA:131,0
DA:137,0
DA:139,0
DA:140,0
DA:148,0
DA:149,0
DA:151,0
DA:154,0
DA:155,0
DA:156,0
DA:157,0
DA:165,0
DA:173,0
DA:174,0
DA:176,0
DA:177,0
DA:180,0
DA:181,0
DA:189,0
DA:191,0
DA:192,0
DA:200,0
DA:201,0
DA:203,0
DA:204,0
DA:207,0
DA:208,0
DA:216,0
DA:218,0
DA:219,0
DA:227,0
LF:78
LH:0
BRDA:7,0,0,0
BRDA:7,0,1,0
BRDA:8,1,0,0
BRDA:8,1,1,0
BRDA:9,2,0,0
BRDA:9,2,1,0
BRDA:13,3,0,0
BRDA:13,4,0,0
BRDA:13,4,1,0
BRDA:14,5,0,0
BRDA:14,6,0,0
BRDA:14,6,1,0
BRDA:14,6,2,0
BRDA:14,6,3,0
BRDA:17,7,0,0
BRDA:17,8,0,0
BRDA:17,8,1,0
BRDA:30,9,0,0
BRDA:64,10,0,0
BRDA:97,11,0,0
BRDA:124,12,0,0
BRDA:129,13,0,0
BRDA:148,14,0,0
BRDA:148,14,1,0
BRDA:148,15,0,0
BRDA:148,15,1,0
BRDA:148,16,0,0
BRDA:148,16,1,0
BRDA:154,17,0,0
BRDA:154,18,0,0
BRDA:154,18,1,0
BRDA:154,18,2,0
BRDA:156,19,0,0
BRDA:176,20,0,0
BRDA:176,21,0,0
BRDA:176,21,1,0
BRDA:203,22,0,0
BRDA:203,23,0,0
BRDA:203,23,1,0
BRF:39
BRH:0
end_of_record
TN:
SF:src/controllers/theme-moderation.controller.ts
FN:12,(anonymous_8)
FN:12,(anonymous_9)
FN:34,(anonymous_10)
FN:34,(anonymous_11)
FN:75,(anonymous_12)
FN:75,(anonymous_13)
FN:120,(anonymous_14)
FN:120,(anonymous_15)
FN:213,(anonymous_16)
FN:213,(anonymous_17)
FNF:10
FNH:0
FNDA:0,(anonymous_8)
FNDA:0,(anonymous_9)
FNDA:0,(anonymous_10)
FNDA:0,(anonymous_11)
FNDA:0,(anonymous_12)
FNDA:0,(anonymous_13)
FNDA:0,(anonymous_14)
FNDA:0,(anonymous_15)
FNDA:0,(anonymous_16)
FNDA:0,(anonymous_17)
DA:2,0
DA:12,0
DA:13,0
DA:14,0
DA:22,0
DA:24,0
DA:26,0
DA:27,0
DA:34,0
DA:35,0
DA:36,0
DA:38,0
DA:39,0
DA:42,0
DA:53,0
DA:58,0
DA:59,0
DA:62,0
DA:67,0
DA:68,0
DA:75,0
DA:76,0
DA:77,0
DA:79,0
DA:80,0
DA:83,0
DA:84,0
DA:87,0
DA:98,0
DA:103,0
DA:104,0
DA:107,0
DA:112,0
DA:113,0
DA:120,0
DA:121,0
DA:122,0
DA:124,0
DA:125,0
DA:128,0
DA:129,0
DA:133,0
DA:135,0
DA:136,0
DA:139,0
DA:144,0
DA:146,0
DA:147,0
DA:148,0
DA:152,0
DA:158,0
DA:165,0
DA:174,0
DA:176,0
DA:177,0
DA:178,0
DA:182,0
DA:183,0
DA:192,0
DA:194,0
DA:199,0
DA:200,0
DA:202,0
DA:205,0
DA:206,0
DA:213,0
DA:214,0
DA:215,0
DA:234,0
DA:236,0
DA:238,0
DA:239,0
LF:72
LH:0
BRDA:38,0,0,0
BRDA:38,1,0,0
BRDA:38,1,1,0
BRDA:38,2,0,0
BRDA:38,2,1,0
BRDA:54,3,0,0
BRDA:54,3,1,0
BRDA:58,4,0,0
BRDA:79,5,0,0
BRDA:79,6,0,0
BRDA:79,6,1,0
BRDA:79,7,0,0
BRDA:79,7,1,0
BRDA:83,8,0,0
BRDA:103,9,0,0
BRDA:124,10,0,0
BRDA:124,11,0,0
BRDA:124,11,1,0
BRDA:124,12,0,0
BRDA:124,12,1,0
BRDA:128,13,0,0
BRDA:146,14,0,0
BRDA:176,15,0,0
BRDA:182,16,0,0
BRDA:182,17,0,0
BRDA:182,17,1,0
BRF:26
BRH:0
end_of_record
TN:
SF:src/controllers/theme.controller.ts
FN:11,(anonymous_8)
FN:11,(anonymous_9)
FN:27,(anonymous_10)
FN:27,(anonymous_11)
FN:47,(anonymous_12)
FN:47,(anonymous_13)
FN:67,(anonymous_14)
FN:67,(anonymous_15)
FN:90,(anonymous_16)
FN:90,(anonymous_17)
FN:146,(anonymous_18)
FN:146,(anonymous_19)
FN:227,(anonymous_20)
FN:227,(anonymous_21)
FN:261,(anonymous_22)
FN:261,(anonymous_23)
FN:341,updateUserThemeSettings
FN:420,(anonymous_26)
FN:420,(anonymous_27)
FNF:19
FNH:0
FNDA:0,(anonymous_8)
FNDA:0,(anonymous_9)
FNDA:0,(anonymous_10)
FNDA:0,(anonymous_11)
FNDA:0,(anonymous_12)
FNDA:0,(anonymous_13)
FNDA:0,(anonymous_14)
FNDA:0,(anonymous_15)
FNDA:0,(anonymous_16)
FNDA:0,(anonymous_17)
FNDA:0,(anonymous_18)
FNDA:0,(anonymous_19)
FNDA:0,(anonymous_20)
FNDA:0,(anonymous_21)
FNDA:0,(anonymous_22)
FNDA:0,(anonymous_23)
FNDA:0,updateUserThemeSettings
FNDA:0,(anonymous_26)
FNDA:0,(anonymous_27)
DA:2,0
DA:11,0
DA:12,0
DA:13,0
DA:17,0
DA:19,0
DA:20,0
DA:27,0
DA:28,0
DA:29,0
DA:31,0
DA:33,0
DA:34,0
DA:37,0
DA:39,0
DA:40,0
DA:47,0
DA:48,0
DA:49,0
DA:57,0
DA:59,0
DA:60,0
DA:67,0
DA:68,0
DA:69,0
DA:71,0
DA:72,0
DA:75,0
DA:80,0
DA:82,0
DA:83,0
DA:90,0
DA:91,0
DA:92,0
DA:94,0
DA:95,0
DA:98,0
DA:100,0
DA:101,0
DA:105,0
DA:106,0
DA:108,0
DA:126,0
DA:129,0
DA:136,0
DA:138,0
DA:139,0
DA:146,0
DA:147,0
DA:148,0
DA:149,0
DA:151,0
DA:152,0
DA:156,0
DA:161,0
DA:162,0
DA:165,0
DA:166,0
DA:169,0
DA:170,0
DA:171,0
DA:174,0
DA:176,0
DA:177,0
DA:178,0
DA:179,0
DA:182,0
DA:207,0
DA:210,0
DA:217,0
DA:219,0
DA:220,0
DA:227,0
DA:228,0
DA:229,0
DA:230,0
DA:232,0
DA:233,0
DA:237,0
DA:242,0
DA:243,0
DA:246,0
DA:251,0
DA:253,0
DA:254,0
DA:261,0
DA:262,0
DA:263,0
DA:265,0
DA:266,0
DA:269,0
DA:271,0
DA:272,0
DA:274,0
DA:275,0
DA:279,0
DA:280,0
DA:281,0
DA:285,0
DA:286,0
DA:288,0
DA:289,0
DA:290,0
DA:291,0
DA:292,0
DA:293,0
DA:295,0
DA:297,0
DA:298,0
DA:299,0
DA:300,0
DA:301,0
DA:303,0
DA:307,0
DA:308,0
DA:311,0
DA:315,0
DA:316,0
DA:317,0
DA:320,0
DA:323,0
DA:324,0
DA:325,0
DA:326,0
DA:329,0
DA:336,0
DA:342,0
DA:344,0
DA:349,0
DA:350,0
DA:352,0
DA:358,0
DA:359,0
DA:367,0
DA:370,0
DA:375,0
DA:376,0
DA:377,0
DA:380,0
DA:381,0
DA:383,0
DA:384,0
DA:387,0
DA:389,0
DA:390,0
DA:395,0
DA:398,0
DA:399,0
DA:400,0
DA:401,0
DA:402,0
DA:406,0
DA:412,0
DA:413,0
DA:420,0
DA:421,0
DA:422,0
DA:424,0
DA:425,0
DA:428,0
DA:431,0
DA:436,0
DA:438,0
DA:439,0
DA:441,0
DA:442,0
DA:443,0
DA:446,0
DA:447,0
DA:452,0
DA:453,0
DA:454,0
DA:457,0
DA:458,0
DA:463,0
DA:464,0
DA:465,0
DA:467,0
DA:470,0
DA:471,0
DA:477,0
DA:479,0
DA:487,0
DA:488,0
DA:489,0
DA:493,0
DA:494,0
DA:495,0
DA:498,0
DA:499,0
DA:505,0
DA:507,0
DA:511,0
DA:516,0
DA:517,0
DA:518,0
DA:519,0
DA:520,0
DA:523,0
DA:524,0
DA:527,0
DA:529,0
DA:530,0
LF:203
LH:0
BRDA:33,0,0,0
BRDA:69,1,0,0
BRDA:69,1,1,0
BRDA:69,2,0,0
BRDA:69,2,1,0
BRDA:71,3,0,0
BRDA:92,4,0,0
BRDA:92,4,1,0
BRDA:92,5,0,0
BRDA:92,5,1,0
BRDA:94,6,0,0
BRDA:100,7,0,0
BRDA:100,8,0,0
BRDA:100,8,1,0
BRDA:105,9,0,0
BRDA:105,9,1,0
BRDA:106,10,0,0
BRDA:106,10,1,0
BRDA:117,11,0,0
BRDA:117,11,1,0
BRDA:120,12,0,0
BRDA:120,12,1,0
BRDA:122,13,0,0
BRDA:122,13,1,0
BRDA:131,14,0,0
BRDA:131,14,1,0
BRDA:148,15,0,0
BRDA:148,15,1,0
BRDA:148,16,0,0
BRDA:148,16,1,0
BRDA:151,17,0,0
BRDA:161,18,0,0
BRDA:174,19,0,0
BRDA:174,19,1,0
BRDA:176,20,0,0
BRDA:176,21,0,0
BRDA:176,21,1,0
BRDA:176,21,2,0
BRDA:176,21,3,0
BRDA:212,22,0,0
BRDA:212,22,1,0
BRDA:229,23,0,0
BRDA:229,23,1,0
BRDA:229,24,0,0
BRDA:229,24,1,0
BRDA:232,25,0,0
BRDA:242,26,0,0
BRDA:263,27,0,0
BRDA:263,27,1,0
BRDA:263,28,0,0
BRDA:263,28,1,0
BRDA:265,29,0,0
BRDA:274,30,0,0
BRDA:280,31,0,0
BRDA:290,32,0,0
BRDA:290,32,1,0
BRDA:298,33,0,0
BRDA:298,33,1,0
BRDA:307,34,0,0
BRDA:315,35,0,0
BRDA:315,35,1,0
BRDA:323,36,0,0
BRDA:323,36,1,0
BRDA:323,37,0,0
BRDA:323,37,1,0
BRDA:325,38,0,0
BRDA:325,39,0,0
BRDA:325,39,1,0
BRDA:349,40,0,0
BRDA:349,40,1,0
BRDA:375,41,0,0
BRDA:383,42,0,0
BRDA:398,43,0,0
BRDA:399,44,0,0
BRDA:399,44,1,0
BRDA:399,45,0,0
BRDA:399,45,1,0
BRDA:401,46,0,0
BRDA:401,47,0,0
BRDA:401,47,1,0
BRDA:409,48,0,0
BRDA:409,48,1,0
BRDA:422,49,0,0
BRDA:422,49,1,0
BRDA:422,50,0,0
BRDA:422,50,1,0
BRDA:424,51,0,0
BRDA:441,52,0,0
BRDA:441,53,0,0
BRDA:441,53,1,0
BRDA:452,54,0,0
BRDA:452,54,1,0
BRDA:463,55,0,0
BRDA:463,55,1,0
BRDA:487,56,0,0
BRDA:493,57,0,0
BRDA:493,57,1,0
BRDA:516,58,0,0
BRDA:517,59,0,0
BRDA:517,59,1,0
BRDA:517,60,0,0
BRDA:517,60,1,0
BRDA:519,61,0,0
BRDA:519,62,0,0
BRDA:519,62,1,0
BRF:105
BRH:0
end_of_record
TN:
SF:src/controllers/user.controller.ts
FN:14,(anonymous_8)
FN:14,(anonymous_9)
FN:39,(anonymous_10)
FN:39,(anonymous_11)
FN:134,(anonymous_12)
FN:134,(anonymous_13)
FN:201,(anonymous_14)
FN:201,(anonymous_15)
FNF:8
FNH:4
FNDA:3,(anonymous_8)
FNDA:3,(anonymous_9)
FNDA:5,(anonymous_10)
FNDA:5,(anonymous_11)
FNDA:0,(anonymous_12)
FNDA:0,(anonymous_13)
FNDA:0,(anonymous_14)
FNDA:0,(anonymous_15)
DA:2,1
DA:4,1
DA:14,3
DA:15,3
DA:16,3
DA:18,3
DA:19,1
DA:23,2
DA:25,2
DA:26,1
DA:29,1
DA:31,0
DA:32,0
DA:39,5
DA:40,5
DA:41,5
DA:43,5
DA:44,1
DA:47,4
DA:50,4
DA:51,1
DA:55,3
DA:56,1
DA:59,2
DA:62,2
DA:63,2
DA:65,2
DA:66,0
DA:70,2
DA:71,1
DA:78,1
DA:79,1
DA:81,1
DA:82,0
DA:86,1
DA:87,1
DA:88,0
DA:93,1
DA:106,1
DA:107,1
DA:109,1
DA:112,1
DA:123,1
DA:124,1
DA:126,0
DA:127,0
DA:134,1
DA:135,0
DA:136,0
DA:138,0
DA:139,0
DA:142,0
DA:145,0
DA:146,0
DA:150,0
DA:152,0
DA:153,0
DA:156,0
DA:159,0
DA:161,0
DA:162,0
DA:166,0
DA:167,0
DA:171,0
DA:172,0
DA:173,0
DA:175,0
DA:176,0
DA:182,0
DA:183,0
DA:186,0
DA:191,0
DA:193,0
DA:194,0
DA:201,1
DA:202,0
DA:203,0
DA:205,0
DA:206,0
DA:209,0
DA:212,0
DA:213,0
DA:217,0
DA:219,0
DA:220,0
DA:223,0
DA:226,0
DA:228,0
DA:229,0
DA:233,0
DA:234,0
DA:235,0
DA:242,0
DA:244,0
DA:245,0
DA:248,0
DA:256,0
DA:258,0
DA:262,0
DA:270,0
DA:272,0
DA:276,0
DA:284,0
DA:286,0
DA:290,0
DA:298,0
DA:300,0
DA:304,0
DA:312,0
DA:314,0
DA:318,0
DA:326,0
DA:328,0
DA:332,0
DA:340,0
DA:342,0
DA:346,0
DA:354,0
DA:356,0
DA:360,0
DA:362,0
DA:364,0
DA:366,0
DA:367,0
DA:369,0
DA:372,0
DA:373,0
LF:127
LH:41
BRDA:16,0,0,1
BRDA:16,0,1,2
BRDA:16,1,0,3
BRDA:16,1,1,3
BRDA:18,2,0,1
BRDA:25,3,0,1
BRDA:41,4,0,1
BRDA:41,4,1,4
BRDA:41,5,0,5
BRDA:41,5,1,5
BRDA:43,6,0,1
BRDA:50,7,0,1
BRDA:50,8,0,4
BRDA:50,8,1,2
BRDA:55,9,0,1
BRDA:55,10,0,3
BRDA:55,10,1,3
BRDA:62,11,0,2
BRDA:65,12,0,0
BRDA:70,13,0,1
BRDA:78,14,0,1
BRDA:81,15,0,0
BRDA:87,16,0,0
BRDA:136,17,0,0
BRDA:136,17,1,0
BRDA:136,18,0,0
BRDA:136,18,1,0
BRDA:138,19,0,0
BRDA:145,20,0,0
BRDA:145,21,0,0
BRDA:145,21,1,0
BRDA:152,22,0,0
BRDA:161,23,0,0
BRDA:166,24,0,0
BRDA:175,25,0,0
BRDA:175,26,0,0
BRDA:175,26,1,0
BRDA:175,26,2,0
BRDA:203,27,0,0
BRDA:203,27,1,0
BRDA:203,28,0,0
BRDA:203,28,1,0
BRDA:205,29,0,0
BRDA:212,30,0,0
BRDA:219,31,0,0
BRDA:228,32,0,0
BRDA:233,33,0,0
BRDA:256,34,0,0
BRDA:270,35,0,0
BRDA:284,36,0,0
BRDA:298,37,0,0
BRDA:312,38,0,0
BRDA:326,39,0,0
BRDA:340,40,0,0
BRDA:354,41,0,0
BRF:55
BRH:20
end_of_record
TN:
SF:src/db/apply-schema.js
FN:22,applySchema
FNF:1
FNH:0
FNDA:0,applySchema
DA:1,0
DA:2,0
DA:3,0
DA:4,0
DA:7,0
DA:9,0
DA:10,0
DA:13,0
DA:16,0
DA:20,0
DA:23,0
DA:25,0
DA:26,0
DA:29,0
DA:30,0
DA:32,0
DA:33,0
DA:35,0
DA:36,0
DA:39,0
DA:44,0
LF:21
LH:0
BRDA:17,0,0,0
BRDA:17,0,1,0
BRF:2
BRH:0
end_of_record
TN:
SF:src/db/fix-songs.js
FN:22,applyFix
FNF:1
FNH:0
FNDA:0,applyFix
DA:1,0
DA:2,0
DA:3,0
DA:4,0
DA:7,0
DA:9,0
DA:10,0
DA:13,0
DA:16,0
DA:20,0
DA:23,0
DA:25,0
DA:26,0
DA:29,0
DA:30,0
DA:32,0
DA:33,0
DA:35,0
DA:36,0
DA:39,0
DA:44,0
LF:21
LH:0
BRDA:17,0,0,0
BRDA:17,0,1,0
BRF:2
BRH:0
end_of_record
TN:
SF:src/db/run-bio-migration.ts
FN:13,runBioMigration
FNF:1
FNH:0
FNDA:0,runBioMigration
DA:1,0
DA:2,0
DA:3,0
DA:4,0
DA:6,0
DA:9,0
DA:14,0
DA:15,0
DA:17,0
DA:23,0
DA:25,0
DA:28,0
DA:31,0
DA:33,0
DA:36,0
DA:37,0
DA:38,0
DA:41,0
DA:42,0
DA:47,0
LF:20
LH:0
BRF:0
BRH:0
end_of_record
TN:
SF:src/db/run-migration.ts
FN:13,runMigration
FNF:1
FNH:0
FNDA:0,runMigration
DA:1,0
DA:2,0
DA:3,0
DA:4,0
DA:6,0
DA:9,0
DA:14,0
DA:15,0
DA:17,0
DA:23,0
DA:25,0
DA:28,0
DA:31,0
DA:33,0
DA:36,0
DA:37,0
DA:38,0
DA:41,0
DA:42,0
DA:47,0
LF:20
LH:0
BRF:0
BRH:0
end_of_record
TN:
SF:src/db/run-theme-moderation-migration.ts
FN:6,runMigration
FN:34,(anonymous_10)
FN:35,(anonymous_11)
FNF:3
FNH:0
FNDA:0,runMigration
FNDA:0,(anonymous_10)
FNDA:0,(anonymous_11)
DA:1,0
DA:2,0
DA:4,0
DA:7,0
DA:9,0
DA:10,0
DA:13,0
DA:22,0
DA:23,0
DA:25,0
DA:26,0
DA:27,0
DA:29,0
DA:33,0
DA:34,0
DA:36,0
DA:37,0
LF:17
LH:0
BRF:0
BRH:0
end_of_record
TN:
SF:src/db/run-verification-migration.ts
FN:13,runVerificationMigration
FNF:1
FNH:0
FNDA:0,runVerificationMigration
DA:1,0
DA:2,0
DA:3,0
DA:4,0
DA:6,0
DA:9,0
DA:14,0
DA:15,0
DA:17,0
DA:23,0
DA:25,0
DA:28,0
DA:31,0
DA:33,0
DA:36,0
DA:37,0
DA:38,0
DA:41,0
DA:42,0
DA:47,0
LF:20
LH:0
BRF:0
BRH:0
end_of_record
TN:
SF:src/middleware/admin.middleware.ts
FN:12,(anonymous_8)
FN:12,(anonymous_9)
FNF:2
FNH:2
FNDA:5,(anonymous_8)
FNDA:5,(anonymous_9)
DA:2,1
DA:12,5
DA:13,5
DA:15,5
DA:16,1
DA:20,4
DA:22,3
DA:23,1
DA:26,2
DA:28,2
DA:29,1
DA:33,1
DA:35,1
DA:36,1
LF:14
LH:14
BRDA:15,0,0,1
BRDA:15,1,0,5
BRDA:15,1,1,4
BRDA:22,2,0,1
BRDA:28,3,0,1
BRF:5
BRH:5
end_of_record
TN:
SF:src/middleware/auth.middleware.ts
FN:13,(anonymous_1)
FN:14,(anonymous_2)
FN:32,(anonymous_3)
FN:33,(anonymous_4)
FNF:4
FNH:4
FNDA:3,(anonymous_1)
FNDA:3,(anonymous_2)
FNDA:3,(anonymous_3)
FNDA:3,(anonymous_4)
DA:2,1
DA:13,1
DA:14,3
DA:15,3
DA:16,1
DA:19,2
DA:20,1
DA:24,1
DA:25,1
DA:32,1
DA:33,3
DA:34,3
DA:35,1
DA:37,3
LF:14
LH:14
BRDA:15,0,0,1
BRDA:19,1,0,1
BRDA:34,2,0,1
BRF:3
BRH:3
end_of_record
TN:
SF:src/middleware/auth.ts
FN:5,(anonymous_1)
FN:37,(anonymous_2)
FNF:2
FNH:0
FNDA:0,(anonymous_1)
FNDA:0,(anonymous_2)
DA:2,0
DA:5,0
DA:6,0
DA:8,0
DA:10,0
DA:11,0
DA:15,0
DA:17,0
DA:18,0
DA:22,0
DA:25,0
DA:28,0
DA:30,0
DA:31,0
DA:37,0
DA:38,0
DA:39,0
LF:17
LH:0
BRDA:10,0,0,0
BRDA:17,1,0,0
BRDA:22,2,0,0
BRDA:22,2,1,0
BRF:4
BRH:0
end_of_record
TN:
SF:src/models/Playlist.ts
FN:11,(anonymous_8)
FN:11,(anonymous_9)
FN:24,(anonymous_10)
FN:24,(anonymous_11)
FN:35,(anonymous_12)
FN:35,(anonymous_13)
FN:46,(anonymous_14)
FN:46,(anonymous_15)
FN:59,(anonymous_16)
FN:59,(anonymous_17)
FNF:10
FNH:0
FNDA:0,(anonymous_8)
FNDA:0,(anonymous_9)
FNDA:0,(anonymous_10)
FNDA:0,(anonymous_11)
FNDA:0,(anonymous_12)
FNDA:0,(anonymous_13)
FNDA:0,(anonymous_14)
FNDA:0,(anonymous_15)
FNDA:0,(anonymous_16)
FNDA:0,(anonymous_17)
DA:1,0
DA:11,0
DA:12,0
DA:13,0
DA:14,0
DA:16,0
DA:17,0
DA:18,0
DA:20,0
DA:24,0
DA:25,0
DA:27,0
DA:28,0
DA:29,0
DA:31,0
DA:35,0
DA:36,0
DA:38,0
DA:39,0
DA:40,0
DA:42,0
DA:46,0
DA:47,0
DA:48,0
DA:49,0
DA:51,0
DA:52,0
DA:53,0
DA:55,0
DA:59,0
DA:60,0
DA:62,0
DA:63,0
DA:64,0
DA:66,0
DA:70,0
LF:36
LH:0
BRF:0
BRH:0
end_of_record
TN:
SF:src/models/PlaylistSong.ts
FN:9,(anonymous_8)
FN:9,(anonymous_9)
FN:31,(anonymous_10)
FN:31,(anonymous_11)
FN:42,(anonymous_12)
FN:42,(anonymous_13)
FN:53,(anonymous_14)
FN:53,(anonymous_15)
FNF:8
FNH:0
FNDA:0,(anonymous_8)
FNDA:0,(anonymous_9)
FNDA:0,(anonymous_10)
FNDA:0,(anonymous_11)
FNDA:0,(anonymous_12)
FNDA:0,(anonymous_13)
FNDA:0,(anonymous_14)
FNDA:0,(anonymous_15)
DA:1,0
DA:9,0
DA:10,0
DA:13,0
DA:14,0
DA:15,0
DA:16,0
DA:17,0
DA:20,0
DA:21,0
DA:23,0
DA:24,0
DA:25,0
DA:27,0
DA:31,0
DA:32,0
DA:34,0
DA:35,0
DA:36,0
DA:38,0
DA:42,0
DA:43,0
DA:45,0
DA:46,0
DA:47,0
DA:49,0
DA:53,0
DA:54,0
DA:56,0
DA:57,0
DA:58,0
DA:60,0
DA:64,0
LF:33
LH:0
BRDA:14,0,0,0
BRDA:17,1,0,0
BRDA:17,1,1,0
BRDA:17,2,0,0
BRDA:17,2,1,0
BRDA:17,3,0,0
BRDA:17,3,1,0
BRF:7
BRH:0
end_of_record
TN:
SF:src/models/Song.ts
FN:12,(anonymous_8)
FN:12,(anonymous_9)
FN:25,(anonymous_10)
FN:25,(anonymous_11)
FN:36,(anonymous_12)
FN:36,(anonymous_13)
FN:54,(anonymous_14)
FN:54,(anonymous_15)
FNF:8
FNH:0
FNDA:0,(anonymous_8)
FNDA:0,(anonymous_9)
FNDA:0,(anonymous_10)
FNDA:0,(anonymous_11)
FNDA:0,(anonymous_12)
FNDA:0,(anonymous_13)
FNDA:0,(anonymous_14)
FNDA:0,(anonymous_15)
DA:1,0
DA:12,0
DA:13,0
DA:14,0
DA:15,0
DA:17,0
DA:18,0
DA:19,0
DA:21,0
DA:25,0
DA:26,0
DA:28,0
DA:29,0
DA:30,0
DA:32,0
DA:36,0
DA:37,0
DA:44,0
DA:46,0
DA:47,0
DA:48,0
DA:50,0
DA:54,0
DA:55,0
DA:62,0
DA:63,0
DA:64,0
DA:66,0
DA:70,0
LF:29
LH:0
BRF:0
BRH:0
end_of_record
TN:
SF:src/models/User.ts
FN:11,(anonymous_8)
FN:11,(anonymous_9)
FN:24,(anonymous_10)
FN:24,(anonymous_11)
FN:35,(anonymous_12)
FN:35,(anonymous_13)
FN:46,(anonymous_14)
FN:46,(anonymous_15)
FNF:8
FNH:0
FNDA:0,(anonymous_8)
FNDA:0,(anonymous_9)
FNDA:0,(anonymous_10)
FNDA:0,(anonymous_11)
FNDA:0,(anonymous_12)
FNDA:0,(anonymous_13)
FNDA:0,(anonymous_14)
FNDA:0,(anonymous_15)
DA:1,0
DA:11,0
DA:12,0
DA:13,0
DA:14,0
DA:16,0
DA:17,0
DA:18,0
DA:20,0
DA:24,0
DA:25,0
DA:27,0
DA:28,0
DA:29,0
DA:31,0
DA:35,0
DA:36,0
DA:38,0
DA:39,0
DA:40,0
DA:42,0
DA:46,0
DA:47,0
DA:49,0
DA:50,0
DA:51,0
DA:53,0
DA:57,0
LF:28
LH:0
BRF:0
BRH:0
end_of_record
TN:
SF:src/routes/auth.routes.ts
FN:67,(anonymous_17)
FN:67,(anonymous_18)
FN:95,(anonymous_19)
FN:95,(anonymous_20)
FN:128,(anonymous_21)
FN:128,(anonymous_22)
FNF:6
FNH:0
FNDA:0,(anonymous_17)
FNDA:0,(anonymous_18)
FNDA:0,(anonymous_19)
FNDA:0,(anonymous_20)
FNDA:0,(anonymous_21)
FNDA:0,(anonymous_22)
DA:1,0
DA:2,0
DA:3,0
DA:4,0
DA:5,0
DA:9,0
DA:16,0
DA:23,0
DA:30,0
DA:37,0
DA:44,0
DA:51,0
DA:58,0
DA:65,0
DA:67,0
DA:68,0
DA:69,0
DA:70,0
DA:72,0
DA:73,0
DA:74,0
DA:76,0
DA:86,0
DA:93,0
DA:95,0
DA:96,0
DA:97,0
DA:98,0
DA:100,0
DA:101,0
DA:102,0
DA:104,0
DA:114,0
DA:121,0
DA:124,0
DA:126,0
DA:128,0
DA:129,0
DA:130,0
DA:131,0
DA:133,0
DA:134,0
DA:135,0
DA:137,0
DA:142,0
LF:45
LH:0
BRDA:69,0,0,0
BRDA:97,1,0,0
BRDA:130,2,0,0
BRF:3
BRH:0
end_of_record
TN:
SF:src/routes/index.ts
FNF:0
FNH:0
DA:1,0
DA:2,0
DA:3,0
DA:4,0
DA:5,0
DA:6,0
DA:7,0
DA:8,0
DA:9,0
DA:10,0
DA:12,0
DA:15,0
DA:16,0
DA:17,0
DA:18,0
DA:19,0
DA:20,0
DA:21,0
DA:22,0
DA:23,0
DA:25,0
LF:21
LH:0
BRF:0
BRH:0
end_of_record
TN:
SF:src/routes/moderation.routes.ts
FNF:0
FNH:0
DA:1,0
DA:2,0
DA:3,0
DA:4,0
DA:12,0
DA:17,0
DA:20,0
DA:21,0
DA:22,0
DA:23,0
DA:25,0
LF:11
LH:0
BRF:0
BRH:0
end_of_record
TN:
SF:src/routes/playlist.routes.ts
FNF:0
FNH:0
DA:1,0
DA:2,0
DA:3,0
DA:5,0
DA:12,0
DA:19,0
DA:26,0
DA:33,0
DA:40,0
DA:47,0
DA:54,0
DA:61,0
DA:63,0
LF:13
LH:0
BRF:0
BRH:0
end_of_record
TN:
SF:src/routes/pomodoro.routes.ts
FN:18,(anonymous_8)
FN:18,(anonymous_9)
FN:64,(anonymous_10)
FN:64,(anonymous_11)
FN:90,(anonymous_12)
FN:90,(anonymous_13)
FN:136,(anonymous_14)
FN:136,(anonymous_15)
FN:172,(anonymous_16)
FN:172,(anonymous_17)
FN:333,(anonymous_18)
FN:336,(anonymous_19)
FN:350,(anonymous_20)
FN:351,(anonymous_21)
FN:406,(anonymous_22)
FN:406,(anonymous_23)
FN:422,(anonymous_24)
FN:441,(anonymous_25)
FN:441,(anonymous_26)
FN:494,(anonymous_27)
FN:494,(anonymous_28)
FN:545,(anonymous_29)
FN:545,(anonymous_30)
FNF:23
FNH:0
FNDA:0,(anonymous_8)
FNDA:0,(anonymous_9)
FNDA:0,(anonymous_10)
FNDA:0,(anonymous_11)
FNDA:0,(anonymous_12)
FNDA:0,(anonymous_13)
FNDA:0,(anonymous_14)
FNDA:0,(anonymous_15)
FNDA:0,(anonymous_16)
FNDA:0,(anonymous_17)
FNDA:0,(anonymous_18)
FNDA:0,(anonymous_19)
FNDA:0,(anonymous_20)
FNDA:0,(anonymous_21)
FNDA:0,(anonymous_22)
FNDA:0,(anonymous_23)
FNDA:0,(anonymous_24)
FNDA:0,(anonymous_25)
FNDA:0,(anonymous_26)
FNDA:0,(anonymous_27)
FNDA:0,(anonymous_28)
FNDA:0,(anonymous_29)
FNDA:0,(anonymous_30)
DA:1,0
DA:2,0
DA:3,0
DA:6,0
DA:18,0
DA:19,0
DA:20,0
DA:21,0
DA:23,0
DA:24,0
DA:27,0
DA:30,0
DA:40,0
DA:44,0
DA:46,0
DA:51,0
DA:52,0
DA:54,0
DA:55,0
DA:64,0
DA:65,0
DA:66,0
DA:67,0
DA:69,0
DA:70,0
DA:73,0
DA:78,0
DA:80,0
DA:81,0
DA:90,0
DA:91,0
DA:92,0
DA:93,0
DA:95,0
DA:96,0
DA:99,0
DA:100,0
DA:103,0
DA:108,0
DA:109,0
DA:113,0
DA:124,0
DA:126,0
DA:127,0
DA:136,0
DA:137,0
DA:138,0
DA:139,0
DA:141,0
DA:142,0
DA:145,0
DA:148,0
DA:153,0
DA:154,0
DA:158,0
DA:160,0
DA:162,0
DA:163,0
DA:172,0
DA:173,0
DA:174,0
DA:175,0
DA:177,0
DA:178,0
DA:182,0
DA:188,0
DA:194,0
DA:200,0
DA:212,0
DA:224,0
DA:236,0
DA:243,0
DA:255,0
DA:266,0
DA:289,0
DA:321,0
DA:333,0
DA:334,0
DA:336,0
DA:338,0
DA:340,0
DA:346,0
DA:350,0
DA:351,0
DA:359,0
DA:360,0
DA:361,0
DA:364,0
DA:367,0
DA:368,0
DA:369,0
DA:373,0
DA:396,0
DA:397,0
DA:406,0
DA:407,0
DA:408,0
DA:409,0
DA:411,0
DA:412,0
DA:416,0
DA:422,0
DA:429,0
DA:431,0
DA:432,0
DA:441,0
DA:442,0
DA:443,0
DA:444,0
DA:446,0
DA:447,0
DA:450,0
DA:452,0
DA:453,0
DA:457,0
DA:459,0
DA:460,0
DA:463,0
DA:466,0
DA:467,0
DA:468,0
DA:474,0
DA:476,0
DA:478,0
DA:479,0
DA:481,0
DA:484,0
DA:485,0
DA:494,0
DA:495,0
DA:496,0
DA:497,0
DA:499,0
DA:500,0
DA:503,0
DA:504,0
DA:507,0
DA:512,0
DA:513,0
DA:517,0
DA:528,0
DA:535,0
DA:536,0
DA:545,0
DA:546,0
DA:547,0
DA:548,0
DA:550,0
DA:551,0
DA:554,0
DA:557,0
DA:562,0
DA:563,0
DA:567,0
DA:570,0
DA:582,0
DA:584,0
DA:585,0
DA:589,0
LF:159
LH:0
BRDA:21,0,0,0
BRDA:21,0,1,0
BRDA:21,1,0,0
BRDA:21,1,1,0
BRDA:23,2,0,0
BRDA:35,3,0,0
BRDA:35,3,1,0
BRDA:40,4,0,0
BRDA:40,4,1,0
BRDA:40,5,0,0
BRDA:40,5,1,0
BRDA:40,5,2,0
BRDA:48,6,0,0
BRDA:48,6,1,0
BRDA:67,7,0,0
BRDA:67,7,1,0
BRDA:67,8,0,0
BRDA:67,8,1,0
BRDA:69,9,0,0
BRDA:93,10,0,0
BRDA:93,10,1,0
BRDA:93,11,0,0
BRDA:93,11,1,0
BRDA:95,12,0,0
BRDA:108,13,0,0
BRDA:116,14,0,0
BRDA:116,14,1,0
BRDA:117,15,0,0
BRDA:117,15,1,0
BRDA:118,16,0,0
BRDA:118,16,1,0
BRDA:139,17,0,0
BRDA:139,17,1,0
BRDA:139,18,0,0
BRDA:139,18,1,0
BRDA:141,19,0,0
BRDA:153,20,0,0
BRDA:175,21,0,0
BRDA:175,21,1,0
BRDA:175,22,0,0
BRDA:175,22,1,0
BRDA:177,23,0,0
BRDA:342,24,0,0
BRDA:342,24,1,0
BRDA:354,25,0,0
BRDA:354,25,1,0
BRDA:364,26,0,0
BRDA:364,26,1,0
BRDA:367,27,0,0
BRDA:367,27,1,0
BRDA:368,28,0,0
BRDA:368,28,1,0
BRDA:369,29,0,0
BRDA:369,29,1,0
BRDA:371,30,0,0
BRDA:371,30,1,0
BRDA:376,31,0,0
BRDA:376,31,1,0
BRDA:381,32,0,0
BRDA:381,32,1,0
BRDA:381,33,0,0
BRDA:381,33,1,0
BRDA:381,34,0,0
BRDA:381,34,1,0
BRDA:382,35,0,0
BRDA:382,35,1,0
BRDA:384,36,0,0
BRDA:384,36,1,0
BRDA:386,37,0,0
BRDA:386,37,1,0
BRDA:386,38,0,0
BRDA:386,38,1,0
BRDA:386,39,0,0
BRDA:386,39,1,0
BRDA:409,40,0,0
BRDA:409,40,1,0
BRDA:409,41,0,0
BRDA:409,41,1,0
BRDA:411,42,0,0
BRDA:444,43,0,0
BRDA:444,43,1,0
BRDA:444,44,0,0
BRDA:444,44,1,0
BRDA:446,45,0,0
BRDA:452,46,0,0
BRDA:452,47,0,0
BRDA:452,47,1,0
BRDA:470,48,0,0
BRDA:470,48,1,0
BRDA:497,49,0,0
BRDA:497,49,1,0
BRDA:497,50,0,0
BRDA:497,50,1,0
BRDA:499,51,0,0
BRDA:512,52,0,0
BRDA:520,53,0,0
BRDA:520,53,1,0
BRDA:521,54,0,0
BRDA:521,54,1,0
BRDA:522,55,0,0
BRDA:522,55,1,0
BRDA:548,56,0,0
BRDA:548,56,1,0
BRDA:548,57,0,0
BRDA:548,57,1,0
BRDA:550,58,0,0
BRDA:562,59,0,0
BRF:107
BRH:0
end_of_record
TN:
SF:src/routes/settings.routes.ts
FNF:0
FNH:0
DA:1,0
DA:2,0
DA:3,0
DA:5,0
DA:12,0
DA:19,0
DA:21,0
LF:7
LH:0
BRF:0
BRH:0
end_of_record
TN:
SF:src/routes/song.routes.ts
FNF:0
FNH:0
DA:1,0
DA:2,0
DA:3,0
DA:5,0
DA:12,0
DA:19,0
DA:26,0
DA:28,0
LF:8
LH:0
BRF:0
BRH:0
end_of_record
TN:
SF:src/routes/spotifyRoutes.ts
FNF:0
FNH:0
DA:1,0
DA:2,0
DA:3,0
DA:5,0
DA:8,0
DA:9,0
DA:12,0
DA:13,0
DA:14,0
DA:15,0
DA:17,0
LF:11
LH:0
BRF:0
BRH:0
end_of_record
TN:
SF:src/routes/theme.routes.ts
FNF:0
FNH:0
DA:1,0
DA:2,0
DA:3,0
DA:5,0
DA:12,0
DA:19,0
DA:26,0
DA:33,0
DA:40,0
DA:47,0
DA:54,0
DA:61,0
DA:68,0
DA:70,0
LF:14
LH:0
BRF:0
BRH:0
end_of_record
TN:
SF:src/routes/user.routes.ts
FNF:0
FNH:0
DA:1,0
DA:2,0
DA:3,0
DA:13,0
DA:20,0
DA:27,0
DA:34,0
DA:41,0
DA:43,0
LF:9
LH:0
BRF:0
BRH:0
end_of_record
TN:
SF:src/services/auth.service.ts
FN:20,(anonymous_8)
FN:20,(anonymous_9)
FN:56,(anonymous_10)
FN:56,(anonymous_11)
FN:101,(anonymous_12)
FN:101,(anonymous_13)
FNF:6
FNH:0
FNDA:0,(anonymous_8)
FNDA:0,(anonymous_9)
FNDA:0,(anonymous_10)
FNDA:0,(anonymous_11)
FNDA:0,(anonymous_12)
FNDA:0,(anonymous_13)
DA:1,0
DA:2,0
DA:3,0
DA:20,0
DA:21,0
DA:23,0
DA:25,0
DA:26,0
DA:30,0
DA:31,0
DA:34,0
DA:41,0
DA:48,0
DA:49,0
DA:56,0
DA:57,0
DA:59,0
DA:61,0
DA:62,0
DA:66,0
DA:68,0
DA:69,0
DA:73,0
DA:79,0
DA:93,0
DA:94,0
DA:101,0
DA:102,0
DA:103,0
DA:108,0
DA:109,0
DA:112,0
DA:114,0
DA:115,0
LF:34
LH:0
BRDA:25,0,0,0
BRDA:61,1,0,0
BRDA:68,2,0,0
BRDA:75,3,0,0
BRDA:75,3,1,0
BRDA:108,4,0,0
BRF:6
BRH:0
end_of_record
TN:
SF:src/services/email.service.ts
FN:18,(anonymous_8)
FN:18,(anonymous_9)
FN:59,(anonymous_10)
FN:59,(anonymous_11)
FNF:4
FNH:2
FNDA:1,(anonymous_8)
FNDA:1,(anonymous_9)
FNDA:0,(anonymous_10)
FNDA:0,(anonymous_11)
DA:1,1
DA:2,1
DA:4,1
DA:7,1
DA:16,1
DA:18,1
DA:19,1
DA:21,1
DA:22,0
DA:23,0
DA:24,0
DA:25,0
DA:26,0
DA:29,1
DA:51,1
DA:52,1
DA:54,0
DA:55,0
DA:59,1
DA:60,0
DA:62,0
DA:63,0
DA:64,0
DA:65,0
DA:66,0
DA:67,0
DA:70,0
DA:92,0
DA:93,0
DA:95,0
DA:96,0
LF:31
LH:12
BRDA:16,0,0,1
BRDA:16,0,1,1
BRDA:21,1,0,0
BRDA:62,2,0,0
BRF:4
BRH:2
end_of_record
TN:
SF:src/services/theme.service.ts
FN:6,(anonymous_7)
FN:6,(anonymous_8)
FN:50,(anonymous_9)
FN:50,(anonymous_10)
FNF:4
FNH:0
FNDA:0,(anonymous_7)
FNDA:0,(anonymous_8)
FNDA:0,(anonymous_9)
FNDA:0,(anonymous_10)
DA:1,0
DA:6,0
DA:7,0
DA:9,0
DA:11,0
DA:12,0
DA:19,0
DA:21,0
DA:23,0
DA:28,0
DA:34,0
DA:39,0
DA:40,0
DA:50,0
DA:51,0
DA:53,0
DA:59,0
DA:60,0
DA:64,0
DA:65,0
DA:67,0
DA:68,0
LF:22
LH:0
BRDA:11,0,0,0
BRDA:21,1,0,0
BRDA:21,1,1,0
BRDA:59,2,0,0
BRF:4
BRH:0
end_of_record
TN:
SF:src/types/express.d.ts
FNF:0
FNH:0
LF:0
LH:0
BRF:0
BRH:0
end_of_record
TN:
SF:src/utils/db.utils.ts
FN:9,(anonymous_8)
FN:9,(anonymous_9)
FN:24,(anonymous_10)
FN:24,(anonymous_11)
FNF:4
FNH:4
FNDA:2,(anonymous_8)
FNDA:2,(anonymous_9)
FNDA:2,(anonymous_10)
FNDA:2,(anonymous_11)
DA:1,1
DA:9,2
DA:10,2
DA:11,2
DA:12,1
DA:14,1
DA:15,1
DA:24,2
DA:25,2
DA:27,2
DA:28,2
DA:29,2
DA:30,1
DA:31,1
DA:33,1
DA:34,1
DA:35,1
DA:37,2
DA:41,1
LF:19
LH:19
BRF:0
BRH:0
end_of_record
TN:
SF:src/utils/errorHandler.ts
FN:11,(anonymous_7)
FN:12,(anonymous_8)
FN:12,(anonymous_9)
FN:23,(anonymous_10)
FNF:4
FNH:4
FNDA:2,(anonymous_7)
FNDA:2,(anonymous_8)
FNDA:2,(anonymous_9)
FNDA:4,(anonymous_10)
DA:11,1
DA:12,2
DA:13,2
DA:14,2
DA:16,1
DA:17,1
DA:23,1
DA:29,4
DA:31,4
DA:32,4
DA:34,4
LF:11
LH:11
BRDA:31,0,0,4
BRDA:31,0,1,3
BRDA:32,1,0,4
BRDA:32,1,1,1
BRDA:36,2,0,4
BRDA:36,2,1,4
BRF:6
BRH:6
end_of_record
TN:
SF:src/utils/jwt.ts
FN:15,(anonymous_1)
FN:30,(anonymous_2)
FNF:2
FNH:2
FNDA:1,(anonymous_1)
FNDA:2,(anonymous_2)
DA:1,1
DA:2,1
DA:5,1
DA:7,1
DA:8,1
DA:15,1
DA:16,1
DA:22,1
DA:30,1
DA:31,2
DA:32,2
DA:34,1
LF:12
LH:12
BRDA:7,0,0,1
BRDA:7,0,1,0
BRF:2
BRH:1
end_of_record
TN:
SF:src/utils/sanitization.ts
FN:10,(anonymous_0)
FN:29,(anonymous_1)
FN:45,(anonymous_2)
FN:56,(anonymous_3)
FN:73,(anonymous_4)
FN:93,(anonymous_5)
FNF:6
FNH:6
FNDA:20,(anonymous_0)
FNDA:8,(anonymous_1)
FNDA:7,(anonymous_2)
FNDA:3,(anonymous_3)
FNDA:2,(anonymous_4)
FNDA:8,(anonymous_5)
DA:10,1
DA:11,20
DA:14,16
DA:29,1
DA:30,8
DA:33,5
DA:45,1
DA:46,7
DA:48,5
DA:50,5
DA:51,8
DA:52,4
DA:53,4
DA:54,2
DA:55,2
DA:56,1
DA:57,3
DA:61,1
DA:65,5
DA:73,1
DA:74,2
DA:76,2
DA:78,6
DA:81,4
DA:82,4
DA:85,2
DA:93,1
DA:94,8
DA:97,5
DA:98,5
DA:101,3
DA:104,1
LF:32
LH:32
BRDA:11,0,0,4
BRDA:30,1,0,3
BRDA:46,2,0,2
BRDA:51,3,0,4
BRDA:51,3,1,4
BRDA:53,4,0,2
BRDA:53,4,1,2
BRDA:53,5,0,4
BRDA:53,5,1,4
BRDA:53,5,2,3
BRDA:55,6,0,1
BRDA:55,6,1,1
BRDA:57,7,0,3
BRDA:57,7,1,0
BRDA:58,8,0,0
BRDA:58,8,1,0
BRDA:78,9,0,2
BRDA:78,10,0,6
BRDA:78,10,1,5
BRDA:81,11,0,3
BRDA:81,11,1,1
BRDA:94,12,0,3
BRDA:98,13,0,2
BRF:23
BRH:20
end_of_record
TN:
SF:src/utils/validation.ts
FN:10,(anonymous_0)
FN:39,(anonymous_1)
FN:65,(anonymous_2)
FNF:3
FNH:3
FNDA:6,(anonymous_0)
FNDA:5,(anonymous_1)
FNDA:5,(anonymous_2)
DA:10,1
DA:12,6
DA:13,2
DA:20,4
DA:21,4
DA:22,4
DA:24,4
DA:25,3
DA:31,1
DA:39,1
DA:41,5
DA:42,1
DA:49,4
DA:50,4
DA:51,3
DA:57,1
DA:65,1
DA:67,5
DA:68,1
DA:75,4
DA:76,4
DA:77,3
DA:83,1
LF:23
LH:23
BRDA:12,0,0,2
BRDA:12,1,0,6
BRDA:12,1,1,5
BRDA:24,2,0,3
BRDA:24,3,0,4
BRDA:24,3,1,3
BRDA:24,3,2,2
BRDA:41,4,0,1
BRDA:50,5,0,3
BRDA:67,6,0,1
BRDA:76,7,0,3
BRF:11
BRH:11
end_of_record
